Mono path[0] = 'C:/Program Files (x86)/Steam/steamapps/common/RimWorld/RimWorldWin64_Data/Managed'
Mono config path = 'C:/Program Files (x86)/Steam/steamapps/common/RimWorld/MonoBleedingEdge/etc'
Initialize engine version: 2019.4.30f1 (e8c891080a1f)
[Subsystems] Discovering subsystems at path C:/Program Files (x86)/Steam/steamapps/common/RimWorld/RimWorldWin64_Data/UnitySubsystems
GfxDevice: creating device client; threaded=1
Direct3D:
    Version:  Direct3D 11.0 [level 11.1]
    Renderer: NVIDIA GeForce GTX 1050 Ti
    Vendor:   
    VRAM:     4019 MB
    Driver:   31.0.15.1694
Begin MonoManager ReloadAssembly
- Completed reload, in  0.455 seconds
<RI> Initializing input.

<RI> Input initialized.

<RI> Initialized touch support.

UnloadTime: 1.552500 ms
RimWorld 1.3.3389 rev40
Parsed 2287142613 as int. 
(Filename: C:\buildslave\unity\build\Runtime/Export/Debug/Debug.bindings.h Line: 39)

Parsed 2287142613 as int. 
(Filename: C:\buildslave\unity\build\Runtime/Export/Debug/Debug.bindings.h Line: 39)

Fallback handler could not load library C:/Program Files (x86)/Steam/steamapps/common/RimWorld/RimWorldWin64_Data/Mono/data-0000021BB2C3A180.dll
Fallback handler could not load library C:/Program Files (x86)/Steam/steamapps/common/RimWorld/RimWorldWin64_Data/Mono/data-0000021B6A029670.dll
Fallback handler could not load library C:/Program Files (x86)/Steam/steamapps/common/RimWorld/RimWorldWin64_Data/Mono/data-0000021BB2B4A080.dll
Fallback handler could not load library C:/Program Files (x86)/Steam/steamapps/common/RimWorld/RimWorldWin64_Data/Mono/data-0000021BB29740D0.dll
Fallback handler could not load library C:/Program Files (x86)/Steam/steamapps/common/RimWorld/RimWorldWin64_Data/Mono/data-0000021BB2A403A0.dll
Fallback handler could not load library C:/Program Files (x86)/Steam/steamapps/common/RimWorld/RimWorldWin64_Data/Mono/data-0000021BB27CC260.dll
Fallback handler could not load library C:/Program Files (x86)/Steam/steamapps/common/RimWorld/RimWorldWin64_Data/Mono/data-0000021BB1AAF050.dll
Fallback handler could not load library C:/Program Files (x86)/Steam/steamapps/common/RimWorld/RimWorldWin64_Data/Mono/data-0000021BB0FF2030.dll
Fallback handler could not load library C:/Program Files (x86)/Steam/steamapps/common/RimWorld/RimWorldWin64_Data/Mono/data-0000021BB2A743B0.dll
Fallback handler could not load library C:/Program Files (x86)/Steam/steamapps/common/RimWorld/RimWorldWin64_Data/Mono/data-0000021BB1598020.dll
Fallback handler could not load library C:/Program Files (x86)/Steam/steamapps/common/RimWorld/RimWorldWin64_Data/Mono/data-0000021B61C44810.dll
Fallback handler could not load library C:/Program Files (x86)/Steam/steamapps/common/RimWorld/RimWorldWin64_Data/Mono/data-0000021B8DCA5EC0.dll
Fallback handler could not load library C:/Program Files (x86)/Steam/steamapps/common/RimWorld/RimWorldWin64_Data/Mono/data-0000021BB2A7CBC0.dll
Fallback handler could not load library C:/Program Files (x86)/Steam/steamapps/common/RimWorld/RimWorldWin64_Data/Mono/data-0000021BB1735300.dll
Fallback handler could not load library C:/Program Files (x86)/Steam/steamapps/common/RimWorld/RimWorldWin64_Data/Mono/data-0000021BB186CB40.dll
Fallback handler could not load library C:/Program Files (x86)/Steam/steamapps/common/RimWorld/RimWorldWin64_Data/Mono/data-0000021BB2EF7420.dll
Fallback handler could not load library C:/Program Files (x86)/Steam/steamapps/common/RimWorld/RimWorldWin64_Data/Mono/data-0000021BB2BC2120.dll
Fallback handler could not load library C:/Program Files (x86)/Steam/steamapps/common/RimWorld/RimWorldWin64_Data/Mono/data-0000021B6A951190.dll
Fallback handler could not load library C:/Program Files (x86)/Steam/steamapps/common/RimWorld/RimWorldWin64_Data/Mono/data-0000021BB0BE22C0.dll
Fallback handler could not load library C:/Program Files (x86)/Steam/steamapps/common/RimWorld/RimWorldWin64_Data/Mono/data-0000021BB18E9450.dll
Fallback handler could not load library C:/Program Files (x86)/Steam/steamapps/common/RimWorld/RimWorldWin64_Data/Mono/data-0000021BB27940A0.dll
Fallback handler could not load library C:/Program Files (x86)/Steam/steamapps/common/RimWorld/RimWorldWin64_Data/Mono/data-0000021BB14ABB40.dll
Fallback handler could not load library C:/Program Files (x86)/Steam/steamapps/common/RimWorld/RimWorldWin64_Data/Mono/data-0000021BB16A1270.dll
Fallback handler could not load library C:/Program Files (x86)/Steam/steamapps/common/RimWorld/RimWorldWin64_Data/Mono/data-0000021B8DEBE040.dll
Fallback handler could not load library C:/Program Files (x86)/Steam/steamapps/common/RimWorld/RimWorldWin64_Data/Mono/data-0000021BB0E660D0.dll
Fallback handler could not load library C:/Program Files (x86)/Steam/steamapps/common/RimWorld/RimWorldWin64_Data/Mono/data-0000021BB177D2D0.dll
Fallback handler could not load library C:/Program Files (x86)/Steam/steamapps/common/RimWorld/RimWorldWin64_Data/Mono/data-0000021BB27AACB0.dll
Fallback handler could not load library C:/Program Files (x86)/Steam/steamapps/common/RimWorld/RimWorldWin64_Data/Mono/data-0000021BB2F23E40.dll
Fallback handler could not load library C:/Program Files (x86)/Steam/steamapps/common/RimWorld/RimWorldWin64_Data/Mono/data-0000021B8E707150.dll
Fallback handler could not load library C:/Program Files (x86)/Steam/steamapps/common/RimWorld/RimWorldWin64_Data/Mono/data-0000021BB1921500.dll
Fallback handler could not load library C:/Program Files (x86)/Steam/steamapps/common/RimWorld/RimWorldWin64_Data/Mono/data-0000021BB19FB320.dll
Fallback handler could not load library C:/Program Files (x86)/Steam/steamapps/common/RimWorld/RimWorldWin64_Data/Mono/data-0000021BB17FD570.dll
Fallback handler could not load library C:/Program Files (x86)/Steam/steamapps/common/RimWorld/RimWorldWin64_Data/Mono/data-0000021BB16FD260.dll
Fallback handler could not load library C:/Program Files (x86)/Steam/steamapps/common/RimWorld/RimWorldWin64_Data/Mono/data-0000021BB1100020.dll
Fallback handler could not load library C:/Program Files (x86)/Steam/steamapps/common/RimWorld/RimWorldWin64_Data/Mono/data-0000021B8DDD8020.dll
Fallback handler could not load library C:/Program Files (x86)/Steam/steamapps/common/RimWorld/RimWorldWin64_Data/Mono/data-0000021BB2BF2140.dll
Fallback handler could not load library C:/Program Files (x86)/Steam/steamapps/common/RimWorld/RimWorldWin64_Data/Mono/data-0000021BB2856010.dll
Fallback handler could not load library C:/Program Files (x86)/Steam/steamapps/common/RimWorld/RimWorldWin64_Data/Mono/data-0000021BB30A5C70.dll
Fallback handler could not load library C:/Program Files (x86)/Steam/steamapps/common/RimWorld/RimWorldWin64_Data/Mono/data-0000021BB30D6490.dll
Fallback handler could not load library C:/Program Files (x86)/Steam/steamapps/common/RimWorld/RimWorldWin64_Data/Mono/data-0000021BB30E14A0.dll
Fallback handler could not load library C:/Program Files (x86)/Steam/steamapps/common/RimWorld/RimWorldWin64_Data/Mono/data-0000021B61BB36E0.dll
Fallback handler could not load library C:/Program Files (x86)/Steam/steamapps/common/RimWorld/RimWorldWin64_Data/Mono/data-0000021BB2BDC130.dll
Fallback handler could not load library C:/Program Files (x86)/Steam/steamapps/common/RimWorld/RimWorldWin64_Data/Mono/data-0000021BB31F20D0.dll
Fallback handler could not load library C:/Program Files (x86)/Steam/steamapps/common/RimWorld/RimWorldWin64_Data/Mono/data-0000021BB2BE0340.dll
Fallback handler could not load library C:/Program Files (x86)/Steam/steamapps/common/RimWorld/RimWorldWin64_Data/Mono/data-0000021BB3219EE0.dll
Fallback handler could not load library C:/Program Files (x86)/Steam/steamapps/common/RimWorld/RimWorldWin64_Data/Mono/data-0000021BB3265720.dll
Fallback handler could not load library C:/Program Files (x86)/Steam/steamapps/common/RimWorld/RimWorldWin64_Data/Mono/data-0000021BB1765320.dll
Fallback handler could not load library C:/Program Files (x86)/Steam/steamapps/common/RimWorld/RimWorldWin64_Data/Mono/data-0000021BB16DD240.dll
Fallback handler could not load library C:/Program Files (x86)/Steam/steamapps/common/RimWorld/RimWorldWin64_Data/Mono/data-0000021BB0E260C0.dll
Fallback handler could not load library C:/Program Files (x86)/Steam/steamapps/common/RimWorld/RimWorldWin64_Data/Mono/data-0000021B6A64CD80.dll
Fallback handler could not load library C:/Program Files (x86)/Steam/steamapps/common/RimWorld/RimWorldWin64_Data/Mono/data-0000021BB2B88010.dll
Fallback handler could not load library C:/Program Files (x86)/Steam/steamapps/common/RimWorld/RimWorldWin64_Data/Mono/data-0000021BB32A6800.dll
Fallback handler could not load library C:/Program Files (x86)/Steam/steamapps/common/RimWorld/RimWorldWin64_Data/Mono/data-0000021B6A6BDF70.dll
Fallback handler could not load library C:/Program Files (x86)/Steam/steamapps/common/RimWorld/RimWorldWin64_Data/Mono/data-0000021BB16AEE80.dll
Fallback handler could not load library C:/Program Files (x86)/Steam/steamapps/common/RimWorld/RimWorldWin64_Data/Mono/data-0000021BB1705270.dll
Fallback handler could not load library C:/Program Files (x86)/Steam/steamapps/common/RimWorld/RimWorldWin64_Data/Mono/data-0000021BB32CF010.dll
Fallback handler could not load library C:/Program Files (x86)/Steam/steamapps/common/RimWorld/RimWorldWin64_Data/Mono/data-0000021B6A02C090.dll
Fallback handler could not load library C:/Program Files (x86)/Steam/steamapps/common/RimWorld/RimWorldWin64_Data/Mono/data-0000021BB3288140.dll
Fallback handler could not load library C:/Program Files (x86)/Steam/steamapps/common/RimWorld/RimWorldWin64_Data/Mono/data-0000021BB2C1E950.dll
Fallback handler could not load library C:/Program Files (x86)/Steam/steamapps/common/RimWorld/RimWorldWin64_Data/Mono/data-0000021BB32F0C60.dll
Fallback handler could not load library C:/Program Files (x86)/Steam/steamapps/common/RimWorld/RimWorldWin64_Data/Mono/data-0000021B6A6B3520.dll
Fallback handler could not load library C:/Program Files (x86)/Steam/steamapps/common/RimWorld/RimWorldWin64_Data/Mono/data-0000021BB48AD040.dll
Fallback handler could not load library C:/Program Files (x86)/Steam/steamapps/common/RimWorld/RimWorldWin64_Data/Mono/data-0000021BB19C31F0.dll
Fallback handler could not load library C:/Program Files (x86)/Steam/steamapps/common/RimWorld/RimWorldWin64_Data/Mono/data-0000021BB33CB020.dll
Fallback handler could not load library C:/Program Files (x86)/Steam/steamapps/common/RimWorld/RimWorldWin64_Data/Mono/data-0000021BB340D010.dll
Fallback handler could not load library C:/Program Files (x86)/Steam/steamapps/common/RimWorld/RimWorldWin64_Data/Mono/data-0000021BB34E0C30.dll
Fallback handler could not load library C:/Program Files (x86)/Steam/steamapps/common/RimWorld/RimWorldWin64_Data/Mono/data-0000021BB3524CE0.dll
Fallback handler could not load library C:/Program Files (x86)/Steam/steamapps/common/RimWorld/RimWorldWin64_Data/Mono/data-0000021BB3552010.dll
Fallback handler could not load library C:/Program Files (x86)/Steam/steamapps/common/RimWorld/RimWorldWin64_Data/Mono/data-0000021BB3564E20.dll
Fallback handler could not load library C:/Program Files (x86)/Steam/steamapps/common/RimWorld/RimWorldWin64_Data/Mono/data-0000021BB357FE30.dll
Fallback handler could not load library C:/Program Files (x86)/Steam/steamapps/common/RimWorld/RimWorldWin64_Data/Mono/data-0000021BB359AA50.dll
Fallback handler could not load library C:/Program Files (x86)/Steam/steamapps/common/RimWorld/RimWorldWin64_Data/Mono/data-0000021BB35B1C60.dll
Fallback handler could not load library C:/Program Files (x86)/Steam/steamapps/common/RimWorld/RimWorldWin64_Data/Mono/data-0000021B8DC9F070.dll
Fallback handler could not load library C:/Program Files (x86)/Steam/steamapps/common/RimWorld/RimWorldWin64_Data/Mono/data-0000021BB35D5270.dll
Fallback handler could not load library C:/Program Files (x86)/Steam/steamapps/common/RimWorld/RimWorldWin64_Data/Mono/data-0000021BB35DB880.dll
Fallback handler could not load library C:/Program Files (x86)/Steam/steamapps/common/RimWorld/RimWorldWin64_Data/Mono/data-0000021BB35E3490.dll
Fallback handler could not load library C:/Program Files (x86)/Steam/steamapps/common/RimWorld/RimWorldWin64_Data/Mono/data-0000021BB173AD10.dll
Fallback handler could not load library C:/Program Files (x86)/Steam/steamapps/common/RimWorld/RimWorldWin64_Data/Mono/data-0000021BB35EDAA0.dll
Fallback handler could not load library C:/Program Files (x86)/Steam/steamapps/common/RimWorld/RimWorldWin64_Data/Mono/data-0000021BB4C768A0.dll
Fallback handler could not load library C:/Program Files (x86)/Steam/steamapps/common/RimWorld/RimWorldWin64_Data/Mono/data-0000021BB16E1450.dll
Fallback handler could not load library C:/Program Files (x86)/Steam/steamapps/common/RimWorld/RimWorldWin64_Data/Mono/data-0000021B8E47C010.dll
Fallback handler could not load library C:/Program Files (x86)/Steam/steamapps/common/RimWorld/RimWorldWin64_Data/Mono/data-0000021BB4D750B0.dll
Fallback handler could not load library C:/Program Files (x86)/Steam/steamapps/common/RimWorld/RimWorldWin64_Data/Mono/data-0000021BB35FF0C0.dll
Fallback handler could not load library C:/Program Files (x86)/Steam/steamapps/common/RimWorld/RimWorldWin64_Data/Mono/data-0000021BB36144D0.dll
Fallback handler could not load library C:/Program Files (x86)/Steam/steamapps/common/RimWorld/RimWorldWin64_Data/Mono/data-0000021BB3291750.dll
Fallback handler could not load library C:/Program Files (x86)/Steam/steamapps/common/RimWorld/RimWorldWin64_Data/Mono/data-0000021B8E553480.dll
Fallback handler could not load library C:/Program Files (x86)/Steam/steamapps/common/RimWorld/RimWorldWin64_Data/Mono/data-0000021BB4F3CB10.dll
Fallback handler could not load library C:/Program Files (x86)/Steam/steamapps/common/RimWorld/RimWorldWin64_Data/Mono/data-0000021BB4F7D010.dll
Fallback handler could not load library C:/Program Files (x86)/Steam/steamapps/common/RimWorld/RimWorldWin64_Data/Mono/data-0000021BB2B5FC90.dll
Fallback handler could not load library C:/Program Files (x86)/Steam/steamapps/common/RimWorld/RimWorldWin64_Data/Mono/data-0000021BB509C440.dll
Fallback handler could not load library C:/Program Files (x86)/Steam/steamapps/common/RimWorld/RimWorldWin64_Data/Mono/data-0000021BB50C1A60.dll
Fallback handler could not load library C:/Program Files (x86)/Steam/steamapps/common/RimWorld/RimWorldWin64_Data/Mono/data-0000021BB51DD560.dll
Fallback handler could not load library C:/Program Files (x86)/Steam/steamapps/common/RimWorld/RimWorldWin64_Data/Mono/data-0000021BB170A280.dll
Fallback handler could not load library C:/Program Files (x86)/Steam/steamapps/common/RimWorld/RimWorldWin64_Data/Mono/data-0000021BB51C6EB0.dll
Fallback handler could not load library C:/Program Files (x86)/Steam/steamapps/common/RimWorld/RimWorldWin64_Data/Mono/data-0000021BB0DC8050.dll
Fallback handler could not load library C:/Program Files (x86)/Steam/steamapps/common/RimWorld/RimWorldWin64_Data/Mono/data-0000021BB51CF8C0.dll
Fallback handler could not load library C:/Program Files (x86)/Steam/steamapps/common/RimWorld/RimWorldWin64_Data/Mono/data-0000021BB3634500.dll
Fallback handler could not load library C:/Program Files (x86)/Steam/steamapps/common/RimWorld/RimWorldWin64_Data/Mono/data-0000021BB5322010.dll
Fallback handler could not load library C:/Program Files (x86)/Steam/steamapps/common/RimWorld/RimWorldWin64_Data/Mono/data-0000021BB534AC30.dll
Fallback handler could not load library C:/Program Files (x86)/Steam/steamapps/common/RimWorld/RimWorldWin64_Data/Mono/data-0000021BB5376650.dll
Fallback handler could not load library C:/Program Files (x86)/Steam/steamapps/common/RimWorld/RimWorldWin64_Data/Mono/data-0000021BB5393C70.dll
Fallback handler could not load library C:/Program Files (x86)/Steam/steamapps/common/RimWorld/RimWorldWin64_Data/Mono/data-0000021BB539E880.dll
Fallback handler could not load library C:/Program Files (x86)/Steam/steamapps/common/RimWorld/RimWorldWin64_Data/Mono/data-0000021BB53C0690.dll
Fallback handler could not load library C:/Program Files (x86)/Steam/steamapps/common/RimWorld/RimWorldWin64_Data/Mono/data-0000021BB3514CA0.dll
Fallback handler could not load library C:/Program Files (x86)/Steam/steamapps/common/RimWorld/RimWorldWin64_Data/Mono/data-0000021B8E3DE0A0.dll
Fallback handler could not load library C:/Program Files (x86)/Steam/steamapps/common/RimWorld/RimWorldWin64_Data/Mono/data-0000021BB53FD2B0.dll
Fallback handler could not load library C:/Program Files (x86)/Steam/steamapps/common/RimWorld/RimWorldWin64_Data/Mono/data-0000021BB54A7ED0.dll
Fallback handler could not load library C:/Program Files (x86)/Steam/steamapps/common/RimWorld/RimWorldWin64_Data/Mono/data-0000021BB54D3EE0.dll
Fallback handler could not load library C:/Program Files (x86)/Steam/steamapps/common/RimWorld/RimWorldWin64_Data/Mono/data-0000021BB54DEEF0.dll
Fallback handler could not load library C:/Program Files (x86)/Steam/steamapps/common/RimWorld/RimWorldWin64_Data/Mono/data-0000021BB1AB3A60.dll
Fallback handler could not load library C:/Program Files (x86)/Steam/steamapps/common/RimWorld/RimWorldWin64_Data/Mono/data-0000021BB167D0B0.dll
Fallback handler could not load library C:/Program Files (x86)/Steam/steamapps/common/RimWorld/RimWorldWin64_Data/Mono/data-0000021BB5510110.dll
Fallback handler could not load library C:/Program Files (x86)/Steam/steamapps/common/RimWorld/RimWorldWin64_Data/Mono/data-0000021BB5535930.dll
Fallback handler could not load library C:/Program Files (x86)/Steam/steamapps/common/RimWorld/RimWorldWin64_Data/Mono/data-0000021BB55A0F50.dll
Fallback handler could not load library C:/Program Files (x86)/Steam/steamapps/common/RimWorld/RimWorldWin64_Data/Mono/data-0000021BB55FCB90.dll
Fallback handler could not load library C:/Program Files (x86)/Steam/steamapps/common/RimWorld/RimWorldWin64_Data/Mono/data-0000021BB3510C90.dll
Fallback handler could not load library C:/Program Files (x86)/Steam/steamapps/common/RimWorld/RimWorldWin64_Data/Mono/data-0000021BB56EF1E0.dll
Fallback handler could not load library C:/Program Files (x86)/Steam/steamapps/common/RimWorld/RimWorldWin64_Data/Mono/data-0000021BB56F47F0.dll
Fallback handler could not load library C:/Program Files (x86)/Steam/steamapps/common/RimWorld/RimWorldWin64_Data/Mono/data-0000021BB5700600.dll
Fallback handler could not load library C:/Program Files (x86)/Steam/steamapps/common/RimWorld/RimWorldWin64_Data/Mono/data-0000021BB5736410.dll
Fallback handler could not load library C:/Program Files (x86)/Steam/steamapps/common/RimWorld/RimWorldWin64_Data/Mono/data-0000021BB5748420.dll
Fallback handler could not load library C:/Program Files (x86)/Steam/steamapps/common/RimWorld/RimWorldWin64_Data/Mono/data-0000021BB576EAF0.dll
Fallback handler could not load library C:/Program Files (x86)/Steam/steamapps/common/RimWorld/RimWorldWin64_Data/Mono/data-0000021BB583F310.dll
Fallback handler could not load library C:/Program Files (x86)/Steam/steamapps/common/RimWorld/RimWorldWin64_Data/Mono/data-0000021BB5874B30.dll
Fallback handler could not load library C:/Program Files (x86)/Steam/steamapps/common/RimWorld/RimWorldWin64_Data/Mono/data-0000021BB5980160.dll
Fallback handler could not load library C:/Program Files (x86)/Steam/steamapps/common/RimWorld/RimWorldWin64_Data/Mono/data-0000021BB59C5B70.dll
Fallback handler could not load library C:/Program Files (x86)/Steam/steamapps/common/RimWorld/RimWorldWin64_Data/Mono/data-0000021B8E483340.dll
Fallback handler could not load library C:/Program Files (x86)/Steam/steamapps/common/RimWorld/RimWorldWin64_Data/Mono/data-0000021BB59E39A0.dll
Fallback handler could not load library C:/Program Files (x86)/Steam/steamapps/common/RimWorld/RimWorldWin64_Data/Mono/data-0000021BB5A009B0.dll
Fallback handler could not load library C:/Program Files (x86)/Steam/steamapps/common/RimWorld/RimWorldWin64_Data/Mono/data-0000021BB1ABD070.dll
Fallback handler could not load library C:/Program Files (x86)/Steam/steamapps/common/RimWorld/RimWorldWin64_Data/Mono/data-0000021BB5764670.dll
Fallback handler could not load library C:/Program Files (x86)/Steam/steamapps/common/RimWorld/RimWorldWin64_Data/Mono/data-0000021BB5A213C0.dll
Fallback handler could not load library C:/Program Files (x86)/Steam/steamapps/common/RimWorld/RimWorldWin64_Data/Mono/data-0000021BB5A4A2D0.dll
Fallback handler could not load library C:/Program Files (x86)/Steam/steamapps/common/RimWorld/RimWorldWin64_Data/Mono/data-0000021BB5A2BC10.dll
Fallback handler could not load library C:/Program Files (x86)/Steam/steamapps/common/RimWorld/RimWorldWin64_Data/Mono/data-0000021B6A72F040.dll
Fallback handler could not load library C:/Program Files (x86)/Steam/steamapps/common/RimWorld/RimWorldWin64_Data/Mono/data-0000021BB5A57EE0.dll
Fallback handler could not load library C:/Program Files (x86)/Steam/steamapps/common/RimWorld/RimWorldWin64_Data/Mono/data-0000021BB5BB2690.dll
Fallback handler could not load library C:/Program Files (x86)/Steam/steamapps/common/RimWorld/RimWorldWin64_Data/Mono/data-0000021BB5BFBAA0.dll
Fallback handler could not load library C:/Program Files (x86)/Steam/steamapps/common/RimWorld/RimWorldWin64_Data/Mono/data-0000021B8E19D380.dll
Fallback handler could not load library C:/Program Files (x86)/Steam/steamapps/common/RimWorld/RimWorldWin64_Data/Mono/data-0000021BB5A49030.dll
Fallback handler could not load library C:/Program Files (x86)/Steam/steamapps/common/RimWorld/RimWorldWin64_Data/Mono/data-0000021BB5A77930.dll
Fallback handler could not load library C:/Program Files (x86)/Steam/steamapps/common/RimWorld/RimWorldWin64_Data/Mono/data-0000021BB5A8AB40.dll
Fallback handler could not load library C:/Program Files (x86)/Steam/steamapps/common/RimWorld/RimWorldWin64_Data/Mono/data-0000021BB5E4EF10.dll
Fallback handler could not load library C:/Program Files (x86)/Steam/steamapps/common/RimWorld/RimWorldWin64_Data/Mono/data-0000021BB5F94B50.dll
Fallback handler could not load library C:/Program Files (x86)/Steam/steamapps/common/RimWorld/RimWorldWin64_Data/Mono/data-0000021BB6052F70.dll
Fallback handler could not load library C:/Program Files (x86)/Steam/steamapps/common/RimWorld/RimWorldWin64_Data/Mono/data-0000021BB5AB4390.dll
Fallback handler could not load library C:/Program Files (x86)/Steam/steamapps/common/RimWorld/RimWorldWin64_Data/Mono/data-0000021BB610FFA0.dll
Fallback handler could not load library C:/Program Files (x86)/Steam/steamapps/common/RimWorld/RimWorldWin64_Data/Mono/data-0000021BB61783B0.dll
Fallback handler could not load library C:/Program Files (x86)/Steam/steamapps/common/RimWorld/RimWorldWin64_Data/Mono/data-0000021BB6183A00.dll
Fallback handler could not load library C:/Program Files (x86)/Steam/steamapps/common/RimWorld/RimWorldWin64_Data/Mono/data-0000021BB5AB7BD0.dll
Fallback handler could not load library C:/Program Files (x86)/Steam/steamapps/common/RimWorld/RimWorldWin64_Data/Mono/data-0000021BB162CBD0.dll
Fallback handler could not load library C:/Program Files (x86)/Steam/steamapps/common/RimWorld/RimWorldWin64_Data/Mono/data-0000021BB623DA20.dll
Fallback handler could not load library C:/Program Files (x86)/Steam/steamapps/common/RimWorld/RimWorldWin64_Data/Mono/data-0000021B8E12E820.dll
Fallback handler could not load library C:/Program Files (x86)/Steam/steamapps/common/RimWorld/RimWorldWin64_Data/Mono/data-0000021BB6242E30.dll
Fallback handler could not load library C:/Program Files (x86)/Steam/steamapps/common/RimWorld/RimWorldWin64_Data/Mono/data-0000021BB630F690.dll
Fallback handler could not load library C:/Program Files (x86)/Steam/steamapps/common/RimWorld/RimWorldWin64_Data/Mono/data-0000021BB631FEA0.dll
Fallback handler could not load library C:/Program Files (x86)/Steam/steamapps/common/RimWorld/RimWorldWin64_Data/Mono/data-0000021BB63EA330.dll
Fallback handler could not load library C:/Program Files (x86)/Steam/steamapps/common/RimWorld/RimWorldWin64_Data/Mono/data-0000021BB64BB1D0.dll
Fallback handler could not load library C:/Program Files (x86)/Steam/steamapps/common/RimWorld/RimWorldWin64_Data/Mono/data-0000021BB64C31E0.dll
Fallback handler could not load library C:/Program Files (x86)/Steam/steamapps/common/RimWorld/RimWorldWin64_Data/Mono/data-0000021BB64C7DF0.dll
Fallback handler could not load library C:/Program Files (x86)/Steam/steamapps/common/RimWorld/RimWorldWin64_Data/Mono/data-0000021BB2ACA8D0.dll
Fallback handler could not load library C:/Program Files (x86)/Steam/steamapps/common/RimWorld/RimWorldWin64_Data/Mono/data-0000021BB64F7290.dll
Fallback handler could not load library C:/Program Files (x86)/Steam/steamapps/common/RimWorld/RimWorldWin64_Data/Mono/data-0000021BB64FC0A0.dll
Fallback handler could not load library C:/Program Files (x86)/Steam/steamapps/common/RimWorld/RimWorldWin64_Data/Mono/data-0000021BB65036B0.dll
Fallback handler could not load library C:/Program Files (x86)/Steam/steamapps/common/RimWorld/RimWorldWin64_Data/Mono/data-0000021BB65342E0.dll
Fallback handler could not load library C:/Program Files (x86)/Steam/steamapps/common/RimWorld/RimWorldWin64_Data/Mono/data-0000021BB6550700.dll
Fallback handler could not load library C:/Program Files (x86)/Steam/steamapps/common/RimWorld/RimWorldWin64_Data/Mono/data-0000021BB658F730.dll
Fallback handler could not load library C:/Program Files (x86)/Steam/steamapps/common/RimWorld/RimWorldWin64_Data/Mono/data-0000021BB65B1C30.dll
Fallback handler could not load library C:/Program Files (x86)/Steam/steamapps/common/RimWorld/RimWorldWin64_Data/Mono/data-0000021BB65A5FC0.dll
Fallback handler could not load library C:/Program Files (x86)/Steam/steamapps/common/RimWorld/RimWorldWin64_Data/Mono/data-0000021BB6668450.dll
Fallback handler could not load library C:/Program Files (x86)/Steam/steamapps/common/RimWorld/RimWorldWin64_Data/Mono/data-0000021BB6682270.dll
Fallback handler could not load library C:/Program Files (x86)/Steam/steamapps/common/RimWorld/RimWorldWin64_Data/Mono/data-0000021BB66A0CC0.dll
Fallback handler could not load library C:/Program Files (x86)/Steam/steamapps/common/RimWorld/RimWorldWin64_Data/Mono/data-0000021BB66BEAE0.dll
Fallback handler could not load library C:/Program Files (x86)/Steam/steamapps/common/RimWorld/RimWorldWin64_Data/Mono/data-0000021BB66C2120.dll
Fallback handler could not load library C:/Program Files (x86)/Steam/steamapps/common/RimWorld/RimWorldWin64_Data/Mono/data-0000021BB66C6930.dll
Fallback handler could not load library C:/Program Files (x86)/Steam/steamapps/common/RimWorld/RimWorldWin64_Data/Mono/data-0000021BB0E0B600.dll
Fallback handler could not load library C:/Program Files (x86)/Steam/steamapps/common/RimWorld/RimWorldWin64_Data/Mono/data-0000021BB66E5150.dll
Fallback handler could not load library C:/Program Files (x86)/Steam/steamapps/common/RimWorld/RimWorldWin64_Data/Mono/data-0000021BB66F6170.dll
Fallback handler could not load library C:/Program Files (x86)/Steam/steamapps/common/RimWorld/RimWorldWin64_Data/Mono/data-0000021BB67FFFE0.dll
Fallback handler could not load library C:/Program Files (x86)/Steam/steamapps/common/RimWorld/RimWorldWin64_Data/Mono/data-0000021BB68105F0.dll
Fallback handler could not load library C:/Program Files (x86)/Steam/steamapps/common/RimWorld/RimWorldWin64_Data/Mono/data-0000021BB6812430.dll
Fallback handler could not load library C:/Program Files (x86)/Steam/steamapps/common/RimWorld/RimWorldWin64_Data/Mono/data-0000021BB683EC50.dll
Fallback handler could not load library C:/Program Files (x86)/Steam/steamapps/common/RimWorld/RimWorldWin64_Data/Mono/data-0000021BB683FE90.dll
Fallback handler could not load library C:/Program Files (x86)/Steam/steamapps/common/RimWorld/RimWorldWin64_Data/Mono/data-0000021BB6843030.dll
Fallback handler could not load library C:/Program Files (x86)/Steam/steamapps/common/RimWorld/RimWorldWin64_Data/Mono/data-0000021BB686FBA0.dll
Fallback handler could not load library C:/Program Files (x86)/Steam/steamapps/common/RimWorld/RimWorldWin64_Data/Mono/data-0000021BB68887C0.dll
Fallback handler could not load library C:/Program Files (x86)/Steam/steamapps/common/RimWorld/RimWorldWin64_Data/Mono/data-0000021BB69531F0.dll
Fallback handler could not load library C:/Program Files (x86)/Steam/steamapps/common/RimWorld/RimWorldWin64_Data/Mono/data-0000021BB6958E00.dll
Fallback handler could not load library C:/Program Files (x86)/Steam/steamapps/common/RimWorld/RimWorldWin64_Data/Mono/data-0000021BB696FE10.dll
Fallback handler could not load library C:/Program Files (x86)/Steam/steamapps/common/RimWorld/RimWorldWin64_Data/Mono/data-0000021BB698AE20.dll
Fallback handler could not load library C:/Program Files (x86)/Steam/steamapps/common/RimWorld/RimWorldWin64_Data/Mono/data-0000021BB69D3C30.dll
Fallback handler could not load library C:/Program Files (x86)/Steam/steamapps/common/RimWorld/RimWorldWin64_Data/Mono/data-0000021BB69EE240.dll
Fallback handler could not load library C:/Program Files (x86)/Steam/steamapps/common/RimWorld/RimWorldWin64_Data/Mono/data-0000021BB6A1F860.dll
Fallback handler could not load library C:/Program Files (x86)/Steam/steamapps/common/RimWorld/RimWorldWin64_Data/Mono/data-0000021BB6A24270.dll
Fallback handler could not load library C:/Program Files (x86)/Steam/steamapps/common/RimWorld/RimWorldWin64_Data/Mono/data-0000021BB6A28880.dll
Fallback handler could not load library C:/Program Files (x86)/Steam/steamapps/common/RimWorld/RimWorldWin64_Data/Mono/data-0000021BB6A4C8A0.dll
Fallback handler could not load library C:/Program Files (x86)/Steam/steamapps/common/RimWorld/RimWorldWin64_Data/Mono/data-0000021BB6A7EF00.dll
Fallback handler could not load library C:/Program Files (x86)/Steam/steamapps/common/RimWorld/RimWorldWin64_Data/Mono/data-0000021BB6C0CEA0.dll
Fallback handler could not load library C:/Program Files (x86)/Steam/steamapps/common/RimWorld/RimWorldWin64_Data/Mono/data-0000021BB352CD00.dll
Fallback handler could not load library C:/Program Files (x86)/Steam/steamapps/common/RimWorld/RimWorldWin64_Data/Mono/data-0000021BB6A886C0.dll
Fallback handler could not load library C:/Program Files (x86)/Steam/steamapps/common/RimWorld/RimWorldWin64_Data/Mono/data-0000021BB6A936D0.dll
Fallback handler could not load library C:/Program Files (x86)/Steam/steamapps/common/RimWorld/RimWorldWin64_Data/Mono/data-0000021BB6E05040.dll
Fallback handler could not load library C:/Program Files (x86)/Steam/steamapps/common/RimWorld/RimWorldWin64_Data/Mono/data-0000021BB6A95F10.dll
Fallback handler could not load library C:/Program Files (x86)/Steam/steamapps/common/RimWorld/RimWorldWin64_Data/Mono/data-0000021BB6F02020.dll
Fallback handler could not load library C:/Program Files (x86)/Steam/steamapps/common/RimWorld/RimWorldWin64_Data/Mono/data-0000021BB6F04460.dll
Fallback handler could not load library C:/Program Files (x86)/Steam/steamapps/common/RimWorld/RimWorldWin64_Data/Mono/data-0000021BB6A9D720.dll
Fallback handler could not load library C:/Program Files (x86)/Steam/steamapps/common/RimWorld/RimWorldWin64_Data/Mono/data-0000021BB684D290.dll
Fallback handler could not load library C:/Program Files (x86)/Steam/steamapps/common/RimWorld/RimWorldWin64_Data/Mono/data-0000021BB6F4E680.dll
Fallback handler could not load library C:/Program Files (x86)/Steam/steamapps/common/RimWorld/RimWorldWin64_Data/Mono/data-0000021BB6E21660.dll
Fallback handler could not load library C:/Program Files (x86)/Steam/steamapps/common/RimWorld/RimWorldWin64_Data/Mono/data-0000021BB6E29870.dll
Fallback handler could not load library C:/Program Files (x86)/Steam/steamapps/common/RimWorld/RimWorldWin64_Data/Mono/data-0000021BB7039EC0.dll
Fallback handler could not load library C:/Program Files (x86)/Steam/steamapps/common/RimWorld/RimWorldWin64_Data/Mono/data-0000021BB703D900.dll
Fallback handler could not load library C:/Program Files (x86)/Steam/steamapps/common/RimWorld/RimWorldWin64_Data/Mono/data-0000021B8E709D90.dll
Fallback handler could not load library C:/Program Files (x86)/Steam/steamapps/common/RimWorld/RimWorldWin64_Data/Mono/data-0000021BB704D320.dll
Fallback handler could not load library C:/Program Files (x86)/Steam/steamapps/common/RimWorld/RimWorldWin64_Data/Mono/data-0000021BB7050560.dll
Fallback handler could not load library C:/Program Files (x86)/Steam/steamapps/common/RimWorld/RimWorldWin64_Data/Mono/data-0000021BB6E2D4B0.dll
Fallback handler could not load library C:/Program Files (x86)/Steam/steamapps/common/RimWorld/RimWorldWin64_Data/Mono/data-0000021BB70531A0.dll
Fallback handler could not load library C:/Program Files (x86)/Steam/steamapps/common/RimWorld/RimWorldWin64_Data/Mono/data-0000021BB70557E0.dll
Fallback handler could not load library C:/Program Files (x86)/Steam/steamapps/common/RimWorld/RimWorldWin64_Data/Mono/data-0000021B6A022D20.dll
Fallback handler could not load library C:/Program Files (x86)/Steam/steamapps/common/RimWorld/RimWorldWin64_Data/Mono/data-0000021BB7057A20.dll
Fallback handler could not load library C:/Program Files (x86)/Steam/steamapps/common/RimWorld/RimWorldWin64_Data/Mono/data-0000021BB706C240.dll
Fallback handler could not load library C:/Program Files (x86)/Steam/steamapps/common/RimWorld/RimWorldWin64_Data/Mono/data-0000021B8E472480.dll
Fallback handler could not load library C:/Program Files (x86)/Steam/steamapps/common/RimWorld/RimWorldWin64_Data/Mono/data-0000021BB70AC860.dll
Fallback handler could not load library C:/Program Files (x86)/Steam/steamapps/common/RimWorld/RimWorldWin64_Data/Mono/data-0000021BB70B1070.dll
Fallback handler could not load library C:/Program Files (x86)/Steam/steamapps/common/RimWorld/RimWorldWin64_Data/Mono/data-0000021BB70B48B0.dll
Fallback handler could not load library C:/Program Files (x86)/Steam/steamapps/common/RimWorld/RimWorldWin64_Data/Mono/data-0000021BB70B6CF0.dll
Fallback handler could not load library C:/Program Files (x86)/Steam/steamapps/common/RimWorld/RimWorldWin64_Data/Mono/data-0000021BB70B8B30.dll
Fallback handler could not load library C:/Program Files (x86)/Steam/steamapps/common/RimWorld/RimWorldWin64_Data/Mono/data-0000021BB70CA540.dll
Fallback handler could not load library C:/Program Files (x86)/Steam/steamapps/common/RimWorld/RimWorldWin64_Data/Mono/data-0000021BB70FD560.dll
Fallback handler could not load library C:/Program Files (x86)/Steam/steamapps/common/RimWorld/RimWorldWin64_Data/Mono/data-0000021BB711B570.dll
Fallback handler could not load library C:/Program Files (x86)/Steam/steamapps/common/RimWorld/RimWorldWin64_Data/Mono/data-0000021BB7123980.dll
Fallback handler could not load library C:/Program Files (x86)/Steam/steamapps/common/RimWorld/RimWorldWin64_Data/Mono/data-0000021BB7143790.dll
Fallback handler could not load library C:/Program Files (x86)/Steam/steamapps/common/RimWorld/RimWorldWin64_Data/Mono/data-0000021BB716A3A0.dll
Fallback handler could not load library C:/Program Files (x86)/Steam/steamapps/common/RimWorld/RimWorldWin64_Data/Mono/data-0000021BB353CD40.dll
Fallback handler could not load library C:/Program Files (x86)/Steam/steamapps/common/RimWorld/RimWorldWin64_Data/Mono/data-0000021BB11351F0.dll
Fallback handler could not load library C:/Program Files (x86)/Steam/steamapps/common/RimWorld/RimWorldWin64_Data/Mono/data-0000021BB71851B0.dll
Fallback handler could not load library C:/Program Files (x86)/Steam/steamapps/common/RimWorld/RimWorldWin64_Data/Mono/data-0000021BB718A3C0.dll
Fallback handler could not load library C:/Program Files (x86)/Steam/steamapps/common/RimWorld/RimWorldWin64_Data/Mono/data-0000021BB718B600.dll
Fallback handler could not load library C:/Program Files (x86)/Steam/steamapps/common/RimWorld/RimWorldWin64_Data/Mono/data-0000021BB71C1810.dll
Fallback handler could not load library C:/Program Files (x86)/Steam/steamapps/common/RimWorld/RimWorldWin64_Data/Mono/data-0000021BB71C3C50.dll
Fallback handler could not load library C:/Program Files (x86)/Steam/steamapps/common/RimWorld/RimWorldWin64_Data/Mono/data-0000021BB71EA010.dll
Fallback handler could not load library C:/Program Files (x86)/Steam/steamapps/common/RimWorld/RimWorldWin64_Data/Mono/data-0000021B6A409460.dll
Fallback handler could not load library C:/Program Files (x86)/Steam/steamapps/common/RimWorld/RimWorldWin64_Data/Mono/data-0000021BB71F3C20.dll
Fallback handler could not load library C:/Program Files (x86)/Steam/steamapps/common/RimWorld/RimWorldWin64_Data/Mono/data-0000021BB71FE070.dll
Fallback handler could not load library C:/Program Files (x86)/Steam/steamapps/common/RimWorld/RimWorldWin64_Data/Mono/data-0000021BB3520CD0.dll
Fallback handler could not load library C:/Program Files (x86)/Steam/steamapps/common/RimWorld/RimWorldWin64_Data/Mono/data-0000021BB7202A80.dll
Fallback handler could not load library C:/Program Files (x86)/Steam/steamapps/common/RimWorld/RimWorldWin64_Data/Mono/data-0000021BB720DC90.dll
Fallback handler could not load library C:/Program Files (x86)/Steam/steamapps/common/RimWorld/RimWorldWin64_Data/Mono/data-0000021BB5AB9210.dll
Fallback handler could not load library C:/Program Files (x86)/Steam/steamapps/common/RimWorld/RimWorldWin64_Data/Mono/data-0000021BB72404A0.dll
Fallback handler could not load library C:/Program Files (x86)/Steam/steamapps/common/RimWorld/RimWorldWin64_Data/Mono/data-0000021BB7247AB0.dll
Fallback handler could not load library C:/Program Files (x86)/Steam/steamapps/common/RimWorld/RimWorldWin64_Data/Mono/data-0000021BB6844B40.dll
Fallback handler could not load library C:/Program Files (x86)/Steam/steamapps/common/RimWorld/RimWorldWin64_Data/Mono/data-0000021BB725BD00.dll
Fallback handler could not load library C:/Program Files (x86)/Steam/steamapps/common/RimWorld/RimWorldWin64_Data/Mono/data-0000021BB727C000.dll
Fallback handler could not load library C:/Program Files (x86)/Steam/steamapps/common/RimWorld/RimWorldWin64_Data/Mono/data-0000021BB725D940.dll
Fallback handler could not load library C:/Program Files (x86)/Steam/steamapps/common/RimWorld/RimWorldWin64_Data/Mono/data-0000021B8DFFAB50.dll
Fallback handler could not load library C:/Program Files (x86)/Steam/steamapps/common/RimWorld/RimWorldWin64_Data/Mono/data-0000021BB7263D50.dll
Fallback handler could not load library C:/Program Files (x86)/Steam/steamapps/common/RimWorld/RimWorldWin64_Data/Mono/data-0000021BB7389420.dll
Fallback handler could not load library C:/Program Files (x86)/Steam/steamapps/common/RimWorld/RimWorldWin64_Data/Mono/data-0000021BB73A5C40.dll
Fallback handler could not load library C:/Program Files (x86)/Steam/steamapps/common/RimWorld/RimWorldWin64_Data/Mono/data-0000021BB73A8E80.dll
Fallback handler could not load library C:/Program Files (x86)/Steam/steamapps/common/RimWorld/RimWorldWin64_Data/Mono/data-0000021BB73C4CE0.dll
Fallback handler could not load library C:/Program Files (x86)/Steam/steamapps/common/RimWorld/RimWorldWin64_Data/Mono/data-0000021BB73DAEF0.dll
Fallback handler could not load library C:/Program Files (x86)/Steam/steamapps/common/RimWorld/RimWorldWin64_Data/Mono/data-0000021BB7414B00.dll
Fallback handler could not load library C:/Program Files (x86)/Steam/steamapps/common/RimWorld/RimWorldWin64_Data/Mono/data-0000021BB76873A0.dll
Fallback handler could not load library C:/Program Files (x86)/Steam/steamapps/common/RimWorld/RimWorldWin64_Data/Mono/data-0000021BB769D500.dll
[9/28/2022 3:12:57 PM] [BetterLoading] Verifying all mods loaded properly...
[BetterLoading] Injecting into main UI.
[BetterLoading] Injected into main UI.
[HugsLib] version 9.0.1
Fallback handler could not load library C:/Program Files (x86)/Steam/steamapps/common/RimWorld/RimWorldWin64_Data/Mono/data-0000021B8E2F30E0.dll
[HugsLib] early-initializing AllowTool
[VanillaAchievementsExpanded] version 1.3.7862
Fallback handler could not load library C:/Program Files (x86)/Steam/steamapps/common/RimWorld/RimWorldWin64_Data/Mono/data-0000021BBD059390.dll
Fallback handler could not load library C:/Program Files (x86)/Steam/steamapps/common/RimWorld/RimWorldWin64_Data/Mono/data-0000021BB84DA050.dll
ROCKETMAN: config path C:\Users\Admin\AppData\LocalLow\Ludeon Studios\RimWorld by Ludeon Studios\Config\rocketeer.0102.txt
Fallback handler could not load library C:/Program Files (x86)/Steam/steamapps/common/RimWorld/RimWorldWin64_Data/Mono/data-0000021BBDB5E010.dll
Fallback handler could not load library C:/Program Files (x86)/Steam/steamapps/common/RimWorld/RimWorldWin64_Data/Mono/data-0000021BBD5D6020.dll
<color=orange>ROCKETMAN</color>: Loaded <color=red>Proton, Version=1.0.0.0, Culture=neutral, PublicKeyToken=null</color>
<color=orange>ROCKETMAN</color>: Loaded <color=red>Soyuz, Version=1.0.0.0, Culture=neutral, PublicKeyToken=null</color>
<color=orange>ROCKETMAN:</color> Version 0.6.3.2196
SOYUZ: Created _transformationCache
<CanUse>g__CheckFaction|3_0
Deep Strike/Infiltrators patch on VFEPirates.PawnsArrivalModeWorker_Gauntlet failed, throwing 
System.FormatException: Method virtual System.Void VFEPirates.PawnsArrivalModeWorker_Gauntlet::Arrive(System.Collections.Generic.List`1<Verse.Pawn> pawns, RimWorld.IncidentParms parms) cannot be patched. Reason: The type initializer for 'VFEPirates.PawnsArrivalModeWorker_Gauntlet' threw an exception.
  at HarmonyLib.PatchFunctions.UpdateWrapper (System.Reflection.MethodBase original, HarmonyLib.PatchInfo patchInfo) [0x0008c] in <255414689d344b1385ae719f6cce8c55>:0 
  at HarmonyLib.PatchProcessor.Patch () [0x000fc] in <255414689d344b1385ae719f6cce8c55>:0 
  at HarmonyLib.Harmony.Patch (System.Reflection.MethodBase original, HarmonyLib.HarmonyMethod prefix, HarmonyLib.HarmonyMethod postfix, HarmonyLib.HarmonyMethod transpiler, HarmonyLib.HarmonyMethod finalizer) [0x00028] in <255414689d344b1385ae719f6cce8c55>:0 
  at AdeptusMechanicus.HarmonyInstance.AdeptusHarmonyPatches.PatchPawnsArrivalModeWorker (HarmonyLib.Harmony harmonyInstance) [0x00091] in <665202fee0b445efac5c4f38e85a1948>:0  
(Filename: C:\buildslave\unity\build\Runtime/Export/Debug/Debug.bindings.h Line: 39)

[ATPP] SaveOurShip2 found
[ATPP] WorkTab found
[ATPP] Hospitality found
[ATPP] Search and Destroy found
Fallback handler could not load library C:/Program Files (x86)/Steam/steamapps/common/RimWorld/RimWorldWin64_Data/Mono/data-0000021BBDDFC020.dll
Replimat :: Humanoid Alien Races detected!
Replimat :: Vanilla Cooking Expanded detected!
Rimefeller 1.2.1140
dubwise.dubscentralheating v1.0.45
DubsMintMenus v1.3.995
Rimatomics 1.7.2473
Dubs Skylight 1.5.1706
DependencyChecker!
LOCKS2: Prepatcher is not active
LOCKS2: Prepatcher is not active
Loaded What's That Mod.
[BetterLoading] Finished stage Initializing Mods at 3:14:01 PM.
[BetterLoading] HugsLib detected, adding HugsLib support.
[BetterLoading:HugsLib Compat] Resolved required HugsLib types as follows: Controller: HugsLib.HugsLibController / Mod Identifier (Property): ModIdentifier
[BetterLoading:HugsLib Compat] Successfully blind-patched HugsLib.
[BetterLoading] Starting stage Reading Mod Content Files.
[BetterLoading] Finished stage Reading Mod Content Files at 3:14:07 PM.
[BetterLoading] Starting stage Injecting Mod XML.
[BetterLoading] [Enhanced XML Load] Loaded 5838 loadable assets.
[BetterLoading] Finished stage Injecting Mod XML at 3:14:11 PM.
[BetterLoading] Starting stage Applying Patches.
LWM Deep Storage: activated compatibility patch for Cosmic Horrors (strange meats)
LWM Deep Storage: activated compatibility patch for Vanilla Cooking Expanded
LWM Deep Storage: activated compatibility patch for VGP Vegetable Garden
[BetterLoading] Finished stage Applying Patches at 3:14:53 PM.
[BetterLoading] Starting stage Registering Defs.
[BetterLoading] Finished stage Registering Defs at 3:14:53 PM.
[BetterLoading] Starting stage Constructing Defs.
XML error: Duplicate XML node name graphicData in this XML block: <ThingDef ParentName="BodyPartProstheticMakeableBase"><defName>Joywire</defName><label>joywire</label><description>A brain implant that stimulates the brain's pleasure centers. While it dramatically improves a user's mood, the blanket of happiness makes it hard to concentrate on anything real. Joywires are illegal on many worlds, and are known for destroying whole cultures.</description><descriptionHyperlinks><RecipeDef>InstallJoywire</RecipeDef></descriptionHyperlinks><thingSetMakerTags><li>RewardStandardLowFreq</li></thingSetMakerTags><costList><Steel>20</Steel><ComponentIndustrial>4</ComponentIndustrial></costList><techHediffsTags><li>Advanced</li></techHediffsTags><recipeMaker><researchPrerequisite>AdvancedBrainSurgery</researchPrerequisite></recipeMaker><graphicData><texPath>Things/Item/BodyPart/SyntheticPart</texPath><graphicClass>Graphic_Single</graphicClass><drawSize>0.80</drawSize></graphicData><graphicData><graphicClass>Graphic_Single</graphicClass><texPath>Things/Item/Health/HealthItem</texPath><drawSize>0.80</drawSize><color>(255,255,255)</color></graphicData></ThingDef> 
(Filename: C:\buildslave\unity\build\Runtime/Export/Debug/Debug.bindings.h Line: 39)

XML error: Duplicate XML node name graphicData in this XML block: <ThingDef ParentName="BodyPartProstheticMakeableBase"><defName>Painstopper</defName><label>painstopper</label><description>A brain implant which inhibits nociception, or pain sensation. While it does allow the user to accomplish more, it turns out pain has a purpose. When you don't feel it, you can get hurt really bad really easily.</description><descriptionHyperlinks><RecipeDef>InstallPainstopper</RecipeDef></descriptionHyperlinks><thingSetMakerTags><li>RewardStandardLowFreq</li></thingSetMakerTags><costList><Steel>20</Steel><ComponentIndustrial>4</ComponentIndustrial></costList><techHediffsTags><li>Advanced</li><li>Painstopper</li></techHediffsTags><recipeMaker><researchPrerequisite>AdvancedBrainSurgery</researchPrerequisite></recipeMaker><graphicData><texPath>Things/Item/BodyPart/SyntheticPart</texPath><graphicClass>Graphic_Single</graphicClass><drawSize>0.80</drawSize></graphicData><graphicData><graphicClass>Graphic_Single</graphicClass><texPath>Things/Item/Health/HealthItem</texPath><drawSize>0.80</drawSize><color>(255,255,255)</color></graphicData></ThingDef> 
(Filename: C:\buildslave\unity\build\Runtime/Export/Debug/Debug.bindings.h Line: 39)

XML error: Duplicate XML node name graphicData in this XML block: <ThingDef ParentName="BodyPartProstheticMakeableBase"><defName>Joywire</defName><label>joywire</label><description>A brain implant that stimulates the brain's pleasure centers. While it dramatically improves a user's mood, the blanket of happiness makes it hard to concentrate on anything real. Joywires are illegal on many worlds, and are known for destroying whole cultures.</description><descriptionHyperlinks><RecipeDef>InstallJoywire</RecipeDef></descriptionHyperlinks><costList><Gold>3</Gold><Plasteel>25</Plasteel><ComponentSpacer>5</ComponentSpacer></costList><statBases><Mass>0.1</Mass></statBases><recipeMaker><researchPrerequisite>AdvancedBrainSurgery</researchPrerequisite></recipeMaker><graphicData><texPath>Things/Item/BodyPart/SyntheticPart</texPath><graphicClass>Graphic_Single</graphicClass><drawSize>0.80</drawSize></graphicData><graphicData><graphicClass>Graphic_Single</graphicClass><texPath>Things/Item/Health/HealthItem</texPath><drawSize>0.80</drawSize><color>(255,255,255)</color></graphicData></ThingDef> 
(Filename: C:\buildslave\unity\build\Runtime/Export/Debug/Debug.bindings.h Line: 39)

XML error: Duplicate XML node name graphicData in this XML block: <ThingDef ParentName="BodyPartProstheticMakeableBase"><defName>Painstopper</defName><label>painstopper</label><description>A brain implant which inhibits nociception, or pain sensation. While it does allow the user to accomplish more, it turns out pain has a purpose. When you don't feel it, you can get hurt really bad really easily.</description><descriptionHyperlinks><RecipeDef>InstallPainstopper</RecipeDef></descriptionHyperlinks><costList><Gold>3</Gold><Plasteel>25</Plasteel><ComponentSpacer>5</ComponentSpacer></costList><statBases><Mass>0.1</Mass></statBases><recipeMaker><researchPrerequisite>AdvancedBrainSurgery</researchPrerequisite></recipeMaker><graphicData><texPath>Things/Item/BodyPart/SyntheticPart</texPath><graphicClass>Graphic_Single</graphicClass><drawSize>0.80</drawSize></graphicData><graphicData><graphicClass>Graphic_Single</graphicClass><texPath>Things/Item/Health/HealthItem</texPath><drawSize>0.80</drawSize><color>(255,255,255)</color></graphicData></ThingDef> 
(Filename: C:\buildslave\unity\build\Runtime/Export/Debug/Debug.bindings.h Line: 39)

XML Verse.BodyPartDef defines the same field twice: spawnThingOnRemoved.

Field contents: Stomach.

Whole XML:

<BodyPartDef><defName>Stomach</defName><label>stomach</label><hitPoints>20</hitPoints><skinCovered>false</skinCovered><tags><li>MetabolismSource</li></tags><spawnThingOnRemoved>QE_Organ_Stomach</spawnThingOnRemoved><spawnThingOnRemoved>Stomach</spawnThingOnRemoved></BodyPartDef> 
(Filename: C:\buildslave\unity\build\Runtime/Export/Debug/Debug.bindings.h Line: 39)

Parsed 197.5 as int. 
(Filename: C:\buildslave\unity\build\Runtime/Export/Debug/Debug.bindings.h Line: 39)

Parsed 197.5 as int. 
(Filename: C:\buildslave\unity\build\Runtime/Export/Debug/Debug.bindings.h Line: 39)

Parsed 197.5 as int. 
(Filename: C:\buildslave\unity\build\Runtime/Export/Debug/Debug.bindings.h Line: 39)

Parsed 5.5 as int. 
(Filename: C:\buildslave\unity\build\Runtime/Export/Debug/Debug.bindings.h Line: 39)

XML error: <hairTags><li>Urban</li></hairTags> doesn't correspond to any field in type FactionDef. Context: <FactionDef ParentName="NPCFactionBase"><categoryTag>Corruption</categoryTag><requiredCountAtGameStart>1</requiredCountAtGameStart><factionIconPath>World/WorldObjects/Expanding/Sites/DownedRefugee</factionIconPath><techLevel>Spacer</techLevel><backstoryFilters><li><categories><li>Offworld</li></categories></li></backstoryFilters><hidden>true</hidden><rescueesCanJoin>true</rescueesCanJoin><autoFlee>false</autoFlee><geneticVariance>1</geneticVariance><hairTags><li>Urban</li></hairTags><defName>IoM_NPC</defName><label>imperium of man</label><pawnSingular>citizen</pawnSingular><pawnsPlural>citizens</pawnsPlural><fixedName>imperium</fixedName><basicMemberKind>IoM_Citizen</basicMemberKind><apparelStuffFilter><thingDefs><li>Synthread</li><li>Hyperweave</li><li>Plasteel</li></thingDefs></apparelStuffFilter></FactionDef> 
(Filename: C:\buildslave\unity\build\Runtime/Export/Debug/Debug.bindings.h Line: 39)

XML error: <hairTags><li>Urban</li></hairTags> doesn't correspond to any field in type FactionDef. Context: <FactionDef ParentName="NPCFactionBase"><categoryTag>Corruption</categoryTag><requiredCountAtGameStart>1</requiredCountAtGameStart><factionIconPath>World/WorldObjects/Expanding/Sites/DownedRefugee</factionIconPath><techLevel>Spacer</techLevel><backstoryFilters><li><categories><li>Offworld</li></categories></li></backstoryFilters><hidden>true</hidden><rescueesCanJoin>true</rescueesCanJoin><autoFlee>false</autoFlee><geneticVariance>1</geneticVariance><hairTags><li>Urban</li></hairTags><defName>Chaos_NPC</defName><label>agents of chaos</label><pawnSingular>heretic</pawnSingular><pawnsPlural>heretics</pawnsPlural><fixedName>chaos</fixedName><raidCommonalityFromPointsCurve><points><li>(300,  0)</li><li>(700,  1)</li><li>(1400, 2)</li><li>(2800, 2.5)</li><li>(4000, 2.8)</li></points></raidCommonalityFromPointsCurve><raidLootMaker>MechanoidRaidLootMaker</raidLootMaker><raidLootValueFromPointsCurve><points><li>(35,     8)</li><li>(100,   60)</li><li>(1000, 250)</li><li>(2000, 400)</li><li>(4000, 500)</li></points></raidLootValueFromPointsCurve><earliestRaidDays>45</earliestRaidDays><maxPawnCostPerTotalPointsCurve><points><li>(400,200)</li><li>(900,300)</li><li>(100000,10000)</li></points></maxPawnCostPerTotalPointsCurve><pawnGroupMakers><li><kindDef>Combat</kindDef><commonality>100</commonality><options><Cultist_Guard_Gunner>10</Cultist_Guard_Gunner><Cultist_Guard_Slasher>7</Cultist_Guard_Slasher><Cultist_Guard_Grenadier>1.5</Cultist_Guard_Grenadier><Cultist_Brawler>20</Cultist_Brawler><Cultist_Gunner>15</Cultist_Gunner><Cultist_Slave>5</Cultist_Slave></options></li><li><kindDef>Combat</kindDef><commonality>80</commonality><options><Cultist_Guard_Gunner>10</Cultist_Guard_Gunner><Cultist_Guard_Grenadier>1.5</Cultist_Guard_Grenadier><Cultist_Gunner>15</Cultist_Gunner></options></li><li><kindDef>Combat</kindDef><commonality>70</commonality><options><Cultist_Guard_Slasher>10</Cultist_Guard_Slasher><Cultist_Brawler>20</Cultist_Brawler><Cultist_Slave>5</Cultist_Slave></options></li><li><kindDef>Settlement</kindDef><options><Cultist_Guard_Gunner>5</Cultist_Guard_Gunner><Cultist_Guard_Slasher>5</Cultist_Guard_Slasher><Cultist_Brawler>20</Cultist_Brawler><Cultist_Gunner>10</Cultist_Gunner><Cultist_Slave>20</Cultist_Slave></options></li></pawnGroupMakers></FactionDef> 
(Filename: C:\buildslave\unity\build\Runtime/Export/Debug/Debug.bindings.h Line: 39)

XML error: <hairTags><li>Urban</li></hairTags> doesn't correspond to any field in type FactionDef. Context: <FactionDef ParentName="PlayerFactionBase"><raidLootValueFromPointsCurve><points><li>(35,     15)</li><li>(100,   120)</li><li>(1000,  500)</li><li>(2000,  800)</li><li>(4000, 1000)</li></points></raidLootValueFromPointsCurve><settlementTexturePath>World/WorldObjects/DefaultSettlement</settlementTexturePath><playerInitialSettlementNameMaker>NamerInitialSettlementColony</playerInitialSettlementNameMaker><colorSpectrum><li>(0, 0.737, 0.847)</li></colorSpectrum><defName>PlayerColony_IoM</defName><label>Imperial Outpost</label><description>An imperial outpost on the fringes of the Imperium.</description><isPlayer>true</isPlayer><basicMemberKind>Colonist_IoM</basicMemberKind><pawnSingular>colonist</pawnSingular><pawnsPlural>colonists</pawnsPlural><techLevel>Spacer</techLevel><backstoryFilters><li><categories><li>Offworld</li></categories></li></backstoryFilters><factionIconPath>World/WorldObjects/Expanding/Town</factionIconPath><factionNameMaker>NamerFactionOutlander</factionNameMaker><settlementNameMaker>NamerSettlementOutlander</settlementNameMaker><geneticVariance>1</geneticVariance><startingResearchTags><li>ClassicStart</li></startingResearchTags><startingTechprintsResearchTags><li>ClassicStart</li><li>ClassicStartTechprints</li></startingTechprintsResearchTags><hairTags><li>Urban</li></hairTags><apparelStuffFilter><thingDefs><li>Synthread</li></thingDefs></apparelStuffFilter></FactionDef> 
(Filename: C:\buildslave\unity\build\Runtime/Export/Debug/Debug.bindings.h Line: 39)

XML error: <hairTags><li>Urban</li></hairTags> doesn't correspond to any field in type FactionDef. Context: <FactionDef ParentName="PlayerFactionBase"><raidLootValueFromPointsCurve><points><li>(35,     15)</li><li>(100,   120)</li><li>(1000,  500)</li><li>(2000,  800)</li><li>(4000, 1000)</li></points></raidLootValueFromPointsCurve><settlementTexturePath>World/WorldObjects/DefaultSettlement</settlementTexturePath><playerInitialSettlementNameMaker>NamerInitialSettlementColony</playerInitialSettlementNameMaker><colorSpectrum><li>(0, 0.737, 0.847)</li></colorSpectrum><defName>PlayerColony_Chaos</defName><label>Chaos Cult</label><description>A colony of vile heretics.</description><isPlayer>true</isPlayer><basicMemberKind>Colonist_Chaos</basicMemberKind><pawnSingular>cultist</pawnSingular><pawnsPlural>cultists</pawnsPlural><techLevel>Industrial</techLevel><backstoryFilters><li><categories><li>Offworld</li></categories></li></backstoryFilters><factionIconPath>World/WorldObjects/Expanding/Town</factionIconPath><factionNameMaker>NamerFactionOutlander</factionNameMaker><settlementNameMaker>NamerSettlementOutlander</settlementNameMaker><geneticVariance>1</geneticVariance><startingResearchTags><li>ClassicStart</li></startingResearchTags><startingTechprintsResearchTags><li>ClassicStart</li><li>ClassicStartTechprints</li></startingTechprintsResearchTags><hairTags><li>Urban</li></hairTags><apparelStuffFilter><stuffCategoriesToAllow><li>Leathery</li><li>Fabric</li></stuffCategoriesToAllow><disallowedThingDefs><li>Synthread</li><li>Hyperweave</li><li>Plasteel</li></disallowedThingDefs></apparelStuffFilter></FactionDef> 
(Filename: C:\buildslave\unity\build\Runtime/Export/Debug/Debug.bindings.h Line: 39)

Parsed  0.19 as int. 
(Filename: C:\buildslave\unity\build\Runtime/Export/Debug/Debug.bindings.h Line: 39)

XML error: <menuHidden>true</menuHidden> doesn't correspond to any field in type ThingDef. Context: <ThingDef ParentName="BaseWeaponTurret"><thingClass>ThingWithComps</thingClass><category>Item</category><drawerType>MapMeshAndRealTime</drawerType><drawGUIOverlay>true</drawGUIOverlay><altitudeLayer>Item</altitudeLayer><alwaysHaulable>true</alwaysHaulable><tickerType>Never</tickerType><equipmentType>Primary</equipmentType><useHitPoints>false</useHitPoints><pathCost>14</pathCost><selectable>true</selectable><statBases><MaxHitPoints>100</MaxHitPoints><Flammability>0</Flammability><DeteriorationRate>0</DeteriorationRate><Beauty>-3</Beauty><SellPriceFactor>0.20</SellPriceFactor><AccuracyTouch>0.20</AccuracyTouch><AccuracyShort>0.45</AccuracyShort><AccuracyMedium>0.75</AccuracyMedium><AccuracyLong>0.85</AccuracyLong><Mass>30</Mass></statBases><comps><li Class="CompProperties_Forbiddable" /><li><compClass>CompEquippable</compClass></li><li Class="CompProperties_Styleable" /></comps><graphicData><onGroundRandomRotateAngle>35</onGroundRandomRotateAngle><graphicClass>Graphic_Single</graphicClass><texPath>TurretSniper2_Top</texPath></graphicData><allowedArchonexusCount>0</allowedArchonexusCount><destroyOnDrop>true</destroyOnDrop><canGenerateDefaultDesignator>false</canGenerateDefaultDesignator><tradeability>None</tradeability><weaponTags><li>TurretGun</li></weaponTags><weaponClasses><li>Ranged</li></weaponClasses><defName>Gun_SniperTurret</defName><label>sniper-turret gun</label><description>A simple automatic gun made to be mounted on a turret.</description><soundInteract>Interact_Rifle</soundInteract><menuHidden>true</menuHidden><verbs><li><verbClass>Verb_Shoot</verbClass><hasStandardCommand>true</hasStandardCommand><defaultProjectile>Bullet_SniperTurret</defaultProjectile><warmupTime>3</warmupTime><range>49.9</range><minRange>4.9</minRange><ticksBetweenBurstShots>8</ticksBetweenBurstShots><burstShotCount>1</burstShotCount><soundCast>Shot_SniperRifle</soundCast><soundCastTail>GunTail_Heavy</soundCastTail><muzzleFlashScale>24</muzzleFlashScale><consumeFuelPerShot>1</consumeFuelPerShot></li></verbs></ThingDef> 
(Filename: C:\buildslave\unity\build\Runtime/Export/Debug/Debug.bindings.h Line: 39)

XML error: <menuHidden>true</menuHidden> doesn't correspond to any field in type ThingDef. Context: <ThingDef ParentName="BaseWeaponTurret"><thingClass>ThingWithComps</thingClass><category>Item</category><drawerType>MapMeshAndRealTime</drawerType><drawGUIOverlay>true</drawGUIOverlay><altitudeLayer>Item</altitudeLayer><alwaysHaulable>true</alwaysHaulable><tickerType>Never</tickerType><equipmentType>Primary</equipmentType><useHitPoints>false</useHitPoints><pathCost>14</pathCost><selectable>true</selectable><statBases><MaxHitPoints>100</MaxHitPoints><Flammability>0</Flammability><DeteriorationRate>0</DeteriorationRate><Beauty>-3</Beauty><SellPriceFactor>0.20</SellPriceFactor><AccuracyTouch>0.70</AccuracyTouch><AccuracyShort>0.75</AccuracyShort><AccuracyMedium>0.60</AccuracyMedium><AccuracyLong>0.22</AccuracyLong><Mass>15</Mass></statBases><comps><li Class="CompProperties_Forbiddable" /><li><compClass>CompEquippable</compClass></li><li Class="CompProperties_Styleable" /></comps><graphicData><onGroundRandomRotateAngle>35</onGroundRandomRotateAngle><graphicClass>Graphic_Single</graphicClass><texPath>TurretStandard_Top</texPath></graphicData><allowedArchonexusCount>0</allowedArchonexusCount><destroyOnDrop>true</destroyOnDrop><canGenerateDefaultDesignator>false</canGenerateDefaultDesignator><tradeability>None</tradeability><weaponTags><li>TurretGun</li></weaponTags><weaponClasses><li>Ranged</li></weaponClasses><defName>Gun_StandardTurret</defName><label>standard-turret gun</label><description>A simple automatic gun made to be mounted on a turret.</description><soundInteract>Interact_Rifle</soundInteract><menuHidden>true</menuHidden><verbs><li><verbClass>Verb_Shoot</verbClass><hasStandardCommand>true</hasStandardCommand><defaultProjectile>Bullet_StandardTurret</defaultProjectile><warmupTime>0</warmupTime><range>29.9</range><ticksBetweenBurstShots>8</ticksBetweenBurstShots><burstShotCount>4</burstShotCount><soundCast>GunShotA</soundCast><soundCastTail>GunTail_Medium</soundCastTail><muzzleFlashScale>15</muzzleFlashScale><consumeFuelPerShot>1</consumeFuelPerShot></li></verbs></ThingDef> 
(Filename: C:\buildslave\unity\build\Runtime/Export/Debug/Debug.bindings.h Line: 39)

XML error: <menuHidden>true</menuHidden> doesn't correspond to any field in type ThingDef. Context: <ThingDef ParentName="BaseWeaponTurret"><thingClass>ThingWithComps</thingClass><category>Item</category><drawerType>MapMeshAndRealTime</drawerType><drawGUIOverlay>true</drawGUIOverlay><altitudeLayer>Item</altitudeLayer><alwaysHaulable>true</alwaysHaulable><tickerType>Never</tickerType><equipmentType>Primary</equipmentType><useHitPoints>false</useHitPoints><pathCost>14</pathCost><selectable>true</selectable><statBases><MaxHitPoints>100</MaxHitPoints><Flammability>0</Flammability><DeteriorationRate>0</DeteriorationRate><Beauty>-3</Beauty><SellPriceFactor>0.20</SellPriceFactor><AccuracyTouch>0.45</AccuracyTouch><AccuracyShort>0.45</AccuracyShort><AccuracyMedium>0.15</AccuracyMedium><AccuracyLong>0.05</AccuracyLong><Mass>5</Mass></statBases><comps><li Class="CompProperties_Forbiddable" /><li><compClass>CompEquippable</compClass></li><li Class="CompProperties_Styleable" /></comps><graphicData><onGroundRandomRotateAngle>35</onGroundRandomRotateAngle><graphicClass>Graphic_Single</graphicClass><texPath>TurretShredder_Top</texPath></graphicData><allowedArchonexusCount>0</allowedArchonexusCount><destroyOnDrop>true</destroyOnDrop><canGenerateDefaultDesignator>false</canGenerateDefaultDesignator><tradeability>None</tradeability><weaponTags><li>TurretGun</li></weaponTags><weaponClasses><li>Ranged</li></weaponClasses><defName>Gun_ShredderTurret</defName><label>shredder-turret gun</label><description>A simple automatic gun made to be mounted on a turret.</description><soundInteract>Interact_Rifle</soundInteract><menuHidden>true</menuHidden><verbs><li><verbClass>Verb_Shoot</verbClass><hasStandardCommand>true</hasStandardCommand><defaultProjectile>Bullet_ShredderTurret</defaultProjectile><warmupTime>0.5</warmupTime><range>19.9</range><ticksBetweenBurstShots>1</ticksBetweenBurstShots><burstShotCount>12</burstShotCount><soundCast>Shot_Shotgun</soundCast><soundCastTail>GunTail_Heavy</soundCastTail><muzzleFlashScale>9</muzzleFlashScale><consumeFuelPerShot>1</consumeFuelPerShot></li></verbs></ThingDef> 
(Filename: C:\buildslave\unity\build\Runtime/Export/Debug/Debug.bindings.h Line: 39)

XML error: <menuHidden>true</menuHidden> doesn't correspond to any field in type ThingDef. Context: <ThingDef ParentName="BaseWeaponTurret"><thingClass>ThingWithComps</thingClass><category>Item</category><drawerType>MapMeshAndRealTime</drawerType><drawGUIOverlay>true</drawGUIOverlay><altitudeLayer>Item</altitudeLayer><alwaysHaulable>true</alwaysHaulable><tickerType>Never</tickerType><equipmentType>Primary</equipmentType><useHitPoints>false</useHitPoints><pathCost>14</pathCost><selectable>true</selectable><statBases><MaxHitPoints>100</MaxHitPoints><Flammability>0</Flammability><DeteriorationRate>0</DeteriorationRate><Beauty>-3</Beauty><SellPriceFactor>0.20</SellPriceFactor><AccuracyTouch>0.35</AccuracyTouch><AccuracyShort>0.40</AccuracyShort><AccuracyMedium>0.50</AccuracyMedium><AccuracyLong>0.25</AccuracyLong><Mass>5</Mass></statBases><comps><li Class="CompProperties_Forbiddable" /><li><compClass>CompEquippable</compClass></li><li Class="CompProperties_Styleable" /></comps><graphicData><onGroundRandomRotateAngle>35</onGroundRandomRotateAngle><graphicClass>Graphic_Single</graphicClass><texPath>TurretShredder_Top</texPath></graphicData><allowedArchonexusCount>0</allowedArchonexusCount><destroyOnDrop>true</destroyOnDrop><canGenerateDefaultDesignator>false</canGenerateDefaultDesignator><tradeability>None</tradeability><weaponTags><li>TurretGun</li></weaponTags><weaponClasses><li>Ranged</li></weaponClasses><defName>Gun_ShredderTurretUpgraded</defName><label>upgraded shredder-turret gun</label><description>A simple automatic gun made to be mounted on a turret.</description><soundInteract>Interact_Rifle</soundInteract><menuHidden>true</menuHidden><verbs><li><verbClass>Verb_Shoot</verbClass><hasStandardCommand>true</hasStandardCommand><defaultProjectile>Bullet_ShredderTurretUpgraded</defaultProjectile><warmupTime>0.5</warmupTime><range>24.9</range><ticksBetweenBurstShots>4</ticksBetweenBurstShots><burstShotCount>12</burstShotCount><soundCast>Shot_Shotgun</soundCast><soundCastTail>GunTail_Heavy</soundCastTail><muzzleFlashScale>9</muzzleFlashScale><consumeFuelPerShot>1</consumeFuelPerShot></li></verbs></ThingDef> 
(Filename: C:\buildslave\unity\build\Runtime/Export/Debug/Debug.bindings.h Line: 39)

XML error: <menuHidden>true</menuHidden> doesn't correspond to any field in type ThingDef. Context: <ThingDef ParentName="BaseWeaponTurret"><thingClass>ThingWithComps</thingClass><category>Item</category><drawerType>MapMeshAndRealTime</drawerType><drawGUIOverlay>true</drawGUIOverlay><altitudeLayer>Item</altitudeLayer><alwaysHaulable>true</alwaysHaulable><tickerType>Never</tickerType><equipmentType>Primary</equipmentType><useHitPoints>false</useHitPoints><pathCost>14</pathCost><selectable>true</selectable><statBases><MaxHitPoints>100</MaxHitPoints><Flammability>0</Flammability><DeteriorationRate>0</DeteriorationRate><Beauty>-3</Beauty><SellPriceFactor>0.20</SellPriceFactor><Mass>40</Mass><AccuracyTouch>0.44</AccuracyTouch><AccuracyShort>0.53</AccuracyShort><AccuracyMedium>0.85</AccuracyMedium><AccuracyLong>0.96</AccuracyLong><RangedWeapon_Cooldown>0</RangedWeapon_Cooldown></statBases><comps><li Class="CompProperties_Forbiddable" /><li><compClass>CompEquippable</compClass></li><li Class="CompProperties_Styleable" /></comps><graphicData><onGroundRandomRotateAngle>35</onGroundRandomRotateAngle><graphicClass>Graphic_Single</graphicClass><texPath>RifleEmplacement_Top</texPath></graphicData><allowedArchonexusCount>0</allowedArchonexusCount><destroyOnDrop>true</destroyOnDrop><canGenerateDefaultDesignator>false</canGenerateDefaultDesignator><tradeability>None</tradeability><weaponTags><li>TurretGun</li></weaponTags><weaponClasses><li>Ranged</li></weaponClasses><defName>Gun_STRifleEmp</defName><label>bolt-action rifle</label><menuHidden>true</menuHidden><description>Bolt-action rifle mounted on top of a solid object.</description><soundInteract>Interact_Rifle</soundInteract><verbs><li><verbClass>Verb_Shoot</verbClass><hasStandardCommand>true</hasStandardCommand><defaultProjectile>Bullet_STRifleEmp</defaultProjectile><warmupTime>2</warmupTime><ticksBetweenBurstShots>9</ticksBetweenBurstShots><burstShotCount>1</burstShotCount><range>36.9</range><soundCast>Shot_BoltActionRifle</soundCast><soundCastTail>GunTail_Heavy</soundCastTail><muzzleFlashScale>9</muzzleFlashScale><targetParams><canTargetLocations>false</canTargetLocations></targetParams></li></verbs></ThingDef> 
(Filename: C:\buildslave\unity\build\Runtime/Export/Debug/Debug.bindings.h Line: 39)

XML error: <menuHidden>true</menuHidden> doesn't correspond to any field in type ThingDef. Context: <ThingDef ParentName="BaseWeaponTurret"><thingClass>ThingWithComps</thingClass><category>Item</category><drawerType>MapMeshAndRealTime</drawerType><drawGUIOverlay>true</drawGUIOverlay><altitudeLayer>Item</altitudeLayer><alwaysHaulable>true</alwaysHaulable><tickerType>Never</tickerType><equipmentType>Primary</equipmentType><useHitPoints>false</useHitPoints><pathCost>14</pathCost><selectable>true</selectable><statBases><MaxHitPoints>100</MaxHitPoints><Flammability>0</Flammability><DeteriorationRate>0</DeteriorationRate><Beauty>-3</Beauty><SellPriceFactor>0.20</SellPriceFactor><Mass>40</Mass><AccuracyTouch>0.35</AccuracyTouch><AccuracyShort>0.50</AccuracyShort><AccuracyMedium>0.50</AccuracyMedium><AccuracyLong>0.05</AccuracyLong><RangedWeapon_Cooldown>4</RangedWeapon_Cooldown></statBases><comps><li Class="CompProperties_Forbiddable" /><li><compClass>CompEquippable</compClass></li><li Class="CompProperties_Styleable" /></comps><graphicData><onGroundRandomRotateAngle>35</onGroundRandomRotateAngle><graphicClass>Graphic_Single</graphicClass><texPath>MGEmplacement_Top</texPath></graphicData><allowedArchonexusCount>0</allowedArchonexusCount><destroyOnDrop>true</destroyOnDrop><canGenerateDefaultDesignator>false</canGenerateDefaultDesignator><tradeability>None</tradeability><weaponTags><li>TurretGun</li></weaponTags><weaponClasses><li>Ranged</li></weaponClasses><defName>Gun_STMGEmp</defName><label>machine gun rifle</label><menuHidden>true</menuHidden><description>Machine gun mounted on top of a solid object.</description><soundInteract>Interact_Rifle</soundInteract><verbs><li><verbClass>Verb_Shoot</verbClass><hasStandardCommand>true</hasStandardCommand><defaultProjectile>Bullet_STMGEmp</defaultProjectile><warmupTime>0.5</warmupTime><ticksBetweenBurstShots>8</ticksBetweenBurstShots><burstShotCount>12</burstShotCount><range>29.9</range><soundCast>Shot_Minigun</soundCast><soundCastTail>GunTail_Medium</soundCastTail><muzzleFlashScale>9</muzzleFlashScale><targetParams><canTargetLocations>true</canTargetLocations></targetParams></li></verbs></ThingDef> 
(Filename: C:\buildslave\unity\build\Runtime/Export/Debug/Debug.bindings.h Line: 39)

XML error: <menuHidden>true</menuHidden> doesn't correspond to any field in type ThingDef. Context: <ThingDef ParentName="BaseWeaponTurret"><thingClass>ThingWithComps</thingClass><category>Item</category><drawerType>MapMeshAndRealTime</drawerType><drawGUIOverlay>true</drawGUIOverlay><altitudeLayer>Item</altitudeLayer><alwaysHaulable>true</alwaysHaulable><tickerType>Never</tickerType><equipmentType>Primary</equipmentType><useHitPoints>false</useHitPoints><pathCost>14</pathCost><selectable>true</selectable><statBases><MaxHitPoints>100</MaxHitPoints><Flammability>0</Flammability><DeteriorationRate>0</DeteriorationRate><Beauty>-3</Beauty><SellPriceFactor>0.20</SellPriceFactor><AccuracyTouch>0.45</AccuracyTouch><AccuracyShort>0.65</AccuracyShort><AccuracyMedium>0.75</AccuracyMedium><AccuracyLong>0.25</AccuracyLong><Mass>15</Mass></statBases><comps><li Class="CompProperties_Forbiddable" /><li><compClass>CompEquippable</compClass></li><li Class="CompProperties_Styleable" /></comps><graphicData><onGroundRandomRotateAngle>35</onGroundRandomRotateAngle><graphicClass>Graphic_Single</graphicClass><texPath>TurretEnergy_Top</texPath></graphicData><allowedArchonexusCount>0</allowedArchonexusCount><destroyOnDrop>true</destroyOnDrop><canGenerateDefaultDesignator>false</canGenerateDefaultDesignator><tradeability>None</tradeability><weaponTags><li>TurretGun</li></weaponTags><weaponClasses><li>Ranged</li></weaponClasses><defName>Gun_EnergyTurret</defName><label>energy-turret gun</label><description>A simple automatic gun made to be mounted on a turret.</description><soundInteract>Interact_Rifle</soundInteract><menuHidden>true</menuHidden><verbs><li><verbClass>Verb_Shoot</verbClass><hasStandardCommand>true</hasStandardCommand><defaultProjectile>Bullet_EnergyTurret</defaultProjectile><warmupTime>0</warmupTime><range>28.9</range><ticksBetweenBurstShots>8</ticksBetweenBurstShots><burstShotCount>1</burstShotCount><soundCast>Shot_ChargeRifle</soundCast><soundCastTail>GunTail_Medium</soundCastTail><muzzleFlashScale>24</muzzleFlashScale></li></verbs></ThingDef> 
(Filename: C:\buildslave\unity\build\Runtime/Export/Debug/Debug.bindings.h Line: 39)

XML error: <menuHidden>true</menuHidden> doesn't correspond to any field in type ThingDef. Context: <ThingDef ParentName="BaseWeaponTurret"><thingClass>ThingWithComps</thingClass><category>Item</category><drawerType>MapMeshAndRealTime</drawerType><drawGUIOverlay>true</drawGUIOverlay><altitudeLayer>Item</altitudeLayer><alwaysHaulable>true</alwaysHaulable><tickerType>Never</tickerType><equipmentType>Primary</equipmentType><useHitPoints>false</useHitPoints><pathCost>14</pathCost><selectable>true</selectable><statBases><MaxHitPoints>100</MaxHitPoints><Flammability>0</Flammability><DeteriorationRate>0</DeteriorationRate><Beauty>-3</Beauty><SellPriceFactor>0.20</SellPriceFactor><AccuracyTouch>0.87</AccuracyTouch><AccuracyShort>0.82</AccuracyShort><AccuracyMedium>0.68</AccuracyMedium><AccuracyLong>0.11</AccuracyLong><Mass>15</Mass></statBases><comps><li Class="CompProperties_Forbiddable" /><li><compClass>CompEquippable</compClass></li><li Class="CompProperties_Styleable" /></comps><graphicData><onGroundRandomRotateAngle>35</onGroundRandomRotateAngle><graphicClass>Graphic_Single</graphicClass><texPath>TurretEnergy_Top</texPath></graphicData><allowedArchonexusCount>0</allowedArchonexusCount><destroyOnDrop>true</destroyOnDrop><canGenerateDefaultDesignator>false</canGenerateDefaultDesignator><tradeability>None</tradeability><weaponTags><li>TurretGun</li></weaponTags><weaponClasses><li>Ranged</li></weaponClasses><defName>Gun_EnergyTurretUpgraded</defName><label>upgraded energy-turret gun</label><description>A simple automatic gun made to be mounted on a turret.</description><soundInteract>Interact_Rifle</soundInteract><menuHidden>true</menuHidden><verbs><li><verbClass>Verb_Shoot</verbClass><hasStandardCommand>true</hasStandardCommand><defaultProjectile>Bullet_EnergyTurretUpgraded</defaultProjectile><warmupTime>0</warmupTime><range>21.9</range><ticksBetweenBurstShots>8</ticksBetweenBurstShots><burstShotCount>3</burstShotCount><soundCast>Shot_ChargeRifle</soundCast><soundCastTail>GunTail_Medium</soundCastTail><muzzleFlashScale>24</muzzleFlashScale></li></verbs></ThingDef> 
(Filename: C:\buildslave\unity\build\Runtime/Export/Debug/Debug.bindings.h Line: 39)

XML error: <menuHidden>true</menuHidden> doesn't correspond to any field in type ThingDef. Context: <ThingDef ParentName="BaseWeaponTurret"><thingClass>ThingWithComps</thingClass><category>Item</category><drawerType>MapMeshAndRealTime</drawerType><drawGUIOverlay>true</drawGUIOverlay><altitudeLayer>Item</altitudeLayer><alwaysHaulable>true</alwaysHaulable><tickerType>Never</tickerType><equipmentType>Primary</equipmentType><useHitPoints>false</useHitPoints><pathCost>14</pathCost><selectable>true</selectable><statBases><MaxHitPoints>100</MaxHitPoints><Flammability>0</Flammability><DeteriorationRate>0</DeteriorationRate><Beauty>-3</Beauty><SellPriceFactor>0.20</SellPriceFactor><AccuracyTouch>0.25</AccuracyTouch><AccuracyShort>0.65</AccuracyShort><AccuracyMedium>0.75</AccuracyMedium><AccuracyLong>0.50</AccuracyLong><Mass>15</Mass></statBases><comps><li Class="CompProperties_Forbiddable" /><li><compClass>CompEquippable</compClass></li><li Class="CompProperties_Styleable" /></comps><graphicData><onGroundRandomRotateAngle>35</onGroundRandomRotateAngle><graphicClass>Graphic_Single</graphicClass><texPath>TurretEMP_Top</texPath></graphicData><allowedArchonexusCount>0</allowedArchonexusCount><destroyOnDrop>true</destroyOnDrop><canGenerateDefaultDesignator>false</canGenerateDefaultDesignator><tradeability>None</tradeability><weaponTags><li>TurretGun</li></weaponTags><weaponClasses><li>Ranged</li></weaponClasses><defName>Gun_EMPTurret</defName><label>EMP-turret gun</label><description>A simple automatic gun made to be mounted on a turret.</description><soundInteract>Interact_Rifle</soundInteract><menuHidden>true</menuHidden><verbs><li><forcedMissRadius>.5</forcedMissRadius><verbClass>Verb_Shoot</verbClass><hasStandardCommand>true</hasStandardCommand><defaultProjectile>Bullet_EMPTurret</defaultProjectile><warmupTime>4</warmupTime><range>39.9</range><minRange>5.9</minRange><ticksBetweenBurstShots>16</ticksBetweenBurstShots><burstShotCount>1</burstShotCount><soundCast>Shot_ChargeBlaster</soundCast><soundCastTail>GunTail_Heavy</soundCastTail><muzzleFlashScale>34</muzzleFlashScale><consumeFuelPerShot>1</consumeFuelPerShot></li></verbs></ThingDef> 
(Filename: C:\buildslave\unity\build\Runtime/Export/Debug/Debug.bindings.h Line: 39)

XML error: <menuHidden>true</menuHidden> doesn't correspond to any field in type ThingDef. Context: <ThingDef ParentName="BaseWeaponTurret"><thingClass>ThingWithComps</thingClass><category>Item</category><drawerType>MapMeshAndRealTime</drawerType><drawGUIOverlay>true</drawGUIOverlay><altitudeLayer>Item</altitudeLayer><alwaysHaulable>true</alwaysHaulable><tickerType>Never</tickerType><equipmentType>Primary</equipmentType><useHitPoints>false</useHitPoints><pathCost>14</pathCost><selectable>true</selectable><statBases><MaxHitPoints>100</MaxHitPoints><Flammability>0</Flammability><DeteriorationRate>0</DeteriorationRate><Beauty>-3</Beauty><SellPriceFactor>0.20</SellPriceFactor><AccuracyTouch>0.25</AccuracyTouch><AccuracyShort>0.65</AccuracyShort><AccuracyMedium>0.75</AccuracyMedium><AccuracyLong>0.75</AccuracyLong><Mass>15</Mass></statBases><comps><li Class="CompProperties_Forbiddable" /><li><compClass>CompEquippable</compClass></li><li Class="CompProperties_Styleable" /></comps><graphicData><onGroundRandomRotateAngle>35</onGroundRandomRotateAngle><graphicClass>Graphic_Single</graphicClass><texPath>TurretEMP_Top</texPath></graphicData><allowedArchonexusCount>0</allowedArchonexusCount><destroyOnDrop>true</destroyOnDrop><canGenerateDefaultDesignator>false</canGenerateDefaultDesignator><tradeability>None</tradeability><weaponTags><li>TurretGun</li></weaponTags><weaponClasses><li>Ranged</li></weaponClasses><defName>Gun_EMPTurretUpgraded</defName><label>upgraded EMP-turret gun</label><description>A simple automatic gun made to be mounted on a turret.</description><soundInteract>Interact_Rifle</soundInteract><menuHidden>true</menuHidden><verbs><li><forcedMissRadius>1</forcedMissRadius><verbClass>Verb_Shoot</verbClass><hasStandardCommand>true</hasStandardCommand><defaultProjectile>Bullet_EMPTurretUpgraded</defaultProjectile><warmupTime>5</warmupTime><range>44.9</range><minRange>7.9</minRange><ticksBetweenBurstShots>16</ticksBetweenBurstShots><burstShotCount>1</burstShotCount><soundCast>Shot_ChargeBlaster</soundCast><soundCastTail>GunTail_Heavy</soundCastTail><muzzleFlashScale>34</muzzleFlashScale><consumeFuelPerShot>1</consumeFuelPerShot></li></verbs></ThingDef> 
(Filename: C:\buildslave\unity\build\Runtime/Export/Debug/Debug.bindings.h Line: 39)

XML error: <menuHidden>true</menuHidden> doesn't correspond to any field in type ThingDef. Context: <ThingDef ParentName="BaseWeaponTurret"><thingClass>ThingWithComps</thingClass><category>Item</category><drawerType>MapMeshAndRealTime</drawerType><drawGUIOverlay>true</drawGUIOverlay><altitudeLayer>Item</altitudeLayer><alwaysHaulable>true</alwaysHaulable><tickerType>Never</tickerType><equipmentType>Primary</equipmentType><useHitPoints>false</useHitPoints><pathCost>14</pathCost><selectable>true</selectable><statBases><MaxHitPoints>100</MaxHitPoints><Flammability>0</Flammability><DeteriorationRate>0</DeteriorationRate><Beauty>-3</Beauty><SellPriceFactor>0.20</SellPriceFactor><AccuracyTouch>0.10</AccuracyTouch><AccuracyShort>0.55</AccuracyShort><AccuracyMedium>0.65</AccuracyMedium><AccuracyLong>0.05</AccuracyLong><Mass>35</Mass></statBases><comps><li Class="CompProperties_Forbiddable" /><li><compClass>CompEquippable</compClass></li><li Class="CompProperties_Styleable" /></comps><graphicData><onGroundRandomRotateAngle>35</onGroundRandomRotateAngle><graphicClass>Graphic_Single</graphicClass><texPath>TurretHeavy_Top</texPath></graphicData><allowedArchonexusCount>0</allowedArchonexusCount><destroyOnDrop>true</destroyOnDrop><canGenerateDefaultDesignator>false</canGenerateDefaultDesignator><tradeability>None</tradeability><weaponTags><li>TurretGun</li></weaponTags><weaponClasses><li>Ranged</li></weaponClasses><defName>Gun_HeavyTurret</defName><label>heavy-turret gun</label><description>A simple automatic gun made to be mounted on a turret.</description><soundInteract>Interact_Rifle</soundInteract><menuHidden>true</menuHidden><verbs><li><verbClass>Verb_Shoot</verbClass><hasStandardCommand>true</hasStandardCommand><defaultProjectile>Bullet_HeavyTurret</defaultProjectile><forcedMissRadius>2.4</forcedMissRadius><warmupTime>0</warmupTime><range>34.9</range><minRange>1.9</minRange><ticksBetweenBurstShots>9</ticksBetweenBurstShots><burstShotCount>4</burstShotCount><soundCast>Shot_Minigun</soundCast><soundCastTail>GunTail_Heavy</soundCastTail><muzzleFlashScale>14</muzzleFlashScale><consumeFuelPerShot>1</consumeFuelPerShot></li></verbs></ThingDef> 
(Filename: C:\buildslave\unity\build\Runtime/Export/Debug/Debug.bindings.h Line: 39)

XML error: <menuHidden>true</menuHidden> doesn't correspond to any field in type ThingDef. Context: <ThingDef ParentName="BaseWeaponTurret"><thingClass>ThingWithComps</thingClass><category>Item</category><drawerType>MapMeshAndRealTime</drawerType><drawGUIOverlay>true</drawGUIOverlay><altitudeLayer>Item</altitudeLayer><alwaysHaulable>true</alwaysHaulable><tickerType>Never</tickerType><equipmentType>Primary</equipmentType><useHitPoints>false</useHitPoints><pathCost>14</pathCost><selectable>true</selectable><statBases><MaxHitPoints>100</MaxHitPoints><Flammability>0</Flammability><DeteriorationRate>0</DeteriorationRate><Beauty>-3</Beauty><SellPriceFactor>0.20</SellPriceFactor><AccuracyTouch>0.05</AccuracyTouch><AccuracyShort>0.15</AccuracyShort><AccuracyMedium>0.58</AccuracyMedium><AccuracyLong>0.69</AccuracyLong><Mass>35</Mass></statBases><comps><li Class="CompProperties_Forbiddable" /><li><compClass>CompEquippable</compClass></li><li Class="CompProperties_Styleable" /></comps><graphicData><onGroundRandomRotateAngle>35</onGroundRandomRotateAngle><graphicClass>Graphic_Single</graphicClass><texPath>TurretHeavy_Top</texPath></graphicData><allowedArchonexusCount>0</allowedArchonexusCount><destroyOnDrop>true</destroyOnDrop><canGenerateDefaultDesignator>false</canGenerateDefaultDesignator><tradeability>None</tradeability><weaponTags><li>TurretGun</li></weaponTags><weaponClasses><li>Ranged</li></weaponClasses><defName>Gun_HeavyTurretUpgraded</defName><label>upgraded heavy-turret gun</label><description>A simple automatic gun made to be mounted on a turret.</description><soundInteract>Interact_Rifle</soundInteract><menuHidden>true</menuHidden><verbs><li><verbClass>Verb_Shoot</verbClass><hasStandardCommand>true</hasStandardCommand><defaultProjectile>Bullet_HeavyTurret</defaultProjectile><forcedMissRadius>2</forcedMissRadius><warmupTime>0</warmupTime><range>54.9</range><minRange>12.9</minRange><ticksBetweenBurstShots>13</ticksBetweenBurstShots><burstShotCount>6</burstShotCount><soundCast>Shot_Minigun</soundCast><soundCastTail>GunTail_Heavy</soundCastTail><muzzleFlashScale>14</muzzleFlashScale><consumeFuelPerShot>1</consumeFuelPerShot></li></verbs></ThingDef> 
(Filename: C:\buildslave\unity\build\Runtime/Export/Debug/Debug.bindings.h Line: 39)

XML error: <menuHidden>true</menuHidden> doesn't correspond to any field in type ThingDef. Context: <ThingDef ParentName="BaseWeaponTurret"><thingClass>ThingWithComps</thingClass><category>Item</category><drawerType>MapMeshAndRealTime</drawerType><drawGUIOverlay>true</drawGUIOverlay><altitudeLayer>Item</altitudeLayer><alwaysHaulable>true</alwaysHaulable><tickerType>Never</tickerType><equipmentType>Primary</equipmentType><useHitPoints>false</useHitPoints><pathCost>14</pathCost><selectable>true</selectable><statBases><MaxHitPoints>100</MaxHitPoints><Flammability>0</Flammability><DeteriorationRate>0</DeteriorationRate><Beauty>-3</Beauty><SellPriceFactor>0.20</SellPriceFactor><AccuracyTouch>0.05</AccuracyTouch><AccuracyShort>0.48</AccuracyShort><AccuracyMedium>0.65</AccuracyMedium><AccuracyLong>0.58</AccuracyLong><Mass>15</Mass></statBases><comps><li Class="CompProperties_Forbiddable" /><li><compClass>CompEquippable</compClass></li><li Class="CompProperties_Styleable" /></comps><graphicData><onGroundRandomRotateAngle>35</onGroundRandomRotateAngle><graphicClass>Graphic_Single</graphicClass><texPath>TurretConcussive_Top</texPath></graphicData><allowedArchonexusCount>0</allowedArchonexusCount><destroyOnDrop>true</destroyOnDrop><canGenerateDefaultDesignator>false</canGenerateDefaultDesignator><tradeability>None</tradeability><weaponTags><li>TurretGun</li></weaponTags><weaponClasses><li>Ranged</li></weaponClasses><defName>Gun_ConcussiveTurret</defName><label>concussive-turret gun</label><description>A simple automatic gun made to be mounted on a turret.</description><soundInteract>Interact_Rifle</soundInteract><menuHidden>true</menuHidden><verbs><li><forcedMissRadius>1</forcedMissRadius><verbClass>Verb_Shoot</verbClass><hasStandardCommand>true</hasStandardCommand><defaultProjectile>Bullet_ConcussiveTurret</defaultProjectile><warmupTime>3</warmupTime><range>39.9</range><minRange>5.9</minRange><ticksBetweenBurstShots>8</ticksBetweenBurstShots><burstShotCount>1</burstShotCount><soundCast>Mortar_LaunchA</soundCast><soundCastTail>GunTail_Heavy</soundCastTail><muzzleFlashScale>34</muzzleFlashScale><consumeFuelPerShot>1</consumeFuelPerShot></li></verbs></ThingDef> 
(Filename: C:\buildslave\unity\build\Runtime/Export/Debug/Debug.bindings.h Line: 39)

XML error: <menuHidden>true</menuHidden> doesn't correspond to any field in type ThingDef. Context: <ThingDef ParentName="BaseWeaponTurret"><thingClass>ThingWithComps</thingClass><category>Item</category><drawerType>MapMeshAndRealTime</drawerType><drawGUIOverlay>true</drawGUIOverlay><altitudeLayer>Item</altitudeLayer><alwaysHaulable>true</alwaysHaulable><tickerType>Never</tickerType><equipmentType>Primary</equipmentType><useHitPoints>false</useHitPoints><pathCost>14</pathCost><selectable>true</selectable><statBases><MaxHitPoints>100</MaxHitPoints><Flammability>0</Flammability><DeteriorationRate>0</DeteriorationRate><Beauty>-3</Beauty><SellPriceFactor>0.20</SellPriceFactor><AccuracyTouch>0.05</AccuracyTouch><AccuracyShort>0.15</AccuracyShort><AccuracyMedium>0.67</AccuracyMedium><AccuracyLong>0.80</AccuracyLong><Mass>15</Mass></statBases><comps><li Class="CompProperties_Forbiddable" /><li><compClass>CompEquippable</compClass></li><li Class="CompProperties_Styleable" /></comps><graphicData><onGroundRandomRotateAngle>35</onGroundRandomRotateAngle><graphicClass>Graphic_Single</graphicClass><texPath>TurretConcussive_Top</texPath></graphicData><allowedArchonexusCount>0</allowedArchonexusCount><destroyOnDrop>true</destroyOnDrop><canGenerateDefaultDesignator>false</canGenerateDefaultDesignator><tradeability>None</tradeability><weaponTags><li>TurretGun</li></weaponTags><weaponClasses><li>Ranged</li></weaponClasses><defName>Gun_ConcussiveTurretUpgraded</defName><label>upgraded concussive-turret gun</label><description>A simple automatic gun made to be mounted on a turret.</description><soundInteract>Interact_Rifle</soundInteract><menuHidden>true</menuHidden><verbs><li><forcedMissRadius>1</forcedMissRadius><verbClass>Verb_Shoot</verbClass><hasStandardCommand>true</hasStandardCommand><defaultProjectile>Bullet_ConcussiveTurretUpgraded</defaultProjectile><warmupTime>3</warmupTime><range>45.9</range><minRange>8.9</minRange><ticksBetweenBurstShots>24</ticksBetweenBurstShots><burstShotCount>3</burstShotCount><soundCast>Mortar_LaunchA</soundCast><soundCastTail>GunTail_Heavy</soundCastTail><muzzleFlashScale>34</muzzleFlashScale><consumeFuelPerShot>1</consumeFuelPerShot></li></verbs></ThingDef> 
(Filename: C:\buildslave\unity\build\Runtime/Export/Debug/Debug.bindings.h Line: 39)

XML error: <menuHidden>true</menuHidden> doesn't correspond to any field in type ThingDef. Context: <ThingDef ParentName="BaseWeaponTurret"><thingClass>ThingWithComps</thingClass><category>Item</category><drawerType>MapMeshAndRealTime</drawerType><drawGUIOverlay>true</drawGUIOverlay><altitudeLayer>Item</altitudeLayer><alwaysHaulable>true</alwaysHaulable><tickerType>Never</tickerType><equipmentType>Primary</equipmentType><useHitPoints>false</useHitPoints><pathCost>14</pathCost><selectable>true</selectable><statBases><MaxHitPoints>100</MaxHitPoints><Flammability>0</Flammability><DeteriorationRate>0</DeteriorationRate><Beauty>-3</Beauty><SellPriceFactor>0.20</SellPriceFactor><AccuracyTouch>0.76</AccuracyTouch><AccuracyShort>0.68</AccuracyShort><AccuracyMedium>0.45</AccuracyMedium><AccuracyLong>0.15</AccuracyLong><Mass>5</Mass></statBases><comps><li Class="CompProperties_Forbiddable" /><li><compClass>CompEquippable</compClass></li><li Class="CompProperties_Styleable" /></comps><graphicData><onGroundRandomRotateAngle>35</onGroundRandomRotateAngle><graphicClass>Graphic_Single</graphicClass><texPath>TurretStunning_Top</texPath></graphicData><allowedArchonexusCount>0</allowedArchonexusCount><destroyOnDrop>true</destroyOnDrop><canGenerateDefaultDesignator>false</canGenerateDefaultDesignator><tradeability>None</tradeability><weaponTags><li>TurretGun</li></weaponTags><weaponClasses><li>Ranged</li></weaponClasses><defName>Gun_StunningTurret</defName><label>stunning-turret gun</label><description>A simple automatic gun made to be mounted on a turret.</description><soundInteract>Interact_Rifle</soundInteract><menuHidden>true</menuHidden><verbs><li><verbClass>Verb_Shoot</verbClass><hasStandardCommand>true</hasStandardCommand><defaultProjectile>Bullet_StunningTurret</defaultProjectile><warmupTime>0</warmupTime><range>19.9</range><ticksBetweenBurstShots>16</ticksBetweenBurstShots><burstShotCount>1</burstShotCount><soundCast>GunShotA</soundCast><soundCastTail>GunTail_Light</soundCastTail><muzzleFlashScale>9</muzzleFlashScale><consumeFuelPerShot>1</consumeFuelPerShot></li></verbs></ThingDef> 
(Filename: C:\buildslave\unity\build\Runtime/Export/Debug/Debug.bindings.h Line: 39)

XML error: <menuHidden>true</menuHidden> doesn't correspond to any field in type ThingDef. Context: <ThingDef ParentName="BaseWeaponTurret"><thingClass>ThingWithComps</thingClass><category>Item</category><drawerType>MapMeshAndRealTime</drawerType><drawGUIOverlay>true</drawGUIOverlay><altitudeLayer>Item</altitudeLayer><alwaysHaulable>true</alwaysHaulable><tickerType>Never</tickerType><equipmentType>Primary</equipmentType><useHitPoints>false</useHitPoints><pathCost>14</pathCost><selectable>true</selectable><statBases><MaxHitPoints>100</MaxHitPoints><Flammability>0</Flammability><DeteriorationRate>0</DeteriorationRate><Beauty>-3</Beauty><SellPriceFactor>0.20</SellPriceFactor><AccuracyTouch>0.76</AccuracyTouch><AccuracyShort>0.68</AccuracyShort><AccuracyMedium>0.45</AccuracyMedium><AccuracyLong>0.15</AccuracyLong><Mass>5</Mass></statBases><comps><li Class="CompProperties_Forbiddable" /><li><compClass>CompEquippable</compClass></li><li Class="CompProperties_Styleable" /></comps><graphicData><onGroundRandomRotateAngle>35</onGroundRandomRotateAngle><graphicClass>Graphic_Single</graphicClass><texPath>TurretStunning_Top</texPath></graphicData><allowedArchonexusCount>0</allowedArchonexusCount><destroyOnDrop>true</destroyOnDrop><canGenerateDefaultDesignator>false</canGenerateDefaultDesignator><tradeability>None</tradeability><weaponTags><li>TurretGun</li></weaponTags><weaponClasses><li>Ranged</li></weaponClasses><defName>Gun_StunningTurretUpgraded</defName><label>upgraded stunning-turret gun</label><description>A simple automatic gun made to be mounted on a turret.</description><soundInteract>Interact_Rifle</soundInteract><menuHidden>true</menuHidden><verbs><li><verbClass>Verb_Shoot</verbClass><hasStandardCommand>true</hasStandardCommand><defaultProjectile>Bullet_StunningTurret</defaultProjectile><warmupTime>0</warmupTime><range>24.9</range><ticksBetweenBurstShots>16</ticksBetweenBurstShots><burstShotCount>1</burstShotCount><soundCast>GunShotA</soundCast><soundCastTail>GunTail_Light</soundCastTail><muzzleFlashScale>9</muzzleFlashScale><consumeFuelPerShot>1</consumeFuelPerShot></li></verbs></ThingDef> 
(Filename: C:\buildslave\unity\build\Runtime/Export/Debug/Debug.bindings.h Line: 39)

XML error: <menuHidden>true</menuHidden> doesn't correspond to any field in type ThingDef. Context: <ThingDef ParentName="BaseWeaponTurret"><thingClass>ThingWithComps</thingClass><category>Item</category><drawerType>MapMeshAndRealTime</drawerType><drawGUIOverlay>true</drawGUIOverlay><altitudeLayer>Item</altitudeLayer><alwaysHaulable>true</alwaysHaulable><tickerType>Never</tickerType><equipmentType>Primary</equipmentType><useHitPoints>false</useHitPoints><pathCost>14</pathCost><selectable>true</selectable><statBases><MaxHitPoints>100</MaxHitPoints><Flammability>0</Flammability><DeteriorationRate>0</DeteriorationRate><Beauty>-3</Beauty><SellPriceFactor>0.20</SellPriceFactor><AccuracyTouch>0.95</AccuracyTouch><AccuracyShort>0.90</AccuracyShort><AccuracyMedium>0.85</AccuracyMedium><AccuracyLong>0.80</AccuracyLong><Mass>5</Mass></statBases><comps><li Class="CompProperties_Forbiddable" /><li><compClass>CompEquippable</compClass></li><li Class="CompProperties_Styleable" /></comps><graphicData><onGroundRandomRotateAngle>35</onGroundRandomRotateAngle><graphicClass>Graphic_Single</graphicClass><texPath>TurretTazer_Top</texPath></graphicData><allowedArchonexusCount>0</allowedArchonexusCount><destroyOnDrop>true</destroyOnDrop><canGenerateDefaultDesignator>false</canGenerateDefaultDesignator><tradeability>None</tradeability><weaponTags><li>TurretGun</li></weaponTags><weaponClasses><li>Ranged</li></weaponClasses><defName>Gun_TazingTurret</defName><label>tazing-turret gun</label><description>A simple automatic gun made to be mounted on a turret.</description><soundInteract>Interact_Rifle</soundInteract><menuHidden>true</menuHidden><verbs><li><verbClass>Verb_Shoot</verbClass><hasStandardCommand>true</hasStandardCommand><defaultProjectile>Bullet_TazingTurret</defaultProjectile><warmupTime>2</warmupTime><range>15.9</range><ticksBetweenBurstShots>8</ticksBetweenBurstShots><burstShotCount>1</burstShotCount><soundCast>GunShotA</soundCast><soundCastTail>GunTail_Light</soundCastTail><muzzleFlashScale>9</muzzleFlashScale><consumeFuelPerShot>1</consumeFuelPerShot></li></verbs></ThingDef> 
(Filename: C:\buildslave\unity\build\Runtime/Export/Debug/Debug.bindings.h Line: 39)

XML error: <menuHidden>true</menuHidden> doesn't correspond to any field in type ThingDef. Context: <ThingDef ParentName="BaseWeaponTurret"><thingClass>ThingWithComps</thingClass><category>Item</category><drawerType>MapMeshAndRealTime</drawerType><drawGUIOverlay>true</drawGUIOverlay><altitudeLayer>Item</altitudeLayer><alwaysHaulable>true</alwaysHaulable><tickerType>Never</tickerType><equipmentType>Primary</equipmentType><useHitPoints>false</useHitPoints><pathCost>14</pathCost><selectable>true</selectable><statBases><MaxHitPoints>100</MaxHitPoints><Flammability>0</Flammability><DeteriorationRate>0</DeteriorationRate><Beauty>-3</Beauty><SellPriceFactor>0.20</SellPriceFactor><AccuracyTouch>0.95</AccuracyTouch><AccuracyShort>0.90</AccuracyShort><AccuracyMedium>0.85</AccuracyMedium><AccuracyLong>0.80</AccuracyLong><Mass>5</Mass></statBases><comps><li Class="CompProperties_Forbiddable" /><li><compClass>CompEquippable</compClass></li><li Class="CompProperties_Styleable" /></comps><graphicData><onGroundRandomRotateAngle>35</onGroundRandomRotateAngle><graphicClass>Graphic_Single</graphicClass><texPath>TurretTazer_Top</texPath></graphicData><allowedArchonexusCount>0</allowedArchonexusCount><destroyOnDrop>true</destroyOnDrop><canGenerateDefaultDesignator>false</canGenerateDefaultDesignator><tradeability>None</tradeability><weaponTags><li>TurretGun</li></weaponTags><weaponClasses><li>Ranged</li></weaponClasses><defName>Gun_TazingTurretUpgraded</defName><label>upgraded tazing-turret gun</label><description>A simple automatic gun made to be mounted on a turret.</description><soundInteract>Interact_Rifle</soundInteract><menuHidden>true</menuHidden><verbs><li><verbClass>Verb_Shoot</verbClass><hasStandardCommand>true</hasStandardCommand><defaultProjectile>Bullet_TazingTurret</defaultProjectile><warmupTime>2</warmupTime><range>24.9</range><ticksBetweenBurstShots>8</ticksBetweenBurstShots><burstShotCount>2</burstShotCount><soundCast>GunShotA</soundCast><soundCastTail>GunTail_Light</soundCastTail><muzzleFlashScale>9</muzzleFlashScale><consumeFuelPerShot>1</consumeFuelPerShot></li></verbs></ThingDef> 
(Filename: C:\buildslave\unity\build\Runtime/Export/Debug/Debug.bindings.h Line: 39)

Parsed 7.5 as int. 
(Filename: C:\buildslave\unity\build\Runtime/Export/Debug/Debug.bindings.h Line: 39)

[BetterLoading] Finished stage Constructing Defs at 3:15:49 PM.
[BetterLoading] Starting stage Reloading Def Databases.
[Rah's Bionics and Surgery Expansion] Patch operation Verse.PatchOperationFindMod(Royalty) failed
file: C:\Program Files (x86)\Steam\steamapps\workshop\content\294100\850429707\1.3\Patches\RoyaltyPatch.xml 
(Filename: C:\buildslave\unity\build\Runtime/Export/Debug/Debug.bindings.h Line: 39)

Could not resolve cross-reference: No Verse.SoundDef named AA_DestroyEyes found to give to VFECore.Abilities.AbilityDef AAVPE_EyeEruption (using undefined sound instead) 
(Filename: C:\buildslave\unity\build\Runtime/Export/Debug/Debug.bindings.h Line: 39)

SimplyMoreBridges: Found 7 materials to generate bridge-definitions for.
SimplyMoreBridges: Generated the following stony bridges: HeavyBridgeSandstone,DeepWaterBridgeSandstone,HeavyBridgeGranite,DeepWaterBridgeGranite,HeavyBridgeLimestone,DeepWaterBridgeLimestone,HeavyBridgeSlate,DeepWaterBridgeSlate,HeavyBridgeMarble,DeepWaterBridgeMarble
SimplyMoreBridges: Generated the following metal bridges: HeavyBridgeSteel,HeavyBridgePlasteel
SimplyMoreBridges: Generated the following woody bridges: 
Could not resolve cross-reference: No Verse.ThingDef named Mote_BlastFlame found to give to Verse.DamageDef Laser 
(Filename: C:\buildslave\unity\build\Runtime/Export/Debug/Debug.bindings.h Line: 39)

Could not resolve cross-reference: No Verse.ThingDef named Mote_BlastDry found to give to Verse.DamageDef RottenBurst 
(Filename: C:\buildslave\unity\build\Runtime/Export/Debug/Debug.bindings.h Line: 39)

Could not resolve cross-reference: No Verse.ThingDef named Mote_BlastFlame found to give to Corruption.Core.DamageDefMutation MutatingBurn 
(Filename: C:\buildslave\unity\build\Runtime/Export/Debug/Debug.bindings.h Line: 39)

Could not resolve cross-reference: No Verse.ThingDef named Mote_BlastFlame found to give to Corruption.Core.DamageDefMutation MutatingExplosion 
(Filename: C:\buildslave\unity\build\Runtime/Export/Debug/Debug.bindings.h Line: 39)

Could not resolve cross-reference: No Verse.ThingDef named Mote_BloodSplash found to give to Corruption.Psykers.CompProperties_DirectDamage Corruption.Psykers.CompProperties_DirectDamage 
(Filename: C:\buildslave\unity\build\Runtime/Export/Debug/Debug.bindings.h Line: 39)

Could not resolve cross-reference: No Verse.ThingDef named Mote_BloodSplash found to give to Corruption.Psykers.CompProperties_DirectDamage Corruption.Psykers.CompProperties_DirectDamage 
(Filename: C:\buildslave\unity\build\Runtime/Export/Debug/Debug.bindings.h Line: 39)

Could not resolve cross-reference: No Verse.ThingDef named Mote_BlastDry found to give to Verse.DamageDef HeavyRound 
(Filename: C:\buildslave\unity\build\Runtime/Export/Debug/Debug.bindings.h Line: 39)

Could not resolve cross-reference: No Verse.ThingDef named Mote_BloodSplash found to give to Corruption.Psykers.CompProperties_DirectDamage Corruption.Psykers.CompProperties_DirectDamage 
(Filename: C:\buildslave\unity\build\Runtime/Export/Debug/Debug.bindings.h Line: 39)

Could not resolve cross-reference: No Verse.ThingDef named Mote_BloodSplash found to give to Corruption.Psykers.CompProperties_DirectDamage Corruption.Psykers.CompProperties_DirectDamage 
(Filename: C:\buildslave\unity\build\Runtime/Export/Debug/Debug.bindings.h Line: 39)

Could not resolve cross-reference: No Verse.ThingDef named Mote_BloodSplash found to give to Corruption.Psykers.CompProperties_DirectDamage Corruption.Psykers.CompProperties_DirectDamage 
(Filename: C:\buildslave\unity\build\Runtime/Export/Debug/Debug.bindings.h Line: 39)

Could not resolve cross-reference: No Verse.ThingDef named Mote_BloodSplash found to give to Corruption.Psykers.CompProperties_DirectDamage Corruption.Psykers.CompProperties_DirectDamage 
(Filename: C:\buildslave\unity\build\Runtime/Export/Debug/Debug.bindings.h Line: 39)

Could not resolve cross-reference: No Verse.ThingDef named Mote_FireGlow found to give to Corruption.Psykers.CompProperties_DirectDamage Corruption.Psykers.CompProperties_DirectDamage 
(Filename: C:\buildslave\unity\build\Runtime/Export/Debug/Debug.bindings.h Line: 39)

Could not resolve cross-reference: No Verse.ThingDef named Mote_FireGlow found to give to Corruption.Psykers.CompProperties_DirectDamage Corruption.Psykers.CompProperties_DirectDamage 
(Filename: C:\buildslave\unity\build\Runtime/Export/Debug/Debug.bindings.h Line: 39)

Could not resolve cross-reference: No Verse.ThingDef named Mote_FireGlow found to give to Corruption.Psykers.CompProperties_DirectDamage Corruption.Psykers.CompProperties_DirectDamage 
(Filename: C:\buildslave\unity\build\Runtime/Export/Debug/Debug.bindings.h Line: 39)

Could not resolve cross-reference: No Verse.ThingDef named Mote_ShotHit_Dirt found to give to RimWorld.AbilityDef TelekAssailI 
(Filename: C:\buildslave\unity\build\Runtime/Export/Debug/Debug.bindings.h Line: 39)

Could not resolve cross-reference: No Verse.ThingDef named Mote_ShotHit_Dirt found to give to RimWorld.AbilityDef TelekAssailII 
(Filename: C:\buildslave\unity\build\Runtime/Export/Debug/Debug.bindings.h Line: 39)

Could not resolve cross-reference: No Verse.ThingDef named Mote_ShotHit_Dirt found to give to RimWorld.AbilityDef TelekAssailIII 
(Filename: C:\buildslave\unity\build\Runtime/Export/Debug/Debug.bindings.h Line: 39)

Could not resolve cross-reference: No Verse.ThingDef named Mote_FireGlow found to give to Corruption.Psykers.CompProperties_DirectDamage Corruption.Psykers.CompProperties_DirectDamage 
(Filename: C:\buildslave\unity\build\Runtime/Export/Debug/Debug.bindings.h Line: 39)

Could not resolve cross-reference: No Verse.ThingDef named Mote_FireGlow found to give to Corruption.Psykers.CompProperties_DirectDamage Corruption.Psykers.CompProperties_DirectDamage 
(Filename: C:\buildslave\unity\build\Runtime/Export/Debug/Debug.bindings.h Line: 39)

Could not resolve cross-reference: No Verse.ThingDef named Mote_FireGlow found to give to Corruption.Psykers.CompProperties_DirectDamage Corruption.Psykers.CompProperties_DirectDamage 
(Filename: C:\buildslave\unity\build\Runtime/Export/Debug/Debug.bindings.h Line: 39)

Could not resolve cross-reference: No Verse.ThingDef named Mote_Smoke found to give to RimWorld.CompProperties_MoteEmitter RimWorld.CompProperties_MoteEmitter 
(Filename: C:\buildslave\unity\build\Runtime/Export/Debug/Debug.bindings.h Line: 39)

Could not resolve cross-reference: No Verse.ThingDef named Mote_PsycastPsychicEffect found to give to RimWorld.CompProperties_AbilityMoteOnTarget RimWorld.CompProperties_AbilityMoteOnTarget 
(Filename: C:\buildslave\unity\build\Runtime/Export/Debug/Debug.bindings.h Line: 39)

Could not resolve cross-reference: No Verse.ThingDef named Mote_PsycastPsychicEffect found to give to RimWorld.CompProperties_AbilityMoteOnTarget RimWorld.CompProperties_AbilityMoteOnTarget 
(Filename: C:\buildslave\unity\build\Runtime/Export/Debug/Debug.bindings.h Line: 39)

Knowledge data was missing key TM_Portals. Adding it... 
(Filename: C:\buildslave\unity\build\Runtime/Export/Debug/Debug.bindings.h Line: 39)

Knowledge data was missing key TM_Enchanting. Adding it... 
(Filename: C:\buildslave\unity\build\Runtime/Export/Debug/Debug.bindings.h Line: 39)

Knowledge data was missing key TM_EnchantingII. Adding it... 
(Filename: C:\buildslave\unity\build\Runtime/Export/Debug/Debug.bindings.h Line: 39)

Knowledge data was missing key DW_Penalties. Adding it... 
(Filename: C:\buildslave\unity\build\Runtime/Export/Debug/Debug.bindings.h Line: 39)

Knowledge data was missing key DW_Settings. Adding it... 
(Filename: C:\buildslave\unity\build\Runtime/Export/Debug/Debug.bindings.h Line: 39)

Knowledge data was missing key SoulKnowledge. Adding it... 
(Filename: C:\buildslave\unity\build\Runtime/Export/Debug/Debug.bindings.h Line: 39)

Knowledge data was missing key Prayers. Adding it... 
(Filename: C:\buildslave\unity\build\Runtime/Export/Debug/Debug.bindings.h Line: 39)

Knowledge data was missing key CorruptionKnowledge. Adding it... 
(Filename: C:\buildslave\unity\build\Runtime/Export/Debug/Debug.bindings.h Line: 39)

Knowledge data was missing key GlobalFavourKnowledge. Adding it... 
(Filename: C:\buildslave\unity\build\Runtime/Export/Debug/Debug.bindings.h Line: 39)

Knowledge data was missing key AltarKnowledge. Adding it... 
(Filename: C:\buildslave\unity\build\Runtime/Export/Debug/Debug.bindings.h Line: 39)

Knowledge data was missing key ROM_SanityLossConcept. Adding it... 
(Filename: C:\buildslave\unity\build\Runtime/Export/Debug/Debug.bindings.h Line: 39)

Knowledge data was missing key GuestBeds. Adding it... 
(Filename: C:\buildslave\unity\build\Runtime/Export/Debug/Debug.bindings.h Line: 39)

Knowledge data was missing key RecruitGuest. Adding it... 
(Filename: C:\buildslave\unity\build\Runtime/Export/Debug/Debug.bindings.h Line: 39)

Knowledge data was missing key GuestWork. Adding it... 
(Filename: C:\buildslave\unity\build\Runtime/Export/Debug/Debug.bindings.h Line: 39)

Knowledge data was missing key Hospitality. Adding it... 
(Filename: C:\buildslave\unity\build\Runtime/Export/Debug/Debug.bindings.h Line: 39)

Knowledge data was missing key WTH_Hacking. Adding it... 
(Filename: C:\buildslave\unity\build\Runtime/Export/Debug/Debug.bindings.h Line: 39)

Knowledge data was missing key WTH_Platform. Adding it... 
(Filename: C:\buildslave\unity\build\Runtime/Export/Debug/Debug.bindings.h Line: 39)

Knowledge data was missing key WTH_Modification. Adding it... 
(Filename: C:\buildslave\unity\build\Runtime/Export/Debug/Debug.bindings.h Line: 39)

Knowledge data was missing key WTH_Caravanning. Adding it... 
(Filename: C:\buildslave\unity\build\Runtime/Export/Debug/Debug.bindings.h Line: 39)

Knowledge data was missing key WTH_Maintenance. Adding it... 
(Filename: C:\buildslave\unity\build\Runtime/Export/Debug/Debug.bindings.h Line: 39)

Knowledge data was missing key WTH_Power. Adding it... 
(Filename: C:\buildslave\unity\build\Runtime/Export/Debug/Debug.bindings.h Line: 39)

Knowledge data was missing key WTH_Concept_MechanoidParts. Adding it... 
(Filename: C:\buildslave\unity\build\Runtime/Export/Debug/Debug.bindings.h Line: 39)

Knowledge data was missing key WTH_Concept_RogueAI. Adding it... 
(Filename: C:\buildslave\unity\build\Runtime/Export/Debug/Debug.bindings.h Line: 39)

Knowledge data was missing key WTH_Concept_RogueAI_LevelUp. Adding it... 
(Filename: C:\buildslave\unity\build\Runtime/Export/Debug/Debug.bindings.h Line: 39)

Knowledge data was missing key WTH_Concept_RogueAI_Mood. Adding it... 
(Filename: C:\buildslave\unity\build\Runtime/Export/Debug/Debug.bindings.h Line: 39)

Knowledge data was missing key GUC_Animal_Handling. Adding it... 
(Filename: C:\buildslave\unity\build\Runtime/Export/Debug/Debug.bindings.h Line: 39)

Knowledge data was missing key BM_Mounting. Adding it... 
(Filename: C:\buildslave\unity\build\Runtime/Export/Debug/Debug.bindings.h Line: 39)

Knowledge data was missing key BM_Enemy_Mounting. Adding it... 
(Filename: C:\buildslave\unity\build\Runtime/Export/Debug/Debug.bindings.h Line: 39)

Knowledge data was missing key QRY_ReclaimingSoil. Adding it... 
(Filename: C:\buildslave\unity\build\Runtime/Export/Debug/Debug.bindings.h Line: 39)

Knowledge data was missing key BuildersTryMine. Adding it... 
(Filename: C:\buildslave\unity\build\Runtime/Export/Debug/Debug.bindings.h Line: 39)

Knowledge data was missing key Concept_SimpleSidearmsBasic. Adding it... 
(Filename: C:\buildslave\unity\build\Runtime/Export/Debug/Debug.bindings.h Line: 39)

Knowledge data was missing key Concept_SidearmsDropping. Adding it... 
(Filename: C:\buildslave\unity\build\Runtime/Export/Debug/Debug.bindings.h Line: 39)

Knowledge data was missing key Concept_SidearmsMissing. Adding it... 
(Filename: C:\buildslave\unity\build\Runtime/Export/Debug/Debug.bindings.h Line: 39)

Knowledge data was missing key Concept_SimpleSidearmsPreference. Adding it... 
(Filename: C:\buildslave\unity\build\Runtime/Export/Debug/Debug.bindings.h Line: 39)

Knowledge data was missing key Concept_SimpleSidearmsAdvancedRanged. Adding it... 
(Filename: C:\buildslave\unity\build\Runtime/Export/Debug/Debug.bindings.h Line: 39)

Knowledge data was missing key Concept_SimpleSidearmsAdvancedMelee. Adding it... 
(Filename: C:\buildslave\unity\build\Runtime/Export/Debug/Debug.bindings.h Line: 39)

Knowledge data was missing key Concept_SimpleSidearmsAdvancedDrafted. Adding it... 
(Filename: C:\buildslave\unity\build\Runtime/Export/Debug/Debug.bindings.h Line: 39)

Knowledge data was missing key Concept_SimpleSidearmsLosingWeapons. Adding it... 
(Filename: C:\buildslave\unity\build\Runtime/Export/Debug/Debug.bindings.h Line: 39)

Knowledge data was missing key Concept_CEOverride. Adding it... 
(Filename: C:\buildslave\unity\build\Runtime/Export/Debug/Debug.bindings.h Line: 39)

<color=orange>[OskarObnoxious]</color> version 1.3.0010
[BetterLoading] Finished stage Reloading Def Databases at 3:16:26 PM.
[BetterLoading] Tips should now be available. Showing...
[MadSkills]: changed behavior of Great Memory trait.
[BetterLoading] Starting stage Running Post Content Load Callbacks.
Key binding conflict: MainTab_kNumbersOverviewTab and RimSearch_Search are both bound to Z. 
(Filename: C:\buildslave\unity\build\Runtime/Export/Debug/Debug.bindings.h Line: 39)

Key binding conflict: RimSearch_Search and MainTab_kNumbersOverviewTab are both bound to Z. 
(Filename: C:\buildslave\unity\build\Runtime/Export/Debug/Debug.bindings.h Line: 39)

AMP_Exoskeleton already has short hash. 
(Filename: C:\buildslave\unity\build\Runtime/Export/Debug/Debug.bindings.h Line: 39)

AMP_Exoskeleton_B already has short hash. 
(Filename: C:\buildslave\unity\build\Runtime/Export/Debug/Debug.bindings.h Line: 39)

WalkerGear_AntiMaterial already has short hash. 
(Filename: C:\buildslave\unity\build\Runtime/Export/Debug/Debug.bindings.h Line: 39)

WalkerGear_AntiTank already has short hash. 
(Filename: C:\buildslave\unity\build\Runtime/Export/Debug/Debug.bindings.h Line: 39)

WalkerGear_ArmourRecon already has short hash. 
(Filename: C:\buildslave\unity\build\Runtime/Export/Debug/Debug.bindings.h Line: 39)

WalkerGear_FireSupport already has short hash. 
(Filename: C:\buildslave\unity\build\Runtime/Export/Debug/Debug.bindings.h Line: 39)

WalkerGear_FlameThrower already has short hash. 
(Filename: C:\buildslave\unity\build\Runtime/Export/Debug/Debug.bindings.h Line: 39)

WalkerGear_SeigeSupport already has short hash. 
(Filename: C:\buildslave\unity\build\Runtime/Export/Debug/Debug.bindings.h Line: 39)

WalkerGear_UrbanCombat already has short hash. 
(Filename: C:\buildslave\unity\build\Runtime/Export/Debug/Debug.bindings.h Line: 39)

[BetterLoading] Processing 33765 post-load tasks.
d3d11: failed to create 2D texture id=17045 width=15 height=15 mips=5 dxgifmt=28 [D3D error was 80070057]
 
(Filename:  Line: 587)

d3d11: failed to create 2D texture shader resource view id=17045 [D3D error was 80070057]
 
(Filename:  Line: 537)

[MVCF] Applying RunAndGun compatibility patch
[MVCF] Applying Dual Wield compatibility patch
Quarry:: Total 11 quarryable terrain found, processed: Sandstone, Granite, Limestone, Slate, Marble, Rose quartz, Cragstone, Obsidian, Mudstone, Hardened slime, Ancient metal
1 QuarryableStoneDef's found
Rim War: adding peaceful pawngroupmaker to FactionDef Pirate
Rim War: adding trader pawngroupmaker to FactionDef Pirate
Rim War: adding peaceful pawngroupmaker to FactionDef CannibalPirate
Rim War: adding trader pawngroupmaker to FactionDef CannibalPirate
Rim War: adding peaceful pawngroupmaker to FactionDef AndroidRebellionAtlas
Rim War: adding trader pawngroupmaker to FactionDef AndroidRebellionAtlas
Rim War: adding trader pawngroupmaker to FactionDef ROM_LostPlatoon
Rim War: adding trader pawngroupmaker to FactionDef OrionCo
Rim War: adding peaceful pawngroupmaker to FactionDef VFEI_Insect
Rim War: adding trader pawngroupmaker to FactionDef VFEI_Insect
Rim War: adding peaceful pawngroupmaker to FactionDef VFEP_Junkers
Rim War: adding trader pawngroupmaker to FactionDef VFEP_Junkers
Rim War: adding peaceful pawngroupmaker to FactionDef VFEP_Mercenaries
Rim War: adding trader pawngroupmaker to FactionDef VFEP_Mercenaries
Texture SurrogatePod_east has dimensions of 256 x 128, but its mask has 128 x 256. This is not supported, texture will be excluded from atlas 
(Filename: C:\buildslave\unity\build\Runtime/Export/Debug/Debug.bindings.h Line: 39)

Texture SurrogatePod_east has dimensions of 256 x 128, but its mask has 128 x 256. This is not supported, texture will be excluded from atlas 
(Filename: C:\buildslave\unity\build\Runtime/Export/Debug/Debug.bindings.h Line: 39)

Texture SurrogatePod_east has dimensions of 256 x 128, but its mask has 128 x 256. This is not supported, texture will be excluded from atlas 
(Filename: C:\buildslave\unity\build\Runtime/Export/Debug/Debug.bindings.h Line: 39)

Texture SurrogatePod_east has dimensions of 256 x 128, but its mask has 128 x 256. This is not supported, texture will be excluded from atlas 
(Filename: C:\buildslave\unity\build\Runtime/Export/Debug/Debug.bindings.h Line: 39)

Texture SurrogatePod_east has dimensions of 256 x 128, but its mask has 128 x 256. This is not supported, texture will be excluded from atlas 
(Filename: C:\buildslave\unity\build\Runtime/Export/Debug/Debug.bindings.h Line: 39)

Texture SurrogatePod_east has dimensions of 256 x 128, but its mask has 128 x 256. This is not supported, texture will be excluded from atlas 
(Filename: C:\buildslave\unity\build\Runtime/Export/Debug/Debug.bindings.h Line: 39)

Texture SurrogatePod_east has dimensions of 256 x 128, but its mask has 128 x 256. This is not supported, texture will be excluded from atlas 
(Filename: C:\buildslave\unity\build\Runtime/Export/Debug/Debug.bindings.h Line: 39)

Texture SurrogatePod_east has dimensions of 256 x 128, but its mask has 128 x 256. This is not supported, texture will be excluded from atlas 
(Filename: C:\buildslave\unity\build\Runtime/Export/Debug/Debug.bindings.h Line: 39)

Translation data for language English has 10 errors. Generate translation report for more info. 
(Filename: C:\buildslave\unity\build\Runtime/Export/Debug/Debug.bindings.h Line: 39)

[AllowTool] Applied compatibility patch for "Pick Up And Haul"
ROCKETMAN: RocketMan settings are stored in <color=red>C:\Users\Admin\AppData\LocalLow\Ludeon Studios\RimWorld by Ludeon Studios\RocketMan\Mod_2479389928_RocketMod.xml</color>
ROCKETMAN: Defs loaded!
ROCKETMAN: Patched KeyBinder!
PROTON: Patching finished
ROCKETMAN: Patching failed <color=red>System.MissingMethodException: void Verse.DamageInfo..ctor(Verse.DamageDef,single,single,single,Verse.Thing,Verse.BodyPartRecord,Verse.ThingDef,Verse.DamageInfo/SourceCategory,Verse.Thing)
  at (wrapper managed-to-native) System.Reflection.Module.ResolveMethodToken(intptr,int,intptr[],intptr[],System.Reflection.ResolveTokenError&)
  at System.Reflection.MonoModule.ResolveMethod (System.Int32 metadataToken, System.Type[] genericTypeArguments, System.Type[] genericMethodArguments) [0x00015] in <eae584ce26bc40229c1b1aa476bfa589>:0 
  at HarmonyLib.MethodBodyReader.ReadOperand (HarmonyLib.ILInstruction instruction) [0x0040b] in <255414689d344b1385ae719f6cce8c55>:0 
  at HarmonyLib.MethodBodyReader.GenerateInstructions () [0x00022] in <255414689d344b1385ae719f6cce8c55>:0 
  at HarmonyLib.MethodCopier..ctor (System.Reflection.MethodBase fromMethod, System.Reflection.Emit.ILGenerator toILGenerator, System.Reflection.Emit.LocalBuilder[] existingVariables) [0x00038] in <255414689d344b1385ae719f6cce8c55>:0 
  at HarmonyLib.MethodPatcher.CreateReplacement (System.Collections.Generic.Dictionary`2[System.Int32,HarmonyLib.CodeInstruction]& finalInstructions) [0x0024f] in <255414689d344b1385ae719f6cce8c55>:0 
  at HarmonyLib.PatchFunctions.UpdateWrapper (System.Reflection.MethodBase original, HarmonyLib.PatchInfo patchInfo) [0x00057] in <255414689d344b1385ae719f6cce8c55>:0 
  at HarmonyLib.PatchProcessor.Patch () [0x000fc] in <255414689d344b1385ae719f6cce8c55>:0 
  at HarmonyLib.Harmony.Patch (System.Reflection.MethodBase original, HarmonyLib.HarmonyMethod prefix, HarmonyLib.HarmonyMethod postfix, HarmonyLib.HarmonyMethod transpiler, HarmonyLib.HarmonyMethod finalizer) [0x00028] in <255414689d344b1385ae719f6cce8c55>:0 
  at RocketMan.IPatchInfo`1[T].Patch (HarmonyLib.Harmony harmony) [0x0027c] in <930ffa9c590b44cd8615f87aeb86949f>:0 </color> 
(Filename: C:\buildslave\unity\build\Runtime/Export/Debug/Debug.bindings.h Line: 39)

Patching failed with error System.MissingMethodException: void Verse.DamageInfo..ctor(Verse.DamageDef,single,single,single,Verse.Thing,Verse.BodyPartRecord,Verse.ThingDef,Verse.DamageInfo/SourceCategory,Verse.Thing)
  at (wrapper managed-to-native) System.Reflection.Module.ResolveMethodToken(intptr,int,intptr[],intptr[],System.Reflection.ResolveTokenError&)
  at System.Reflection.MonoModule.ResolveMethod (System.Int32 metadataToken, System.Type[] genericTypeArguments, System.Type[] genericMethodArguments) [0x00015] in <eae584ce26bc40229c1b1aa476bfa589>:0 
  at HarmonyLib.MethodBodyReader.ReadOperand (HarmonyLib.ILInstruction instruction) [0x0040b] in <255414689d344b1385ae719f6cce8c55>:0 
  at HarmonyLib.MethodBodyReader.GenerateInstructions () [0x00022] in <255414689d344b1385ae719f6cce8c55>:0 
  at HarmonyLib.MethodCopier..ctor (System.Reflection.MethodBase fromMethod, System.Reflection.Emit.ILGenerator toILGenerator, System.Reflection.Emit.LocalBuilder[] existingVariables) [0x00038] in <255414689d344b1385ae719f6cce8c55>:0 
  at HarmonyLib.MethodPatcher.CreateReplacement (System.Collections.Generic.Dictionary`2[System.Int32,HarmonyLib.CodeInstruction]& finalInstructions) [0x0024f] in <255414689d344b1385ae719f6cce8c55>:0 
  at HarmonyLib.PatchFunctions.UpdateWrapper (System.Reflection.MethodBase original, HarmonyLib.PatchInfo patchInfo) [0x00057] in <255414689d344b1385ae719f6cce8c55>:0 
  at HarmonyLib.PatchProcessor.Patch () [0x000fc] in <255414689d344b1385ae719f6cce8c55>:0 
  at HarmonyLib.Harmony.Patch (System.Reflection.MethodBase original, HarmonyLib.HarmonyMethod prefix, HarmonyLib.HarmonyMethod postfix, HarmonyLib.HarmonyMethod transpiler, HarmonyLib.HarmonyMethod finalizer) [0x00028] in <255414689d344b1385ae719f6cce8c55>:0 
  at RocketMan.IPatchInfo`1[T].Patch (HarmonyLib.Harmony harmony) [0x0027c] in <930ffa9c590b44cd8615f87aeb86949f>:0  
(Filename: C:\buildslave\unity\build\Runtime/Export/Debug/Debug.bindings.h Line: 39)

SOYUZ:<color=orange>[ERROR]</color> <color=red>patching HediffComp_DamageEquipment:Void CompPostTick(Single ByRef) Failed!</color> System.MissingMethodException: void Verse.DamageInfo..ctor(Verse.DamageDef,single,single,single,Verse.Thing,Verse.BodyPartRecord,Verse.ThingDef,Verse.DamageInfo/SourceCategory,Verse.Thing)
  at (wrapper managed-to-native) System.Reflection.Module.ResolveMethodToken(intptr,int,intptr[],intptr[],System.Reflection.ResolveTokenError&)
  at System.Reflection.MonoModule.ResolveMethod (System.Int32 metadataToken, System.Type[] genericTypeArguments, System.Type[] genericMethodArguments) [0x00015] in <eae584ce26bc40229c1b1aa476bfa589>:0 
  at HarmonyLib.MethodBodyReader.ReadOperand (HarmonyLib.ILInstruction instruction) [0x0040b] in <255414689d344b1385ae719f6cce8c55>:0 
  at HarmonyLib.MethodBodyReader.GenerateInstructions () [0x00022] in <255414689d344b1385ae719f6cce8c55>:0 
  at HarmonyLib.MethodCopier..ctor (System.Reflection.MethodBase fromMethod, System.Reflection.Emit.ILGenerator toILGenerator, System.Reflection.Emit.LocalBuilder[] existingVariables) [0x00038] in <255414689d344b1385ae719f6cce8c55>:0 
  at HarmonyLib.MethodPatcher.CreateReplacement (System.Collections.Generic.Dictionary`2[System.Int32,HarmonyLib.CodeInstruction]& finalInstructions) [0x0024f] in <255414689d344b1385ae719f6cce8c55>:0 
  at HarmonyLib.PatchFunctions.UpdateWrapper (System.Reflection.MethodBase original, HarmonyLib.PatchInfo patchInfo) [0x00057] in <255414689d344b1385ae719f6cce8c55>:0 
  at HarmonyLib.PatchProcessor.Patch () [0x000fc] in <255414689d344b1385ae719f6cce8c55>:0 
  at HarmonyLib.Harmony.Patch (System.Reflection.MethodBase original, HarmonyLib.HarmonyMethod prefix, HarmonyLib.HarmonyMethod postfix, HarmonyLib.HarmonyMethod transpiler, HarmonyLib.HarmonyMethod finalizer) [0x00028] in <255414689d344b1385ae719f6cce8c55>:0 
  at RocketMan.IPatchInfo`1[T].Patch (HarmonyLib.Harmony harmony) [0x0027c] in <930ffa9c590b44cd8615f87aeb86949f>:0  
(Filename: C:\buildslave\unity\build\Runtime/Export/Debug/Debug.bindings.h Line: 39)

ROCKETMAN: Patching failed <color=red>System.MissingFieldException: Field 'RimWorld.ThingDefOf.Mote_HealingCross' not found.
  at (wrapper managed-to-native) System.Reflection.Module.ResolveFieldToken(intptr,int,intptr[],intptr[],System.Reflection.ResolveTokenError&)
  at System.Reflection.MonoModule.ResolveField (System.Int32 metadataToken, System.Type[] genericTypeArguments, System.Type[] genericMethodArguments) [0x00015] in <eae584ce26bc40229c1b1aa476bfa589>:0 
  at HarmonyLib.MethodBodyReader.ReadOperand (HarmonyLib.ILInstruction instruction) [0x00483] in <255414689d344b1385ae719f6cce8c55>:0 
  at HarmonyLib.MethodBodyReader.GenerateInstructions () [0x00022] in <255414689d344b1385ae719f6cce8c55>:0 
  at HarmonyLib.MethodCopier..ctor (System.Reflection.MethodBase fromMethod, System.Reflection.Emit.ILGenerator toILGenerator, System.Reflection.Emit.LocalBuilder[] existingVariables) [0x00038] in <255414689d344b1385ae719f6cce8c55>:0 
  at HarmonyLib.MethodPatcher.CreateReplacement (System.Collections.Generic.Dictionary`2[System.Int32,HarmonyLib.CodeInstruction]& finalInstructions) [0x0024f] in <255414689d344b1385ae719f6cce8c55>:0 
  at HarmonyLib.PatchFunctions.UpdateWrapper (System.Reflection.MethodBase original, HarmonyLib.PatchInfo patchInfo) [0x00057] in <255414689d344b1385ae719f6cce8c55>:0 
  at HarmonyLib.PatchProcessor.Patch () [0x000fc] in <255414689d344b1385ae719f6cce8c55>:0 
  at HarmonyLib.Harmony.Patch (System.Reflection.MethodBase original, HarmonyLib.HarmonyMethod prefix, HarmonyLib.HarmonyMethod postfix, HarmonyLib.HarmonyMethod transpiler, HarmonyLib.HarmonyMethod finalizer) [0x00028] in <255414689d344b1385ae719f6cce8c55>:0 
  at RocketMan.IPatchInfo`1[T].Patch (HarmonyLib.Harmony harmony) [0x0027c] in <930ffa9c590b44cd8615f87aeb86949f>:0 </color> 
(Filename: C:\buildslave\unity\build\Runtime/Export/Debug/Debug.bindings.h Line: 39)

Patching failed with error System.MissingFieldException: Field 'RimWorld.ThingDefOf.Mote_HealingCross' not found.
  at (wrapper managed-to-native) System.Reflection.Module.ResolveFieldToken(intptr,int,intptr[],intptr[],System.Reflection.ResolveTokenError&)
  at System.Reflection.MonoModule.ResolveField (System.Int32 metadataToken, System.Type[] genericTypeArguments, System.Type[] genericMethodArguments) [0x00015] in <eae584ce26bc40229c1b1aa476bfa589>:0 
  at HarmonyLib.MethodBodyReader.ReadOperand (HarmonyLib.ILInstruction instruction) [0x00483] in <255414689d344b1385ae719f6cce8c55>:0 
  at HarmonyLib.MethodBodyReader.GenerateInstructions () [0x00022] in <255414689d344b1385ae719f6cce8c55>:0 
  at HarmonyLib.MethodCopier..ctor (System.Reflection.MethodBase fromMethod, System.Reflection.Emit.ILGenerator toILGenerator, System.Reflection.Emit.LocalBuilder[] existingVariables) [0x00038] in <255414689d344b1385ae719f6cce8c55>:0 
  at HarmonyLib.MethodPatcher.CreateReplacement (System.Collections.Generic.Dictionary`2[System.Int32,HarmonyLib.CodeInstruction]& finalInstructions) [0x0024f] in <255414689d344b1385ae719f6cce8c55>:0 
  at HarmonyLib.PatchFunctions.UpdateWrapper (System.Reflection.MethodBase original, HarmonyLib.PatchInfo patchInfo) [0x00057] in <255414689d344b1385ae719f6cce8c55>:0 
  at HarmonyLib.PatchProcessor.Patch () [0x000fc] in <255414689d344b1385ae719f6cce8c55>:0 
  at HarmonyLib.Harmony.Patch (System.Reflection.MethodBase original, HarmonyLib.HarmonyMethod prefix, HarmonyLib.HarmonyMethod postfix, HarmonyLib.HarmonyMethod transpiler, HarmonyLib.HarmonyMethod finalizer) [0x00028] in <255414689d344b1385ae719f6cce8c55>:0 
  at RocketMan.IPatchInfo`1[T].Patch (HarmonyLib.Harmony harmony) [0x0027c] in <930ffa9c590b44cd8615f87aeb86949f>:0  
(Filename: C:\buildslave\unity\build\Runtime/Export/Debug/Debug.bindings.h Line: 39)

SOYUZ:<color=orange>[ERROR]</color> <color=red>patching HediffComp_Heal:Void CompPostTick(Single ByRef) Failed!</color> System.MissingFieldException: Field 'RimWorld.ThingDefOf.Mote_HealingCross' not found.
  at (wrapper managed-to-native) System.Reflection.Module.ResolveFieldToken(intptr,int,intptr[],intptr[],System.Reflection.ResolveTokenError&)
  at System.Reflection.MonoModule.ResolveField (System.Int32 metadataToken, System.Type[] genericTypeArguments, System.Type[] genericMethodArguments) [0x00015] in <eae584ce26bc40229c1b1aa476bfa589>:0 
  at HarmonyLib.MethodBodyReader.ReadOperand (HarmonyLib.ILInstruction instruction) [0x00483] in <255414689d344b1385ae719f6cce8c55>:0 
  at HarmonyLib.MethodBodyReader.GenerateInstructions () [0x00022] in <255414689d344b1385ae719f6cce8c55>:0 
  at HarmonyLib.MethodCopier..ctor (System.Reflection.MethodBase fromMethod, System.Reflection.Emit.ILGenerator toILGenerator, System.Reflection.Emit.LocalBuilder[] existingVariables) [0x00038] in <255414689d344b1385ae719f6cce8c55>:0 
  at HarmonyLib.MethodPatcher.CreateReplacement (System.Collections.Generic.Dictionary`2[System.Int32,HarmonyLib.CodeInstruction]& finalInstructions) [0x0024f] in <255414689d344b1385ae719f6cce8c55>:0 
  at HarmonyLib.PatchFunctions.UpdateWrapper (System.Reflection.MethodBase original, HarmonyLib.PatchInfo patchInfo) [0x00057] in <255414689d344b1385ae719f6cce8c55>:0 
  at HarmonyLib.PatchProcessor.Patch () [0x000fc] in <255414689d344b1385ae719f6cce8c55>:0 
  at HarmonyLib.Harmony.Patch (System.Reflection.MethodBase original, HarmonyLib.HarmonyMethod prefix, HarmonyLib.HarmonyMethod postfix, HarmonyLib.HarmonyMethod transpiler, HarmonyLib.HarmonyMethod finalizer) [0x00028] in <255414689d344b1385ae719f6cce8c55>:0 
  at RocketMan.IPatchInfo`1[T].Patch (HarmonyLib.Harmony harmony) [0x0027c] in <930ffa9c590b44cd8615f87aeb86949f>:0  
(Filename: C:\buildslave\unity\build\Runtime/Export/Debug/Debug.bindings.h Line: 39)

ROCKETMAN: Patching failed <color=red>System.MissingMethodException: Verse.Mote RimWorld.MoteMaker.ThrowMetaIcon(Verse.IntVec3,Verse.Map,Verse.ThingDef)
  at (wrapper managed-to-native) System.Reflection.Module.ResolveMethodToken(intptr,int,intptr[],intptr[],System.Reflection.ResolveTokenError&)
  at System.Reflection.MonoModule.ResolveMethod (System.Int32 metadataToken, System.Type[] genericTypeArguments, System.Type[] genericMethodArguments) [0x00015] in <eae584ce26bc40229c1b1aa476bfa589>:0 
  at HarmonyLib.MethodBodyReader.ReadOperand (HarmonyLib.ILInstruction instruction) [0x0040b] in <255414689d344b1385ae719f6cce8c55>:0 
  at HarmonyLib.MethodBodyReader.GenerateInstructions () [0x00022] in <255414689d344b1385ae719f6cce8c55>:0 
  at HarmonyLib.MethodCopier..ctor (System.Reflection.MethodBase fromMethod, System.Reflection.Emit.ILGenerator toILGenerator, System.Reflection.Emit.LocalBuilder[] existingVariables) [0x00038] in <255414689d344b1385ae719f6cce8c55>:0 
  at HarmonyLib.MethodPatcher.CreateReplacement (System.Collections.Generic.Dictionary`2[System.Int32,HarmonyLib.CodeInstruction]& finalInstructions) [0x0024f] in <255414689d344b1385ae719f6cce8c55>:0 
  at HarmonyLib.PatchFunctions.UpdateWrapper (System.Reflection.MethodBase original, HarmonyLib.PatchInfo patchInfo) [0x00057] in <255414689d344b1385ae719f6cce8c55>:0 
  at HarmonyLib.PatchProcessor.Patch () [0x000fc] in <255414689d344b1385ae719f6cce8c55>:0 
  at HarmonyLib.Harmony.Patch (System.Reflection.MethodBase original, HarmonyLib.HarmonyMethod prefix, HarmonyLib.HarmonyMethod postfix, HarmonyLib.HarmonyMethod transpiler, HarmonyLib.HarmonyMethod finalizer) [0x00028] in <255414689d344b1385ae719f6cce8c55>:0 
  at RocketMan.IPatchInfo`1[T].Patch (HarmonyLib.Harmony harmony) [0x0027c] in <930ffa9c590b44cd8615f87aeb86949f>:0 </color> 
(Filename: C:\buildslave\unity\build\Runtime/Export/Debug/Debug.bindings.h Line: 39)

Patching failed with error System.MissingMethodException: Verse.Mote RimWorld.MoteMaker.ThrowMetaIcon(Verse.IntVec3,Verse.Map,Verse.ThingDef)
  at (wrapper managed-to-native) System.Reflection.Module.ResolveMethodToken(intptr,int,intptr[],intptr[],System.Reflection.ResolveTokenError&)
  at System.Reflection.MonoModule.ResolveMethod (System.Int32 metadataToken, System.Type[] genericTypeArguments, System.Type[] genericMethodArguments) [0x00015] in <eae584ce26bc40229c1b1aa476bfa589>:0 
  at HarmonyLib.MethodBodyReader.ReadOperand (HarmonyLib.ILInstruction instruction) [0x0040b] in <255414689d344b1385ae719f6cce8c55>:0 
  at HarmonyLib.MethodBodyReader.GenerateInstructions () [0x00022] in <255414689d344b1385ae719f6cce8c55>:0 
  at HarmonyLib.MethodCopier..ctor (System.Reflection.MethodBase fromMethod, System.Reflection.Emit.ILGenerator toILGenerator, System.Reflection.Emit.LocalBuilder[] existingVariables) [0x00038] in <255414689d344b1385ae719f6cce8c55>:0 
  at HarmonyLib.MethodPatcher.CreateReplacement (System.Collections.Generic.Dictionary`2[System.Int32,HarmonyLib.CodeInstruction]& finalInstructions) [0x0024f] in <255414689d344b1385ae719f6cce8c55>:0 
  at HarmonyLib.PatchFunctions.UpdateWrapper (System.Reflection.MethodBase original, HarmonyLib.PatchInfo patchInfo) [0x00057] in <255414689d344b1385ae719f6cce8c55>:0 
  at HarmonyLib.PatchProcessor.Patch () [0x000fc] in <255414689d344b1385ae719f6cce8c55>:0 
  at HarmonyLib.Harmony.Patch (System.Reflection.MethodBase original, HarmonyLib.HarmonyMethod prefix, HarmonyLib.HarmonyMethod postfix, HarmonyLib.HarmonyMethod transpiler, HarmonyLib.HarmonyMethod finalizer) [0x00028] in <255414689d344b1385ae719f6cce8c55>:0 
  at RocketMan.IPatchInfo`1[T].Patch (HarmonyLib.Harmony harmony) [0x0027c] in <930ffa9c590b44cd8615f87aeb86949f>:0  
(Filename: C:\buildslave\unity\build\Runtime/Export/Debug/Debug.bindings.h Line: 39)

SOYUZ:<color=orange>[ERROR]</color> <color=red>patching HediffComp_MoteThrower:Void CompPostTick(Single ByRef) Failed!</color> System.MissingMethodException: Verse.Mote RimWorld.MoteMaker.ThrowMetaIcon(Verse.IntVec3,Verse.Map,Verse.ThingDef)
  at (wrapper managed-to-native) System.Reflection.Module.ResolveMethodToken(intptr,int,intptr[],intptr[],System.Reflection.ResolveTokenError&)
  at System.Reflection.MonoModule.ResolveMethod (System.Int32 metadataToken, System.Type[] genericTypeArguments, System.Type[] genericMethodArguments) [0x00015] in <eae584ce26bc40229c1b1aa476bfa589>:0 
  at HarmonyLib.MethodBodyReader.ReadOperand (HarmonyLib.ILInstruction instruction) [0x0040b] in <255414689d344b1385ae719f6cce8c55>:0 
  at HarmonyLib.MethodBodyReader.GenerateInstructions () [0x00022] in <255414689d344b1385ae719f6cce8c55>:0 
  at HarmonyLib.MethodCopier..ctor (System.Reflection.MethodBase fromMethod, System.Reflection.Emit.ILGenerator toILGenerator, System.Reflection.Emit.LocalBuilder[] existingVariables) [0x00038] in <255414689d344b1385ae719f6cce8c55>:0 
  at HarmonyLib.MethodPatcher.CreateReplacement (System.Collections.Generic.Dictionary`2[System.Int32,HarmonyLib.CodeInstruction]& finalInstructions) [0x0024f] in <255414689d344b1385ae719f6cce8c55>:0 
  at HarmonyLib.PatchFunctions.UpdateWrapper (System.Reflection.MethodBase original, HarmonyLib.PatchInfo patchInfo) [0x00057] in <255414689d344b1385ae719f6cce8c55>:0 
  at HarmonyLib.PatchProcessor.Patch () [0x000fc] in <255414689d344b1385ae719f6cce8c55>:0 
  at HarmonyLib.Harmony.Patch (System.Reflection.MethodBase original, HarmonyLib.HarmonyMethod prefix, HarmonyLib.HarmonyMethod postfix, HarmonyLib.HarmonyMethod transpiler, HarmonyLib.HarmonyMethod finalizer) [0x00028] in <255414689d344b1385ae719f6cce8c55>:0 
  at RocketMan.IPatchInfo`1[T].Patch (HarmonyLib.Harmony harmony) [0x0027c] in <930ffa9c590b44cd8615f87aeb86949f>:0  
(Filename: C:\buildslave\unity\build\Runtime/Export/Debug/Debug.bindings.h Line: 39)

SOYUZ: Patching finished
ROCKETMAN: XMLParser started
ROCKETRULES: IgnoreMeRule for OskarPotocki.VFE.Mechanoid
ROCKETRULES: IgnoreMeRule for Alaestor.MiscRobots.PlusPlus
ROCKETRULES: IgnoreMeRule for Haplo.Miscellaneous.Robots
ROCKETRULES: IgnoreMeRule for ChJees.Androids
ROCKETRULES: IgnoreMeRule for automatic.autocleaner
ROCKETRULES: IgnoreMeRule for neronix17.mechadroids
ROCKETRULES: IgnoreMeRule for neronix17.outerrim.galaxies
ROCKETRULES: IgnoreMeRule for spdskatr.projectrimfactory.drones
ROCKETRULES: IgnoreMeRule for spdskatr.projectrimfactory.legacy
ROCKETRULES: IgnoreMeRule for spdskatr.projectrimfactory
[0.037694 seconds] ROCKETMAN: <color=red>IgnoreMe report</color>
ROCKETRULES: IgnoreMe add def by name: VFE_Mech_AdvancedCentipede
ROCKETRULES: IgnoreMe add def by name: VFE_Mech_AdvancedLancer
ROCKETRULES: IgnoreMe add def by name: VFE_Mech_AdvancedKnight
ROCKETRULES: IgnoreMe add def by name: VFE_Mech_AdvancedInquisitor
ROCKETRULES: IgnoreMe add def by name: VFE_Mech_AdvancedScyther
ROCKETRULES: IgnoreMe add def by name: VFE_Mech_AdvancedPikeman
ROCKETRULES: IgnoreMe add def by name: VFE_Mech_AdvancedCarpenter
ROCKETRULES: IgnoreMe add def by name: VFE_Mech_AdvTermite
ROCKETRULES: IgnoreMe add def by name: VFE_Mechanoids_Autocleaner
ROCKETRULES: IgnoreMe add def by name: VFE_Mechanoids_Autohauler
ROCKETRULES: IgnoreMe add def by name: VFE_Mechanoids_Autominer
ROCKETRULES: IgnoreMe add def by name: VFE_Mechanoids_Combat
ROCKETRULES: IgnoreMe add def by name: VFE_Mechanoids_Riot
ROCKETRULES: IgnoreMe add def by name: VFE_Mechanoids_Turret
ROCKETRULES: IgnoreMe add def by name: VFE_Mechanoids_Autostrider
ROCKETRULES: IgnoreMe add def by name: VFE_Mechanoids_AutoMedic
ROCKETRULES: IgnoreMe add def by name: VFE_Mechanoids_Raider
ROCKETRULES: IgnoreMe add def by name: VFE_Mechanoids_Pyro
ROCKETRULES: IgnoreMe add def by name: VFE_Mechanoids_Autobroadcaster
ROCKETRULES: IgnoreMe add def by name: VFE_Mech_Centipede
ROCKETRULES: IgnoreMe add def by name: VFE_Mech_Lancer
ROCKETRULES: IgnoreMe add def by name: VFE_Mech_Knight
ROCKETRULES: IgnoreMe add def by name: VFE_Mech_Inquisitor
ROCKETRULES: IgnoreMe add def by name: VFE_Mech_Scyther
ROCKETRULES: IgnoreMe add def by name: VFE_Mech_Pikeman
ROCKETRULES: IgnoreMe add def by name: VFE_Mech_Carpenter
ROCKETRULES: IgnoreMe add def by name: VFE_Mech_Termite
ROCKETRULES: IgnoreMe add def by name: VPE_SteelConstruct
ROCKETRULES: IgnoreMe add def by name: VPE_RockConstruct
ROCKETRULES: IgnoreMe add def by name: AA_Dryad_Unstable
ROCKETRULES: IgnoreMe add def by name: AA_ChameleonYak
ROCKETRULES: IgnoreMe add def by name: AA_CrescendoAnole
ROCKETRULES: IgnoreMe add def by name: ROM_Chthonian
ROCKETRULES: IgnoreMe add def by name: ROM_ChthonianLarva
ROCKETRULES: IgnoreMe add def by name: ROM_Cthulhid
ROCKETRULES: IgnoreMe add def by name: AA_MatureFleshbeast
ROCKETRULES: IgnoreMe add def by name: ROM_DarkYoung
ROCKETRULES: IgnoreMe add def by name: ROM_DeepOne
ROCKETRULES: IgnoreMe add def by name: ROM_DeepOneGreat
ROCKETRULES: IgnoreMe add def by name: ROM_MiGo
ROCKETRULES: IgnoreMe add def by name: ROM_Shoggoth
ROCKETRULES: IgnoreMe add def by name: ROM_ShoggothColossal
ROCKETRULES: IgnoreMe add def by name: ROM_ShoggothTiny
ROCKETRULES: IgnoreMe add def by name: ROM_StarVampire
ROCKETRULES: IgnoreMe add def by name: Cults_ByakheeRace
ROCKETRULES: IgnoreMe add def by name: TM_StoneGolem
ROCKETRULES: IgnoreMe add def by name: TM_SandstoneGolem
ROCKETRULES: IgnoreMe add def by name: TM_LimestoneGolem
ROCKETRULES: IgnoreMe add def by name: TM_GraniteGolem
ROCKETRULES: IgnoreMe add def by name: TM_SlateGolem
ROCKETRULES: IgnoreMe add def by name: TM_MarbleGolem
ROCKETRULES: IgnoreMe add def by name: TM_MechaGolem
ROCKETRULES: IgnoreMe add def by name: TM_FleshGolem
ROCKETRULES: IgnoreMe add def by name: TM_HollowGolem
ROCKETRULES: IgnoreMe add def by name: TM_MaharalGolem
ROCKETRULES: IgnoreMe add def by name: TM_DemonR
ROCKETRULES: IgnoreMe add def by name: TM_LesserDemonR
ROCKETRULES: IgnoreMe add def by name: TM_LesserEarth_ElementalR
ROCKETRULES: IgnoreMe add def by name: TM_Earth_ElementalR
ROCKETRULES: IgnoreMe add def by name: TM_GreaterEarth_ElementalR
ROCKETRULES: IgnoreMe add def by name: TM_LesserFire_ElementalR
ROCKETRULES: IgnoreMe add def by name: TM_Fire_ElementalR
ROCKETRULES: IgnoreMe add def by name: TM_GreaterFire_ElementalR
ROCKETRULES: IgnoreMe add def by name: TM_LesserWater_ElementalR
ROCKETRULES: IgnoreMe add def by name: TM_Water_ElementalR
ROCKETRULES: IgnoreMe add def by name: TM_GreaterWater_ElementalR
ROCKETRULES: IgnoreMe add def by name: TM_LesserWind_ElementalR
ROCKETRULES: IgnoreMe add def by name: TM_Wind_ElementalR
ROCKETRULES: IgnoreMe add def by name: XFMParmor_Drone_Carrier
ROCKETRULES: IgnoreMe add def by name: TM_GreaterWind_ElementalR
ROCKETRULES: IgnoreMe add def by name: VFE_Mech_Aura
ROCKETRULES: IgnoreMe add def by name: TM_MinionR
ROCKETRULES: IgnoreMe add def by name: VFE_Mech_Daggersnout
ROCKETRULES: IgnoreMe add def by name: TM_GreaterMinionR
ROCKETRULES: IgnoreMe add def by name: VFE_Mech_Fireworm
ROCKETRULES: IgnoreMe add def by name: TM_Lesser_SentinelR
ROCKETRULES: IgnoreMe add def by name: VFE_Mech_Goliath
ROCKETRULES: IgnoreMe add def by name: TM_SentinelR
ROCKETRULES: IgnoreMe add def by name: VFE_Mech_Phalanx
ROCKETRULES: IgnoreMe add def by name: TM_Greater_SentinelR
ROCKETRULES: IgnoreMe add def by name: VFE_Mech_Siegebreaker
ROCKETRULES: IgnoreMe add def by name: TM_SkeletonLichR
ROCKETRULES: IgnoreMe add def by name: VFE_Mech_Advanced_Aura
ROCKETRULES: IgnoreMe add def by name: TM_GiantSkeletonR
ROCKETRULES: IgnoreMe add def by name: VFE_Mech_Advanced_Daggersnout
ROCKETRULES: IgnoreMe add def by name: TM_SkeletonR
ROCKETRULES: IgnoreMe add def by name: VFE_Mech_Advanced_Fireworm
ROCKETRULES: IgnoreMe add def by name: TM_SpiritBearR
ROCKETRULES: IgnoreMe add def by name: VFE_Mech_Advanced_Goliath
ROCKETRULES: IgnoreMe add def by name: TM_SpiritMongooseR
ROCKETRULES: IgnoreMe add def by name: VFE_Mech_Advanced_Phalanx
ROCKETRULES: IgnoreMe add def by name: TM_SpiritCrowR
ROCKETRULES: IgnoreMe add def by name: VFE_Mech_Advanced_Siegebreaker
ROCKETRULES: IgnoreMe add def by name: TM_SpiritWolfR
ROCKETRULES: IgnoreMe add def by name: TM_Poppi
ROCKETMAN: Hijacking ([REFLECTED] RimWorld.StatWorker:GetValue, [DECLARING] RimWorld.StatWorker:GetValue, [ISSTATIC] False, [ISPUBLIC] False, [ISVIRTUAL] StatWorker, [ABSTRACT] False)
ResearchPal :: Research layout initialized
  --> [What's That Mod] Took 5.63 seconds to scan all patches. <--
What's That Mod: Wrote to 17587 mod descriptions, 476 patched defs resolved.
What's That Mod took 28317 milliseconds to generate all def descriptions.
[BetterLoading] Obtained synclock, assuming post-load actions are complete and starting static constructors.
[BetterLoading] Starting Antifreeze(tm) StaticConstructorCaller. Synchronizing retransmission chronicity...
[BetterLoading] Finished stage Running Post Content Load Callbacks at 3:45:00 PM.
[BetterLoading] Starting stage Finalizing Mods.
Error patching VFEPirates.PawnsArrivalModeWorker_Gauntlet - Void Arrive(System.Collections.Generic.List`1[Verse.Pawn], RimWorld.IncidentParms) 
(Filename: C:\buildslave\unity\build\Runtime/Export/Debug/Debug.bindings.h Line: 39)

MeditationFocusDef Archotech does not have a MeditationFocusExtension, which means it will not have an icon in the Psycasts UI.
Please ask Kentington and Thain to add one. 
(Filename: C:\buildslave\unity\build\Runtime/Export/Debug/Debug.bindings.h Line: 39)

[SRTS Expanded] Compatibility with Save our Ship 2 and Combat Extended are temporarily disabled at the moment. SoS2 compatibility will happen soon(ish), CE compatibility will not. 
(Filename: C:\buildslave\unity\build\Runtime/Export/Debug/Debug.bindings.h Line: 39)

[SRTSExpanded] Overriding SOS2 Destructive Patches.
Loaded body addon variants for Alien_HornedSkaven
Loading variants for Things/Pawn/SkavenTail/RatTail

Variants found for Things/Pawn/SkavenTail/RatTail: 1

Loading variants for Things/Skaven/SkavenHorns/LeftHorn

Variants found for Things/Skaven/SkavenHorns/LeftHorn: 1

Loading variants for Things/Skaven/SkavenHorns/RightHorn

Variants found for Things/Skaven/SkavenHorns/RightHorn: 1


Loaded body addon variants for Alien_SkavenMoulder
Loading variants for Things/Pawn/SkavenTail/RatTail

Variants found for Things/Pawn/SkavenTail/RatTail: 1


Loaded body addon variants for Alien_Skaven
Loading variants for Things/Pawn/SkavenTail/RatTail

Variants found for Things/Pawn/SkavenTail/RatTail: 1


Loaded body addon variants for Alien_SkavenStorm
Loading variants for Things/Pawn/SkavenTail/RatTail

Variants found for Things/Pawn/SkavenTail/RatTail: 1


Alien race successfully completed 180 patches with harmony.
Generating Corruption Core Patches
Generating FactionColor Patches
[BetterLoading] Exception occurred processing mod finalize events! Details: System.TypeLoadException: Type FactionColors.Apparel_HardShield+Gizmo_HardShield has invalid vtable method slot 11 with method none
  at (wrapper managed-to-native) System.Runtime.CompilerServices.RuntimeHelpers.RunClassConstructor(intptr)
  at System.Runtime.CompilerServices.RuntimeHelpers.RunClassConstructor (System.RuntimeTypeHandle type) [0x0002a] in <eae584ce26bc40229c1b1aa476bfa589>:0 
  at BetterLoading.Stage.InitialLoad.StageRunStaticCctors+<StaticConstructAll>d__16.MoveNext () [0x00073] in <3390026af42f414180bf48f96dce7287>:0  
(Filename: C:\buildslave\unity\build\Runtime/Export/Debug/Debug.bindings.h Line: 39)

Generating Corruption Core Patches
[BetterLoading] Exception occurred processing mod finalize events! Details: System.TypeInitializationException: The type initializer for 'Corruption.Psykers.HarmonyPatches' threw an exception. ---> System.Reflection.AmbiguousMatchException: Ambiguous match in Harmony patch for Verse.AI.Toils_Combat:FollowAndMeleeAttack ---> System.Reflection.AmbiguousMatchException: Ambiguous match found.
  at System.RuntimeType.GetMethodImpl (System.String name, System.Reflection.BindingFlags bindingAttr, System.Reflection.Binder binder, System.Reflection.CallingConventions callConv, System.Type[] types, System.Reflection.ParameterModifier[] modifiers) [0x00059] in <eae584ce26bc40229c1b1aa476bfa589>:0 
  at System.Type.GetMethod (System.String name, System.Reflection.BindingFlags bindingAttr) [0x0000e] in <eae584ce26bc40229c1b1aa476bfa589>:0 
  at HarmonyLib.AccessTools+<>c__DisplayClass27_0.<Method>b__0 (System.Type t) [0x00000] in <255414689d344b1385ae719f6cce8c55>:0 
  at HarmonyLib.AccessTools.FindIncludingBaseTypes[T] (System.Type type, System.Func`2[T,TResult] func) [0x00000] in <255414689d344b1385ae719f6cce8c55>:0 
  at HarmonyLib.AccessTools.Method (System.Type type, System.String name, System.Type[] parameters, System.Type[] generics) [0x0004b] in <255414689d344b1385ae719f6cce8c55>:0 
   --- End of inner exception stack trace ---
  at HarmonyLib.AccessTools.Method (System.Type type, System.String name, System.Type[] parameters, System.Type[] generics) [0x0008e] in <255414689d344b1385ae719f6cce8c55>:0 
  at Corruption.Psykers.HarmonyPatches..cctor () [0x000ec] in <ba418811faf84591a48cda54067f509c>:0 
   --- End of inner exception stack trace ---
  at (wrapper managed-to-native) System.Runtime.CompilerServices.RuntimeHelpers.RunClassConstructor(intptr)
  at System.Runtime.CompilerServices.RuntimeHelpers.RunClassConstructor (System.RuntimeTypeHandle type) [0x0002a] in <eae584ce26bc40229c1b1aa476bfa589>:0 
  at BetterLoading.Stage.InitialLoad.StageRunStaticCctors+<StaticConstructAll>d__16.MoveNext () [0x00073] in <3390026af42f414180bf48f96dce7287>:0  
(Filename: C:\buildslave\unity\build\Runtime/Export/Debug/Debug.bindings.h Line: 39)

Androids: Fixing surgery recipes for Droids.
[BetterLoading] Exception occurred processing mod finalize events! Details: System.TypeInitializationException: The type initializer for 'Androids.PostDefFixer' threw an exception. ---> System.NullReferenceException: Object reference not set to an instance of an object
  at Androids.PostDefFixer..cctor () [0x00037] in <b4aec95e9b09440582e1c56f91aadd3d>:0 
   --- End of inner exception stack trace ---
  at (wrapper managed-to-native) System.Runtime.CompilerServices.RuntimeHelpers.RunClassConstructor(intptr)
  at System.Runtime.CompilerServices.RuntimeHelpers.RunClassConstructor (System.RuntimeTypeHandle type) [0x0002a] in <eae584ce26bc40229c1b1aa476bfa589>:0 
  at BetterLoading.Stage.InitialLoad.StageRunStaticCctors+<StaticConstructAll>d__16.MoveNext () [0x00073] in <3390026af42f414180bf48f96dce7287>:0  
(Filename: C:\buildslave\unity\build\Runtime/Export/Debug/Debug.bindings.h Line: 39)

[CMColorCodedMoodBar] CMColorCodedMoodBar 1.3.3389.1 initialized
[CMColorCodedMoodBar] Unable To Get Types For: FactionColors, Version=1.0.0.0, Culture=neutral, PublicKeyToken=null 
(Filename: C:\buildslave\unity\build\Runtime/Export/Debug/Debug.bindings.h Line: 39)

Damage Indicators initialized.
Exception getting types in assembly FactionColors, Version=1.0.0.0, Culture=neutral, PublicKeyToken=null. Some types may not work correctly. Exception: System.Reflection.ReflectionTypeLoadException: Exception of type 'System.Reflection.ReflectionTypeLoadException' was thrown.
  at (wrapper managed-to-native) System.Reflection.Assembly.GetTypes(System.Reflection.Assembly,bool)
  at System.Reflection.Assembly.GetTypes () [0x00000] in <eae584ce26bc40229c1b1aa476bfa589>:0 
  at Verse.GenTypes+<get_AllTypes>d__4.MoveNext () [0x0004a] in <81af9f8a18324e17b286924a43555a7c>:0  
(Filename: C:\buildslave\unity\build\Runtime/Export/Debug/Debug.bindings.h Line: 39)

Patching Void OrderForceTarget(Verse.LocalTargetInfo)
Patching Void OrderForceTarget(Verse.LocalTargetInfo)
Patching Void OrderForceTarget(Verse.LocalTargetInfo)
Patching Void OrderForceTarget(Verse.LocalTargetInfo)
Patching Void OrderForceTarget(Verse.LocalTargetInfo)
Patching Void OrderForceTarget(Verse.LocalTargetInfo)
Patching Void OrderForceTarget(Verse.LocalTargetInfo)
Patching Void OrderForceTarget(Verse.LocalTargetInfo)
Patching Void OrderForceTarget(Verse.LocalTargetInfo)
Patching Void OrderForceTarget(Verse.LocalTargetInfo)
Patching Void OrderForceTarget(Verse.LocalTargetInfo)
Patching Void OrderForceTarget(Verse.LocalTargetInfo)
Patching Void OrderForceTarget(Verse.LocalTargetInfo)
Patching Void OrderForceTarget(Verse.LocalTargetInfo)
Patching Void OrderForceTarget(Verse.LocalTargetInfo)
Patching Void OrderForceTarget(Verse.LocalTargetInfo)
Patching Void OrderForceTarget(Verse.LocalTargetInfo)
Patching Void OrderForceTarget(Verse.LocalTargetInfo)
Patching Void OrderForceTarget(Verse.LocalTargetInfo)
Patching Void OrderForceTarget(Verse.LocalTargetInfo)
Patching Void OrderForceTarget(Verse.LocalTargetInfo)
Patching Void OrderForceTarget(Verse.LocalTargetInfo)
Patching Void OrderForceTarget(Verse.LocalTargetInfo)
Patching Void OrderForceTarget(Verse.LocalTargetInfo)
Patching Void OrderForceTarget(Verse.LocalTargetInfo)
Patching Void OrderForceTarget(Verse.LocalTargetInfo)
Patching Void OrderForceTarget(Verse.LocalTargetInfo)
Patching Void OrderForceTarget(Verse.LocalTargetInfo)
Patching Void OrderForceTarget(Verse.LocalTargetInfo)
Patching Void OrderForceTarget(Verse.LocalTargetInfo)
Patching Void OrderForceTarget(Verse.LocalTargetInfo)
Patching Void OrderForceTarget(Verse.LocalTargetInfo)
Patching Void OrderForceTarget(Verse.LocalTargetInfo)
Patching Void OrderForceTarget(Verse.LocalTargetInfo)
Patching Void OrderForceTarget(Verse.LocalTargetInfo)
Patching Void OrderForceTarget(Verse.LocalTargetInfo)
Rimatomics found SoS2 -- Patching
[EnterHere]: Hospitality loaded, patching its IncidentWorker_VisitorGroup.
Exception getting types in assembly FactionColors, Version=1.0.0.0, Culture=neutral, PublicKeyToken=null. Some types may not work correctly. Exception: System.Reflection.ReflectionTypeLoadException: Exception of type 'System.Reflection.ReflectionTypeLoadException' was thrown.
  at (wrapper managed-to-native) System.Reflection.Assembly.GetTypes(System.Reflection.Assembly,bool)
  at System.Reflection.Assembly.GetTypes () [0x00000] in <eae584ce26bc40229c1b1aa476bfa589>:0 
  at Verse.GenTypes+<get_AllTypes>d__4.MoveNext () [0x0004a] in <81af9f8a18324e17b286924a43555a7c>:0  
(Filename: C:\buildslave\unity\build\Runtime/Export/Debug/Debug.bindings.h Line: 39)

EvolvedOrgansRedux: Meat of TM_SpiritTD was added to the protein recipe.
EvolvedOrgansRedux: Meat of OG_Abhuman_Beastman was added to the protein recipe.
EvolvedOrgansRedux: Meat of OG_Human_Mechanicus was added to the protein recipe.
EvolvedOrgansRedux: Meat of OG_Abhuman_Ogryn was added to the protein recipe.
EvolvedOrgansRedux: Meat of OG_Abhuman_Ratlin was added to the protein recipe.
EvolvedOrgansRedux: Meat of OG_Alien_DarkEldar was added to the protein recipe.
EvolvedOrgansRedux: Meat of OG_Alien_Eldar was added to the protein recipe.
EvolvedOrgansRedux: Meat of OG_Alien_Wraithguard was added to the protein recipe.
EvolvedOrgansRedux: Meat of OG_Alien_Grot was added to the protein recipe.
EvolvedOrgansRedux: Meat of OG_Alien_Ork was added to the protein recipe.
EvolvedOrgansRedux: Meat of OG_Cyborg_Ork was added to the protein recipe.
EvolvedOrgansRedux: Meat of OG_Alien_Kroot was added to the protein recipe.
EvolvedOrgansRedux: Meat of OG_Alien_Tau was added to the protein recipe.
EvolvedOrgansRedux: Meat of OG_Alien_Vespid was added to the protein recipe.
EvolvedOrgansRedux: Meat of ChjAndroid was added to the protein recipe.
EvolvedOrgansRedux: Meat of ChjDroid was added to the protein recipe.
EvolvedOrgansRedux: Meat of ChjBattleDroid was added to the protein recipe.
EvolvedOrgansRedux: Meat of ReanimatedCorpse was added to the protein recipe.
EvolvedOrgansRedux: Meat of SoSHologramRace was added to the protein recipe.
EvolvedOrgansRedux: Meat of Alien_HornedSkaven was added to the protein recipe.
EvolvedOrgansRedux: Meat of Alien_SkavenMoulder was added to the protein recipe.
EvolvedOrgansRedux: Meat of Alien_Skaven was added to the protein recipe.
EvolvedOrgansRedux: Meat of Alien_SkavenStorm was added to the protein recipe.
[KanbanStockpile] Detected LWM Deep Storage is loaded!
[KanbanStockpile] Detected Mehni or Mlie PickUpAndHaul is loaded!
[KanbanStockpile] Patching Mehni/Mlie PickUpAndHaul mod!
Adding duplicate Verse.ThingDef name: Blueprint_Install_XFMParmor_Building_MechanicalArmor_Black 
(Filename: C:\buildslave\unity\build\Runtime/Export/Debug/Debug.bindings.h Line: 39)

Adding duplicate Verse.ThingDef name: Blueprint_Install_XFMParmor_Building_MechanicalArmor_Red 
(Filename: C:\buildslave\unity\build\Runtime/Export/Debug/Debug.bindings.h Line: 39)

Adding duplicate Verse.ThingDef name: Blueprint_Install_XFMParmor_Building_MechanicalArmor_Aqua 
(Filename: C:\buildslave\unity\build\Runtime/Export/Debug/Debug.bindings.h Line: 39)

Adding duplicate Verse.ThingDef name: Blueprint_Install_XFMParmor_Building_MechanicalArmor_Carrier 
(Filename: C:\buildslave\unity\build\Runtime/Export/Debug/Debug.bindings.h Line: 39)

PickUpAndHaul v0.1.3.2 welcomes you to RimWorld with pointless logspam.
[RimHUD v1.10.2] Initialized
Level 5 security credentials accepted. Welcome [REDACTED]
Secure Contain RimWorld [v1.0.39] loaded.
[ShowDrafteesWeapon] Initialized
Subsurface Conduit: v1.3.7864.23466
Error patching VFEPirates.PawnsArrivalModeWorker_Gauntlet - Void Arrive(System.Collections.Generic.List`1[Verse.Pawn], RimWorld.IncidentParms) - System.FormatException: Method virtual System.Void VFEPirates.PawnsArrivalModeWorker_Gauntlet::Arrive(System.Collections.Generic.List`1<Verse.Pawn> pawns, RimWorld.IncidentParms parms) cannot be patched. Reason: The type initializer for 'VFEPirates.PawnsArrivalModeWorker_Gauntlet' threw an exception.
  at HarmonyLib.PatchFunctions.UpdateWrapper (System.Reflection.MethodBase original, HarmonyLib.PatchInfo patchInfo) [0x0008c] in <255414689d344b1385ae719f6cce8c55>:0 
  at HarmonyLib.PatchProcessor.Patch () [0x000fc] in <255414689d344b1385ae719f6cce8c55>:0 
  at HarmonyLib.Harmony.Patch (System.Reflection.MethodBase original, HarmonyLib.HarmonyMethod prefix, HarmonyLib.HarmonyMethod postfix, HarmonyLib.HarmonyMethod transpiler, HarmonyLib.HarmonyMethod finalizer) [0x00028] in <255414689d344b1385ae719f6cce8c55>:0 
  at VanillaSocialInteractionsExpanded.RaidPatches..cctor () [0x0006a] in <083bd9695010467698b929e69e22beae>:0  
(Filename: C:\buildslave\unity\build\Runtime/Export/Debug/Debug.bindings.h Line: 39)

Exception getting types in assembly FactionColors, Version=1.0.0.0, Culture=neutral, PublicKeyToken=null. Some types may not work correctly. Exception: System.Reflection.ReflectionTypeLoadException: Exception of type 'System.Reflection.ReflectionTypeLoadException' was thrown.
  at (wrapper managed-to-native) System.Reflection.Assembly.GetTypes(System.Reflection.Assembly,bool)
  at System.Reflection.Assembly.GetTypes () [0x00000] in <eae584ce26bc40229c1b1aa476bfa589>:0 
  at Verse.GenTypes+<get_AllTypes>d__4.MoveNext () [0x0004a] in <81af9f8a18324e17b286924a43555a7c>:0  
(Filename: C:\buildslave\unity\build\Runtime/Export/Debug/Debug.bindings.h Line: 39)

[BetterLoading] Finished calling static constructors at 3:47:57 PM.
[BetterLoading] Processing 1877 post-finalize tasks.
[Merthsoft.DesignatorShapes] Patches on methods annotated as Obsolete were detected by HugsLib: RimWorld.GenConstruct.PlaceBlueprintForBuild 
(Filename: C:\buildslave\unity\build\Runtime/Export/Debug/Debug.bindings.h Line: 39)

[Doors Expanded] Detected minifiedDef for def HeronInvisibleDoor with installBlueprintDef Blueprint_Install_HeronInvisibleDoor, likely added by MinifyEverything mod - removed to avoid minifiable invisible doors
found Stloc_1
[HugsLib] initializing LWM_DeepStorage, ARimWorldOfMagic, Roolo.DualWield, ImprovedWorkbenches, Hospitality, WhatTheHack, Autopsy, DefensivePositions, GiddyUpCore, BattleMounts, GiddyUpCaravan, HeatMap, LabelsOnFloor, RimWar, RoomSense, RunAndGun, ShipInteriorMod2, SearchAndDestroy, StackXXL
[BetterLoading:HugsLib Compat] HugsLib has enumerated child mods, it has found 20 of them.
[StackXXL] Loaded
[BetterLoading:HugsLib Compat] HugsLib has Loaded, Reloaded, and Initialized. Marking as done.
[Merthsoft.DesignatorShapes] Patches on methods annotated as Obsolete were detected by HugsLib: RimWorld.GenConstruct.PlaceBlueprintForBuild 
(Filename: C:\buildslave\unity\build\Runtime/Export/Debug/Debug.bindings.h Line: 39)

[Doors Expanded] Detected minifiedDef for def HeronInvisibleDoor with installBlueprintDef Blueprint_Install_HeronInvisibleDoor, likely added by MinifyEverything mod - removed to avoid minifiable invisible doors
[BetterLoading] Obtained lock, assuming we're done with post-finalize.
[BetterLoading] Long event has finished, hiding loading screen.
[BetterLoading] Game load has finished. Timing data follows:
Spent 114919.1258ms reading, building, and patching XML tree.
Spent 55692.5973ms turning XML into def instances.
Spent 876423.0797ms resolving cross-references and running post-load, pre-finalize callbacks.
Spent 1052423.4524ms running static constructors (initializing mods).
Spent 23497.4474ms running post-finalize callbacks.
In total, spent 2125431.9409ms launching the game.
Loaded file (Scenario) is from version 1.1.2654 rev672, we are running version 1.3.3389 rev40. 
(Filename: C:\buildslave\unity\build\Runtime/Export/Debug/Debug.bindings.h Line: 39)

Exception getting types in assembly FactionColors, Version=1.0.0.0, Culture=neutral, PublicKeyToken=null. Some types may not work correctly. Exception: System.Reflection.ReflectionTypeLoadException: Exception of type 'System.Reflection.ReflectionTypeLoadException' was thrown.
  at (wrapper managed-to-native) System.Reflection.Assembly.GetTypes(System.Reflection.Assembly,bool)
  at System.Reflection.Assembly.GetTypes () [0x00000] in <eae584ce26bc40229c1b1aa476bfa589>:0 
  at Verse.GenTypes+<get_AllTypes>d__4.MoveNext () [0x0004a] in <81af9f8a18324e17b286924a43555a7c>:0  
(Filename: C:\buildslave\unity\build\Runtime/Export/Debug/Debug.bindings.h Line: 39)

[ATPP] BlacklistingOtherAR  : Corpse_Human
[ATPP] BlacklistingOtherAR  : Corpse_OG_Abhuman_Beastman
[ATPP] BlacklistingOtherAR  : Corpse_OG_Human_Mechanicus
[ATPP] BlacklistingOtherAR  : Corpse_OG_Abhuman_Ogryn
[ATPP] BlacklistingOtherAR  : Corpse_OG_Abhuman_Ratlin
[ATPP] BlacklistingOtherAR  : Corpse_OG_Alien_DarkEldar
[ATPP] BlacklistingOtherAR  : Corpse_OG_Alien_Eldar
[ATPP] BlacklistingOtherAR  : Corpse_OG_Alien_Wraithguard
[ATPP] BlacklistingOtherAR  : Corpse_OG_Alien_Grot
[ATPP] BlacklistingOtherAR  : Corpse_OG_Alien_Ork
[ATPP] BlacklistingOtherAR  : Corpse_OG_Cyborg_Ork
[ATPP] BlacklistingOtherAR  : Corpse_OG_Alien_Kroot
[ATPP] BlacklistingOtherAR  : Corpse_OG_Alien_Tau
[ATPP] BlacklistingOtherAR  : Corpse_OG_Alien_Vespid
[ATPP] BlacklistingOtherAR  : Corpse_ChjAndroid
[ATPP] BlacklistingOtherAR  : Corpse_ChjDroid
[ATPP] BlacklistingOtherAR  : Corpse_ChjBattleDroid
[ATPP] BlacklistingOtherAR  : Corpse_SoSHologramRace
[ATPP] BlacklistingOtherAR  : Corpse_Alien_HornedSkaven
[ATPP] BlacklistingOtherAR  : Corpse_Alien_SkavenMoulder
[ATPP] BlacklistingOtherAR  : Corpse_Alien_Skaven
[ATPP] BlacklistingOtherAR  : Corpse_Alien_SkavenStorm
[ATPP] SaveOurShip2Patching Parameter "thePawn" not found in method static System.Boolean SaveOurShip2.ShipInteriorMod2::hasSpaceSuit(Verse.Pawn pawn)   at HarmonyLib.MethodPatcher.EmitCallParameter (System.Reflection.MethodInfo patch, System.Collections.Generic.Dictionary`2[TKey,TValue] variables, System.Reflection.Emit.LocalBuilder runOriginalVariable, System.Boolean allowFirsParamPassthrough, System.Reflection.Emit.LocalBuilder& tmpObjectVar, System.Collections.Generic.List`1[T] tmpBoxVars) [0x0082f] in <255414689d344b1385ae719f6cce8c55>:0 

  at HarmonyLib.MethodPatcher+<>c__DisplayClass36_0.<AddPostfixes>b__1 (System.Reflection.MethodInfo fix) [0x00006] in <255414689d344b1385ae719f6cce8c55>:0 

  at HarmonyLib.CollectionExtensions.Do[T] (System.Collections.Generic.IEnumerable`1[T] sequence, System.Action`1[T] action) [0x00014] in <255414689d344b1385ae719f6cce8c55>:0 

  at HarmonyLib.MethodPatcher.AddPostfixes (System.Collections.Generic.Dictionary`2[TKey,TValue] variables, System.Reflection.Emit.LocalBuilder runOriginalVariable, System.Boolean passthroughPatches) [0x00040] in <255414689d344b1385ae719f6cce8c55>:0 

  at HarmonyLib.MethodPatcher.CreateReplacement (System.Collections.Generic.Dictionary`2[System.Int32,HarmonyLib.CodeInstruction]& finalInstructions) [0x0033f] in <255414689d344b1385ae719f6cce8c55>:0 

  at HarmonyLib.PatchFunctions.UpdateWrapper (System.Reflection.MethodBase original, HarmonyLib.PatchInfo patchInfo) [0x00057] in <255414689d344b1385ae719f6cce8c55>:0 

  at HarmonyLib.PatchProcessor.Patch () [0x000fc] in <255414689d344b1385ae719f6cce8c55>:0 

  at HarmonyLib.Harmony.Patch (System.Reflection.MethodBase original, HarmonyLib.HarmonyMethod prefix, HarmonyLib.HarmonyMethod postfix, HarmonyLib.HarmonyMethod transpiler, HarmonyLib.HarmonyMethod finalizer) [0x00028] in <255414689d344b1385ae719f6cce8c55>:0 

  at MOARANDROIDS.GC_ATPP..ctor (Verse.Game game) [0x0137d] in <ed4405b822004ab8b790b92e60654ed2>:0 
[ATPP] 11 Care job collected for crafting injection
[ATPP] 4 MentalBreaks collected
Exception getting types in assembly FactionColors, Version=1.0.0.0, Culture=neutral, PublicKeyToken=null. Some types may not work correctly. Exception: System.Reflection.ReflectionTypeLoadException: Exception of type 'System.Reflection.ReflectionTypeLoadException' was thrown.
  at (wrapper managed-to-native) System.Reflection.Assembly.GetTypes(System.Reflection.Assembly,bool)
  at System.Reflection.Assembly.GetTypes () [0x00000] in <eae584ce26bc40229c1b1aa476bfa589>:0 
  at Verse.GenTypes+<get_AllTypes>d__4.MoveNext () [0x0004a] in <81af9f8a18324e17b286924a43555a7c>:0  
(Filename: C:\buildslave\unity\build\Runtime/Export/Debug/Debug.bindings.h Line: 39)

Exception getting types in assembly FactionColors, Version=1.0.0.0, Culture=neutral, PublicKeyToken=null. Some types may not work correctly. Exception: System.Reflection.ReflectionTypeLoadException: Exception of type 'System.Reflection.ReflectionTypeLoadException' was thrown.
  at (wrapper managed-to-native) System.Reflection.Assembly.GetTypes(System.Reflection.Assembly,bool)
  at System.Reflection.Assembly.GetTypes () [0x00000] in <eae584ce26bc40229c1b1aa476bfa589>:0 
  at Verse.GenTypes+<get_AllTypes>d__4.MoveNext () [0x0004a] in <81af9f8a18324e17b286924a43555a7c>:0  
(Filename: C:\buildslave\unity\build\Runtime/Export/Debug/Debug.bindings.h Line: 39)

Exception getting types in assembly FactionColors, Version=1.0.0.0, Culture=neutral, PublicKeyToken=null. Some types may not work correctly. Exception: System.Reflection.ReflectionTypeLoadException: Exception of type 'System.Reflection.ReflectionTypeLoadException' was thrown.
  at (wrapper managed-to-native) System.Reflection.Assembly.GetTypes(System.Reflection.Assembly,bool)
  at System.Reflection.Assembly.GetTypes () [0x00000] in <eae584ce26bc40229c1b1aa476bfa589>:0 
  at Verse.GenTypes+<get_AllTypes>d__4.MoveNext () [0x0004a] in <81af9f8a18324e17b286924a43555a7c>:0  
(Filename: C:\buildslave\unity\build\Runtime/Export/Debug/Debug.bindings.h Line: 39)

Exception getting types in assembly AnimalJobs, Version=1.0.0.0, Culture=neutral, PublicKeyToken=null. Some types may not work correctly. Exception: System.Reflection.ReflectionTypeLoadException: Exception of type 'System.Reflection.ReflectionTypeLoadException' was thrown.
  at (wrapper managed-to-native) System.Reflection.Assembly.GetTypes(System.Reflection.Assembly,bool)
  at System.Reflection.Assembly.GetTypes () [0x00000] in <eae584ce26bc40229c1b1aa476bfa589>:0 
  at Verse.GenTypes+<get_AllTypes>d__4.MoveNext () [0x0004a] in <81af9f8a18324e17b286924a43555a7c>:0  
(Filename: C:\buildslave\unity\build\Runtime/Export/Debug/Debug.bindings.h Line: 39)

Exception getting types in assembly FactionColors, Version=1.0.0.0, Culture=neutral, PublicKeyToken=null. Some types may not work correctly. Exception: System.Reflection.ReflectionTypeLoadException: Exception of type 'System.Reflection.ReflectionTypeLoadException' was thrown.
  at (wrapper managed-to-native) System.Reflection.Assembly.GetTypes(System.Reflection.Assembly,bool)
  at System.Reflection.Assembly.GetTypes () [0x00000] in <eae584ce26bc40229c1b1aa476bfa589>:0 
  at Verse.GenTypes+<get_AllTypes>d__4.MoveNext () [0x0004a] in <81af9f8a18324e17b286924a43555a7c>:0  
(Filename: C:\buildslave\unity\build\Runtime/Export/Debug/Debug.bindings.h Line: 39)

Exception getting types in assembly AnimalJobs, Version=1.0.0.0, Culture=neutral, PublicKeyToken=null. Some types may not work correctly. Exception: System.Reflection.ReflectionTypeLoadException: Exception of type 'System.Reflection.ReflectionTypeLoadException' was thrown.
  at (wrapper managed-to-native) System.Reflection.Assembly.GetTypes(System.Reflection.Assembly,bool)
  at System.Reflection.Assembly.GetTypes () [0x00000] in <eae584ce26bc40229c1b1aa476bfa589>:0 
  at Verse.GenTypes+<get_AllTypes>d__4.MoveNext () [0x0004a] in <81af9f8a18324e17b286924a43555a7c>:0  
(Filename: C:\buildslave\unity\build\Runtime/Export/Debug/Debug.bindings.h Line: 39)

Exception getting types in assembly FactionColors, Version=1.0.0.0, Culture=neutral, PublicKeyToken=null. Some types may not work correctly. Exception: System.Reflection.ReflectionTypeLoadException: Exception of type 'System.Reflection.ReflectionTypeLoadException' was thrown.
  at (wrapper managed-to-native) System.Reflection.Assembly.GetTypes(System.Reflection.Assembly,bool)
  at System.Reflection.Assembly.GetTypes () [0x00000] in <eae584ce26bc40229c1b1aa476bfa589>:0 
  at Verse.GenTypes+<get_AllTypes>d__4.MoveNext () [0x0004a] in <81af9f8a18324e17b286924a43555a7c>:0  
(Filename: C:\buildslave\unity\build\Runtime/Export/Debug/Debug.bindings.h Line: 39)

Exception getting types in assembly AnimalJobs, Version=1.0.0.0, Culture=neutral, PublicKeyToken=null. Some types may not work correctly. Exception: System.Reflection.ReflectionTypeLoadException: Exception of type 'System.Reflection.ReflectionTypeLoadException' was thrown.
  at (wrapper managed-to-native) System.Reflection.Assembly.GetTypes(System.Reflection.Assembly,bool)
  at System.Reflection.Assembly.GetTypes () [0x00000] in <eae584ce26bc40229c1b1aa476bfa589>:0 
  at Verse.GenTypes+<get_AllTypes>d__4.MoveNext () [0x0004a] in <81af9f8a18324e17b286924a43555a7c>:0  
(Filename: C:\buildslave\unity\build\Runtime/Export/Debug/Debug.bindings.h Line: 39)

Exception getting types in assembly FactionColors, Version=1.0.0.0, Culture=neutral, PublicKeyToken=null. Some types may not work correctly. Exception: System.Reflection.ReflectionTypeLoadException: Exception of type 'System.Reflection.ReflectionTypeLoadException' was thrown.
  at (wrapper managed-to-native) System.Reflection.Assembly.GetTypes(System.Reflection.Assembly,bool)
  at System.Reflection.Assembly.GetTypes () [0x00000] in <eae584ce26bc40229c1b1aa476bfa589>:0 
  at Verse.GenTypes+<get_AllTypes>d__4.MoveNext () [0x0004a] in <81af9f8a18324e17b286924a43555a7c>:0  
(Filename: C:\buildslave\unity\build\Runtime/Export/Debug/Debug.bindings.h Line: 39)

Exception getting types in assembly AnimalJobs, Version=1.0.0.0, Culture=neutral, PublicKeyToken=null. Some types may not work correctly. Exception: System.Reflection.ReflectionTypeLoadException: Exception of type 'System.Reflection.ReflectionTypeLoadException' was thrown.
  at (wrapper managed-to-native) System.Reflection.Assembly.GetTypes(System.Reflection.Assembly,bool)
  at System.Reflection.Assembly.GetTypes () [0x00000] in <eae584ce26bc40229c1b1aa476bfa589>:0 
  at Verse.GenTypes+<get_AllTypes>d__4.MoveNext () [0x0004a] in <81af9f8a18324e17b286924a43555a7c>:0  
(Filename: C:\buildslave\unity\build\Runtime/Export/Debug/Debug.bindings.h Line: 39)

Exception getting types in assembly FactionColors, Version=1.0.0.0, Culture=neutral, PublicKeyToken=null. Some types may not work correctly. Exception: System.Reflection.ReflectionTypeLoadException: Exception of type 'System.Reflection.ReflectionTypeLoadException' was thrown.
  at (wrapper managed-to-native) System.Reflection.Assembly.GetTypes(System.Reflection.Assembly,bool)
  at System.Reflection.Assembly.GetTypes () [0x00000] in <eae584ce26bc40229c1b1aa476bfa589>:0 
  at Verse.GenTypes+<get_AllTypes>d__4.MoveNext () [0x0004a] in <81af9f8a18324e17b286924a43555a7c>:0  
(Filename: C:\buildslave\unity\build\Runtime/Export/Debug/Debug.bindings.h Line: 39)

Exception getting types in assembly AnimalJobs, Version=1.0.0.0, Culture=neutral, PublicKeyToken=null. Some types may not work correctly. Exception: System.Reflection.ReflectionTypeLoadException: Exception of type 'System.Reflection.ReflectionTypeLoadException' was thrown.
  at (wrapper managed-to-native) System.Reflection.Assembly.GetTypes(System.Reflection.Assembly,bool)
  at System.Reflection.Assembly.GetTypes () [0x00000] in <eae584ce26bc40229c1b1aa476bfa589>:0 
  at Verse.GenTypes+<get_AllTypes>d__4.MoveNext () [0x0004a] in <81af9f8a18324e17b286924a43555a7c>:0  
(Filename: C:\buildslave\unity\build\Runtime/Export/Debug/Debug.bindings.h Line: 39)

Exception getting types in assembly FactionColors, Version=1.0.0.0, Culture=neutral, PublicKeyToken=null. Some types may not work correctly. Exception: System.Reflection.ReflectionTypeLoadException: Exception of type 'System.Reflection.ReflectionTypeLoadException' was thrown.
  at (wrapper managed-to-native) System.Reflection.Assembly.GetTypes(System.Reflection.Assembly,bool)
  at System.Reflection.Assembly.GetTypes () [0x00000] in <eae584ce26bc40229c1b1aa476bfa589>:0 
  at Verse.GenTypes+<get_AllTypes>d__4.MoveNext () [0x0004a] in <81af9f8a18324e17b286924a43555a7c>:0  
(Filename: C:\buildslave\unity\build\Runtime/Export/Debug/Debug.bindings.h Line: 39)

Exception getting types in assembly AnimalJobs, Version=1.0.0.0, Culture=neutral, PublicKeyToken=null. Some types may not work correctly. Exception: System.Reflection.ReflectionTypeLoadException: Exception of type 'System.Reflection.ReflectionTypeLoadException' was thrown.
  at (wrapper managed-to-native) System.Reflection.Assembly.GetTypes(System.Reflection.Assembly,bool)
  at System.Reflection.Assembly.GetTypes () [0x00000] in <eae584ce26bc40229c1b1aa476bfa589>:0 
  at Verse.GenTypes+<get_AllTypes>d__4.MoveNext () [0x0004a] in <81af9f8a18324e17b286924a43555a7c>:0  
(Filename: C:\buildslave\unity\build\Runtime/Export/Debug/Debug.bindings.h Line: 39)

Exception getting types in assembly FactionColors, Version=1.0.0.0, Culture=neutral, PublicKeyToken=null. Some types may not work correctly. Exception: System.Reflection.ReflectionTypeLoadException: Exception of type 'System.Reflection.ReflectionTypeLoadException' was thrown.
  at (wrapper managed-to-native) System.Reflection.Assembly.GetTypes(System.Reflection.Assembly,bool)
  at System.Reflection.Assembly.GetTypes () [0x00000] in <eae584ce26bc40229c1b1aa476bfa589>:0 
  at Verse.GenTypes+<get_AllTypes>d__4.MoveNext () [0x0004a] in <81af9f8a18324e17b286924a43555a7c>:0  
(Filename: C:\buildslave\unity\build\Runtime/Export/Debug/Debug.bindings.h Line: 39)

Exception getting types in assembly AnimalJobs, Version=1.0.0.0, Culture=neutral, PublicKeyToken=null. Some types may not work correctly. Exception: System.Reflection.ReflectionTypeLoadException: Exception of type 'System.Reflection.ReflectionTypeLoadException' was thrown.
  at (wrapper managed-to-native) System.Reflection.Assembly.GetTypes(System.Reflection.Assembly,bool)
  at System.Reflection.Assembly.GetTypes () [0x00000] in <eae584ce26bc40229c1b1aa476bfa589>:0 
  at Verse.GenTypes+<get_AllTypes>d__4.MoveNext () [0x0004a] in <81af9f8a18324e17b286924a43555a7c>:0  
(Filename: C:\buildslave\unity\build\Runtime/Export/Debug/Debug.bindings.h Line: 39)

Exception getting types in assembly FactionColors, Version=1.0.0.0, Culture=neutral, PublicKeyToken=null. Some types may not work correctly. Exception: System.Reflection.ReflectionTypeLoadException: Exception of type 'System.Reflection.ReflectionTypeLoadException' was thrown.
  at (wrapper managed-to-native) System.Reflection.Assembly.GetTypes(System.Reflection.Assembly,bool)
  at System.Reflection.Assembly.GetTypes () [0x00000] in <eae584ce26bc40229c1b1aa476bfa589>:0 
  at Verse.GenTypes+<get_AllTypes>d__4.MoveNext () [0x0004a] in <81af9f8a18324e17b286924a43555a7c>:0  
(Filename: C:\buildslave\unity\build\Runtime/Export/Debug/Debug.bindings.h Line: 39)

Exception getting types in assembly AnimalJobs, Version=1.0.0.0, Culture=neutral, PublicKeyToken=null. Some types may not work correctly. Exception: System.Reflection.ReflectionTypeLoadException: Exception of type 'System.Reflection.ReflectionTypeLoadException' was thrown.
  at (wrapper managed-to-native) System.Reflection.Assembly.GetTypes(System.Reflection.Assembly,bool)
  at System.Reflection.Assembly.GetTypes () [0x00000] in <eae584ce26bc40229c1b1aa476bfa589>:0 
  at Verse.GenTypes+<get_AllTypes>d__4.MoveNext () [0x0004a] in <81af9f8a18324e17b286924a43555a7c>:0  
(Filename: C:\buildslave\unity\build\Runtime/Export/Debug/Debug.bindings.h Line: 39)

Exception getting types in assembly FactionColors, Version=1.0.0.0, Culture=neutral, PublicKeyToken=null. Some types may not work correctly. Exception: System.Reflection.ReflectionTypeLoadException: Exception of type 'System.Reflection.ReflectionTypeLoadException' was thrown.
  at (wrapper managed-to-native) System.Reflection.Assembly.GetTypes(System.Reflection.Assembly,bool)
  at System.Reflection.Assembly.GetTypes () [0x00000] in <eae584ce26bc40229c1b1aa476bfa589>:0 
  at Verse.GenTypes+<get_AllTypes>d__4.MoveNext () [0x0004a] in <81af9f8a18324e17b286924a43555a7c>:0  
(Filename: C:\buildslave\unity\build\Runtime/Export/Debug/Debug.bindings.h Line: 39)

Exception getting types in assembly AnimalJobs, Version=1.0.0.0, Culture=neutral, PublicKeyToken=null. Some types may not work correctly. Exception: System.Reflection.ReflectionTypeLoadException: Exception of type 'System.Reflection.ReflectionTypeLoadException' was thrown.
  at (wrapper managed-to-native) System.Reflection.Assembly.GetTypes(System.Reflection.Assembly,bool)
  at System.Reflection.Assembly.GetTypes () [0x00000] in <eae584ce26bc40229c1b1aa476bfa589>:0 
  at Verse.GenTypes+<get_AllTypes>d__4.MoveNext () [0x0004a] in <81af9f8a18324e17b286924a43555a7c>:0  
(Filename: C:\buildslave\unity\build\Runtime/Export/Debug/Debug.bindings.h Line: 39)

Exception getting types in assembly FactionColors, Version=1.0.0.0, Culture=neutral, PublicKeyToken=null. Some types may not work correctly. Exception: System.Reflection.ReflectionTypeLoadException: Exception of type 'System.Reflection.ReflectionTypeLoadException' was thrown.
  at (wrapper managed-to-native) System.Reflection.Assembly.GetTypes(System.Reflection.Assembly,bool)
  at System.Reflection.Assembly.GetTypes () [0x00000] in <eae584ce26bc40229c1b1aa476bfa589>:0 
  at Verse.GenTypes+<get_AllTypes>d__4.MoveNext () [0x0004a] in <81af9f8a18324e17b286924a43555a7c>:0  
(Filename: C:\buildslave\unity\build\Runtime/Export/Debug/Debug.bindings.h Line: 39)

Exception getting types in assembly AnimalJobs, Version=1.0.0.0, Culture=neutral, PublicKeyToken=null. Some types may not work correctly. Exception: System.Reflection.ReflectionTypeLoadException: Exception of type 'System.Reflection.ReflectionTypeLoadException' was thrown.
  at (wrapper managed-to-native) System.Reflection.Assembly.GetTypes(System.Reflection.Assembly,bool)
  at System.Reflection.Assembly.GetTypes () [0x00000] in <eae584ce26bc40229c1b1aa476bfa589>:0 
  at Verse.GenTypes+<get_AllTypes>d__4.MoveNext () [0x0004a] in <81af9f8a18324e17b286924a43555a7c>:0  
(Filename: C:\buildslave\unity\build\Runtime/Export/Debug/Debug.bindings.h Line: 39)

Exception getting types in assembly FactionColors, Version=1.0.0.0, Culture=neutral, PublicKeyToken=null. Some types may not work correctly. Exception: System.Reflection.ReflectionTypeLoadException: Exception of type 'System.Reflection.ReflectionTypeLoadException' was thrown.
  at (wrapper managed-to-native) System.Reflection.Assembly.GetTypes(System.Reflection.Assembly,bool)
  at System.Reflection.Assembly.GetTypes () [0x00000] in <eae584ce26bc40229c1b1aa476bfa589>:0 
  at Verse.GenTypes+<get_AllTypes>d__4.MoveNext () [0x0004a] in <81af9f8a18324e17b286924a43555a7c>:0  
(Filename: C:\buildslave\unity\build\Runtime/Export/Debug/Debug.bindings.h Line: 39)

Exception getting types in assembly AnimalJobs, Version=1.0.0.0, Culture=neutral, PublicKeyToken=null. Some types may not work correctly. Exception: System.Reflection.ReflectionTypeLoadException: Exception of type 'System.Reflection.ReflectionTypeLoadException' was thrown.
  at (wrapper managed-to-native) System.Reflection.Assembly.GetTypes(System.Reflection.Assembly,bool)
  at System.Reflection.Assembly.GetTypes () [0x00000] in <eae584ce26bc40229c1b1aa476bfa589>:0 
  at Verse.GenTypes+<get_AllTypes>d__4.MoveNext () [0x0004a] in <81af9f8a18324e17b286924a43555a7c>:0  
(Filename: C:\buildslave\unity\build\Runtime/Export/Debug/Debug.bindings.h Line: 39)

Exception getting types in assembly FactionColors, Version=1.0.0.0, Culture=neutral, PublicKeyToken=null. Some types may not work correctly. Exception: System.Reflection.ReflectionTypeLoadException: Exception of type 'System.Reflection.ReflectionTypeLoadException' was thrown.
  at (wrapper managed-to-native) System.Reflection.Assembly.GetTypes(System.Reflection.Assembly,bool)
  at System.Reflection.Assembly.GetTypes () [0x00000] in <eae584ce26bc40229c1b1aa476bfa589>:0 
  at Verse.GenTypes+<get_AllTypes>d__4.MoveNext () [0x0004a] in <81af9f8a18324e17b286924a43555a7c>:0  
(Filename: C:\buildslave\unity\build\Runtime/Export/Debug/Debug.bindings.h Line: 39)

Exception getting types in assembly AnimalJobs, Version=1.0.0.0, Culture=neutral, PublicKeyToken=null. Some types may not work correctly. Exception: System.Reflection.ReflectionTypeLoadException: Exception of type 'System.Reflection.ReflectionTypeLoadException' was thrown.
  at (wrapper managed-to-native) System.Reflection.Assembly.GetTypes(System.Reflection.Assembly,bool)
  at System.Reflection.Assembly.GetTypes () [0x00000] in <eae584ce26bc40229c1b1aa476bfa589>:0 
  at Verse.GenTypes+<get_AllTypes>d__4.MoveNext () [0x0004a] in <81af9f8a18324e17b286924a43555a7c>:0  
(Filename: C:\buildslave\unity\build\Runtime/Export/Debug/Debug.bindings.h Line: 39)

Exception getting types in assembly FactionColors, Version=1.0.0.0, Culture=neutral, PublicKeyToken=null. Some types may not work correctly. Exception: System.Reflection.ReflectionTypeLoadException: Exception of type 'System.Reflection.ReflectionTypeLoadException' was thrown.
  at (wrapper managed-to-native) System.Reflection.Assembly.GetTypes(System.Reflection.Assembly,bool)
  at System.Reflection.Assembly.GetTypes () [0x00000] in <eae584ce26bc40229c1b1aa476bfa589>:0 
  at Verse.GenTypes+<get_AllTypes>d__4.MoveNext () [0x0004a] in <81af9f8a18324e17b286924a43555a7c>:0  
(Filename: C:\buildslave\unity\build\Runtime/Export/Debug/Debug.bindings.h Line: 39)

Exception getting types in assembly AnimalJobs, Version=1.0.0.0, Culture=neutral, PublicKeyToken=null. Some types may not work correctly. Exception: System.Reflection.ReflectionTypeLoadException: Exception of type 'System.Reflection.ReflectionTypeLoadException' was thrown.
  at (wrapper managed-to-native) System.Reflection.Assembly.GetTypes(System.Reflection.Assembly,bool)
  at System.Reflection.Assembly.GetTypes () [0x00000] in <eae584ce26bc40229c1b1aa476bfa589>:0 
  at Verse.GenTypes+<get_AllTypes>d__4.MoveNext () [0x0004a] in <81af9f8a18324e17b286924a43555a7c>:0  
(Filename: C:\buildslave\unity\build\Runtime/Export/Debug/Debug.bindings.h Line: 39)

Exception getting types in assembly FactionColors, Version=1.0.0.0, Culture=neutral, PublicKeyToken=null. Some types may not work correctly. Exception: System.Reflection.ReflectionTypeLoadException: Exception of type 'System.Reflection.ReflectionTypeLoadException' was thrown.
  at (wrapper managed-to-native) System.Reflection.Assembly.GetTypes(System.Reflection.Assembly,bool)
  at System.Reflection.Assembly.GetTypes () [0x00000] in <eae584ce26bc40229c1b1aa476bfa589>:0 
  at Verse.GenTypes+<get_AllTypes>d__4.MoveNext () [0x0004a] in <81af9f8a18324e17b286924a43555a7c>:0  
(Filename: C:\buildslave\unity\build\Runtime/Export/Debug/Debug.bindings.h Line: 39)

Exception getting types in assembly AnimalJobs, Version=1.0.0.0, Culture=neutral, PublicKeyToken=null. Some types may not work correctly. Exception: System.Reflection.ReflectionTypeLoadException: Exception of type 'System.Reflection.ReflectionTypeLoadException' was thrown.
  at (wrapper managed-to-native) System.Reflection.Assembly.GetTypes(System.Reflection.Assembly,bool)
  at System.Reflection.Assembly.GetTypes () [0x00000] in <eae584ce26bc40229c1b1aa476bfa589>:0 
  at Verse.GenTypes+<get_AllTypes>d__4.MoveNext () [0x0004a] in <81af9f8a18324e17b286924a43555a7c>:0  
(Filename: C:\buildslave\unity\build\Runtime/Export/Debug/Debug.bindings.h Line: 39)

Exception getting types in assembly FactionColors, Version=1.0.0.0, Culture=neutral, PublicKeyToken=null. Some types may not work correctly. Exception: System.Reflection.ReflectionTypeLoadException: Exception of type 'System.Reflection.ReflectionTypeLoadException' was thrown.
  at (wrapper managed-to-native) System.Reflection.Assembly.GetTypes(System.Reflection.Assembly,bool)
  at System.Reflection.Assembly.GetTypes () [0x00000] in <eae584ce26bc40229c1b1aa476bfa589>:0 
  at Verse.GenTypes+<get_AllTypes>d__4.MoveNext () [0x0004a] in <81af9f8a18324e17b286924a43555a7c>:0  
(Filename: C:\buildslave\unity\build\Runtime/Export/Debug/Debug.bindings.h Line: 39)

Exception getting types in assembly AnimalJobs, Version=1.0.0.0, Culture=neutral, PublicKeyToken=null. Some types may not work correctly. Exception: System.Reflection.ReflectionTypeLoadException: Exception of type 'System.Reflection.ReflectionTypeLoadException' was thrown.
  at (wrapper managed-to-native) System.Reflection.Assembly.GetTypes(System.Reflection.Assembly,bool)
  at System.Reflection.Assembly.GetTypes () [0x00000] in <eae584ce26bc40229c1b1aa476bfa589>:0 
  at Verse.GenTypes+<get_AllTypes>d__4.MoveNext () [0x0004a] in <81af9f8a18324e17b286924a43555a7c>:0  
(Filename: C:\buildslave\unity\build\Runtime/Export/Debug/Debug.bindings.h Line: 39)

Exception getting types in assembly FactionColors, Version=1.0.0.0, Culture=neutral, PublicKeyToken=null. Some types may not work correctly. Exception: System.Reflection.ReflectionTypeLoadException: Exception of type 'System.Reflection.ReflectionTypeLoadException' was thrown.
  at (wrapper managed-to-native) System.Reflection.Assembly.GetTypes(System.Reflection.Assembly,bool)
  at System.Reflection.Assembly.GetTypes () [0x00000] in <eae584ce26bc40229c1b1aa476bfa589>:0 
  at Verse.GenTypes+<get_AllTypes>d__4.MoveNext () [0x0004a] in <81af9f8a18324e17b286924a43555a7c>:0  
(Filename: C:\buildslave\unity\build\Runtime/Export/Debug/Debug.bindings.h Line: 39)

Exception getting types in assembly AnimalJobs, Version=1.0.0.0, Culture=neutral, PublicKeyToken=null. Some types may not work correctly. Exception: System.Reflection.ReflectionTypeLoadException: Exception of type 'System.Reflection.ReflectionTypeLoadException' was thrown.
  at (wrapper managed-to-native) System.Reflection.Assembly.GetTypes(System.Reflection.Assembly,bool)
  at System.Reflection.Assembly.GetTypes () [0x00000] in <eae584ce26bc40229c1b1aa476bfa589>:0 
  at Verse.GenTypes+<get_AllTypes>d__4.MoveNext () [0x0004a] in <81af9f8a18324e17b286924a43555a7c>:0  
(Filename: C:\buildslave\unity\build\Runtime/Export/Debug/Debug.bindings.h Line: 39)

Exception getting types in assembly FactionColors, Version=1.0.0.0, Culture=neutral, PublicKeyToken=null. Some types may not work correctly. Exception: System.Reflection.ReflectionTypeLoadException: Exception of type 'System.Reflection.ReflectionTypeLoadException' was thrown.
  at (wrapper managed-to-native) System.Reflection.Assembly.GetTypes(System.Reflection.Assembly,bool)
  at System.Reflection.Assembly.GetTypes () [0x00000] in <eae584ce26bc40229c1b1aa476bfa589>:0 
  at Verse.GenTypes+<get_AllTypes>d__4.MoveNext () [0x0004a] in <81af9f8a18324e17b286924a43555a7c>:0  
(Filename: C:\buildslave\unity\build\Runtime/Export/Debug/Debug.bindings.h Line: 39)

Exception getting types in assembly AnimalJobs, Version=1.0.0.0, Culture=neutral, PublicKeyToken=null. Some types may not work correctly. Exception: System.Reflection.ReflectionTypeLoadException: Exception of type 'System.Reflection.ReflectionTypeLoadException' was thrown.
  at (wrapper managed-to-native) System.Reflection.Assembly.GetTypes(System.Reflection.Assembly,bool)
  at System.Reflection.Assembly.GetTypes () [0x00000] in <eae584ce26bc40229c1b1aa476bfa589>:0 
  at Verse.GenTypes+<get_AllTypes>d__4.MoveNext () [0x0004a] in <81af9f8a18324e17b286924a43555a7c>:0  
(Filename: C:\buildslave\unity\build\Runtime/Export/Debug/Debug.bindings.h Line: 39)

Exception getting types in assembly FactionColors, Version=1.0.0.0, Culture=neutral, PublicKeyToken=null. Some types may not work correctly. Exception: System.Reflection.ReflectionTypeLoadException: Exception of type 'System.Reflection.ReflectionTypeLoadException' was thrown.
  at (wrapper managed-to-native) System.Reflection.Assembly.GetTypes(System.Reflection.Assembly,bool)
  at System.Reflection.Assembly.GetTypes () [0x00000] in <eae584ce26bc40229c1b1aa476bfa589>:0 
  at Verse.GenTypes+<get_AllTypes>d__4.MoveNext () [0x0004a] in <81af9f8a18324e17b286924a43555a7c>:0  
(Filename: C:\buildslave\unity\build\Runtime/Export/Debug/Debug.bindings.h Line: 39)

Exception getting types in assembly AnimalJobs, Version=1.0.0.0, Culture=neutral, PublicKeyToken=null. Some types may not work correctly. Exception: System.Reflection.ReflectionTypeLoadException: Exception of type 'System.Reflection.ReflectionTypeLoadException' was thrown.
  at (wrapper managed-to-native) System.Reflection.Assembly.GetTypes(System.Reflection.Assembly,bool)
  at System.Reflection.Assembly.GetTypes () [0x00000] in <eae584ce26bc40229c1b1aa476bfa589>:0 
  at Verse.GenTypes+<get_AllTypes>d__4.MoveNext () [0x0004a] in <81af9f8a18324e17b286924a43555a7c>:0  
(Filename: C:\buildslave\unity\build\Runtime/Export/Debug/Debug.bindings.h Line: 39)

Exception getting types in assembly FactionColors, Version=1.0.0.0, Culture=neutral, PublicKeyToken=null. Some types may not work correctly. Exception: System.Reflection.ReflectionTypeLoadException: Exception of type 'System.Reflection.ReflectionTypeLoadException' was thrown.
  at (wrapper managed-to-native) System.Reflection.Assembly.GetTypes(System.Reflection.Assembly,bool)
  at System.Reflection.Assembly.GetTypes () [0x00000] in <eae584ce26bc40229c1b1aa476bfa589>:0 
  at Verse.GenTypes+<get_AllTypes>d__4.MoveNext () [0x0004a] in <81af9f8a18324e17b286924a43555a7c>:0  
(Filename: C:\buildslave\unity\build\Runtime/Export/Debug/Debug.bindings.h Line: 39)

Exception getting types in assembly AnimalJobs, Version=1.0.0.0, Culture=neutral, PublicKeyToken=null. Some types may not work correctly. Exception: System.Reflection.ReflectionTypeLoadException: Exception of type 'System.Reflection.ReflectionTypeLoadException' was thrown.
  at (wrapper managed-to-native) System.Reflection.Assembly.GetTypes(System.Reflection.Assembly,bool)
  at System.Reflection.Assembly.GetTypes () [0x00000] in <eae584ce26bc40229c1b1aa476bfa589>:0 
  at Verse.GenTypes+<get_AllTypes>d__4.MoveNext () [0x0004a] in <81af9f8a18324e17b286924a43555a7c>:0  
(Filename: C:\buildslave\unity\build\Runtime/Export/Debug/Debug.bindings.h Line: 39)

Exception getting types in assembly FactionColors, Version=1.0.0.0, Culture=neutral, PublicKeyToken=null. Some types may not work correctly. Exception: System.Reflection.ReflectionTypeLoadException: Exception of type 'System.Reflection.ReflectionTypeLoadException' was thrown.
  at (wrapper managed-to-native) System.Reflection.Assembly.GetTypes(System.Reflection.Assembly,bool)
  at System.Reflection.Assembly.GetTypes () [0x00000] in <eae584ce26bc40229c1b1aa476bfa589>:0 
  at Verse.GenTypes+<get_AllTypes>d__4.MoveNext () [0x0004a] in <81af9f8a18324e17b286924a43555a7c>:0  
(Filename: C:\buildslave\unity\build\Runtime/Export/Debug/Debug.bindings.h Line: 39)

Exception getting types in assembly AnimalJobs, Version=1.0.0.0, Culture=neutral, PublicKeyToken=null. Some types may not work correctly. Exception: System.Reflection.ReflectionTypeLoadException: Exception of type 'System.Reflection.ReflectionTypeLoadException' was thrown.
  at (wrapper managed-to-native) System.Reflection.Assembly.GetTypes(System.Reflection.Assembly,bool)
  at System.Reflection.Assembly.GetTypes () [0x00000] in <eae584ce26bc40229c1b1aa476bfa589>:0 
  at Verse.GenTypes+<get_AllTypes>d__4.MoveNext () [0x0004a] in <81af9f8a18324e17b286924a43555a7c>:0  
(Filename: C:\buildslave\unity\build\Runtime/Export/Debug/Debug.bindings.h Line: 39)

Could not instantiate a WorldComponent of type Corruption.Core.CorruptionStoryTracker: System.Reflection.TargetInvocationException: Exception has been thrown by the target of an invocation. ---> System.MissingMethodException: System.Collections.Generic.IEnumerable`1<System.Type> Verse.GenTypes.AllSubclassesNonAbstract(System.Type)
  at (wrapper managed-to-native) System.Reflection.MonoCMethod.InternalInvoke(System.Reflection.MonoCMethod,object,object[],System.Exception&)
  at System.Reflection.MonoCMethod.InternalInvoke (System.Object obj, System.Object[] parameters) [0x00002] in <eae584ce26bc40229c1b1aa476bfa589>:0 
   --- End of inner exception stack trace ---
  at System.Reflection.MonoCMethod.InternalInvoke (System.Object obj, System.Object[] parameters) [0x00014] in <eae584ce26bc40229c1b1aa476bfa589>:0 
  at System.Reflection.MonoCMethod.DoInvoke (System.Object obj, System.Reflection.BindingFlags invokeAttr, System.Reflection.Binder binder, System.Object[] parameters, System.Globalization.CultureInfo culture) [0x0007a] in <eae584ce26bc40229c1b1aa476bfa589>:0 
  at System.Reflection.MonoCMethod.Invoke (System.Reflection.BindingFlags invokeAttr, System.Reflection.Binder binder, System.Object[] parameters, System.Globalization.CultureInfo culture) [0x00000] in <eae584ce26bc40229c1b1aa476bfa589>:0 
  at System.RuntimeType.CreateInstanceImpl (System.Reflection.BindingFlags bindingAttr, System.Reflection.Binder binder, System.Object[] args, System.Globalization.CultureInfo culture, System.Object[] activationAttributes, System.Threading.StackCrawlMark& stackMark) [0x00213] in <eae584ce26bc40229c1b1aa476bfa589>:0 
  at System.Activator.CreateInstance (System.Type type, System.Reflection.BindingFlags bindingAttr, System.Reflection.Binder binder, System.Object[] args, System.Globalization.CultureInfo culture, System.Object[] activationAttributes) [0x00095] in <eae584ce26bc40229c1b1aa476bfa589>:0 
  at (wrapper dynamic-method) System.Activator.System.Activator.CreateInstance_Patch1(System.Type,object[])
  at RimWorld.Planet.World.FillComponents () [0x00053] in <81af9f8a18324e17b286924a43555a7c>:0  
(Filename: C:\buildslave\unity\build\Runtime/Export/Debug/Debug.bindings.h Line: 39)

Starting SoS2 patch...
Finished patching Empire and SoS2
Failed to generate a unique precept name: Uncompromising Requiem at 50% uniqueness 
(Filename: C:\buildslave\unity\build\Runtime/Export/Debug/Debug.bindings.h Line: 39)

Failed to generate a unique precept name:  at 0% uniqueness 
(Filename: C:\buildslave\unity\build\Runtime/Export/Debug/Debug.bindings.h Line: 39)

Exception getting types in assembly FactionColors, Version=1.0.0.0, Culture=neutral, PublicKeyToken=null. Some types may not work correctly. Exception: System.Reflection.ReflectionTypeLoadException: Exception of type 'System.Reflection.ReflectionTypeLoadException' was thrown.
  at (wrapper managed-to-native) System.Reflection.Assembly.GetTypes(System.Reflection.Assembly,bool)
  at System.Reflection.Assembly.GetTypes () [0x00000] in <eae584ce26bc40229c1b1aa476bfa589>:0 
  at Verse.GenTypes+<get_AllTypes>d__4.MoveNext () [0x0004a] in <81af9f8a18324e17b286924a43555a7c>:0  
(Filename: C:\buildslave\unity\build\Runtime/Export/Debug/Debug.bindings.h Line: 39)

Exception getting types in assembly AnimalJobs, Version=1.0.0.0, Culture=neutral, PublicKeyToken=null. Some types may not work correctly. Exception: System.Reflection.ReflectionTypeLoadException: Exception of type 'System.Reflection.ReflectionTypeLoadException' was thrown.
  at (wrapper managed-to-native) System.Reflection.Assembly.GetTypes(System.Reflection.Assembly,bool)
  at System.Reflection.Assembly.GetTypes () [0x00000] in <eae584ce26bc40229c1b1aa476bfa589>:0 
  at Verse.GenTypes+<get_AllTypes>d__4.MoveNext () [0x0004a] in <81af9f8a18324e17b286924a43555a7c>:0  
(Filename: C:\buildslave\unity\build\Runtime/Export/Debug/Debug.bindings.h Line: 39)

Error while generating pawn. Rethrowing. Exception: System.TypeInitializationException: The type initializer for 'Corruption.Psykers.HarmonyPatches' threw an exception. ---> System.Reflection.AmbiguousMatchException: Ambiguous match in Harmony patch for Verse.AI.Toils_Combat:FollowAndMeleeAttack ---> System.Reflection.AmbiguousMatchException: Ambiguous match found.
  at System.RuntimeType.GetMethodImpl (System.String name, System.Reflection.BindingFlags bindingAttr, System.Reflection.Binder binder, System.Reflection.CallingConventions callConv, System.Type[] types, System.Reflection.ParameterModifier[] modifiers) [0x00059] in <eae584ce26bc40229c1b1aa476bfa589>:0 
  at System.Type.GetMethod (System.String name, System.Reflection.BindingFlags bindingAttr) [0x0000e] in <eae584ce26bc40229c1b1aa476bfa589>:0 
  at HarmonyLib.AccessTools+<>c__DisplayClass27_0.<Method>b__0 (System.Type t) [0x00000] in <255414689d344b1385ae719f6cce8c55>:0 
  at HarmonyLib.AccessTools.FindIncludingBaseTypes[T] (System.Type type, System.Func`2[T,TResult] func) [0x00000] in <255414689d344b1385ae719f6cce8c55>:0 
  at HarmonyLib.AccessTools.Method (System.Type type, System.String name, System.Type[] parameters, System.Type[] generics) [0x0004b] in <255414689d344b1385ae719f6cce8c55>:0 
   --- End of inner exception stack trace ---
  at HarmonyLib.AccessTools.Method (System.Type type, System.String name, System.Type[] parameters, System.Type[] generics) [0x0008e] in <255414689d344b1385ae719f6cce8c55>:0 
  at Corruption.Psykers.HarmonyPatches..cctor () [0x000ec] in <ba418811faf84591a48cda54067f509c>:0 
   --- End of inner exception stack trace ---
  at (wrapper dynamic-method) RimWorld.Pawn_ApparelTracker.RimWorld.Pawn_ApparelTracker.Wear_Patch4(RimWorld.Pawn_ApparelTracker,RimWorld.Apparel,bool,bool)
  at (wrapper dynamic-method) RimWorld.PawnApparelGenerator+PossibleApparelSet.RimWorld.PawnApparelGenerator+PossibleApparelSet.GiveToPawn_Patch0(RimWorld.PawnApparelGenerator/PossibleApparelSet,Verse.Pawn)
  at (wrapper dynamic-method) RimWorld.PawnApparelGenerator.RimWorld.PawnApparelGenerator.GenerateStartingApparelFor_Patch5(Verse.Pawn,Verse.PawnGenerationRequest)
  at (wrapper dynamic-method) Verse.PawnGenerator.Verse.PawnGenerator.GenerateGearFor_Patch4(Verse.Pawn,Verse.PawnGenerationRequest)
  at (wrapper dynamic-method) Verse.PawnGenerator.Verse.PawnGenerator.TryGenerateNewPawnInternal_Patch3(Verse.PawnGenerationRequest&,string&,bool,bool)
  at (wrapper dynamic-method) Verse.PawnGenerator.Verse.PawnGenerator.GenerateNewPawnInternal_Patch2(Verse.PawnGenerationRequest&)
  at Verse.PawnGenerator.GenerateOrRedressPawnInternal (Verse.PawnGenerationRequest request) [0x00183] in <81af9f8a18324e17b286924a43555a7c>:0 
  at (wrapper dynamic-method) Verse.PawnGenerator.Verse.PawnGenerator.GeneratePawn_Patch12(Verse.PawnGenerationRequest) 
(Filename: C:\buildslave\unity\build\Runtime/Export/Debug/Debug.bindings.h Line: 39)

Error in WorldGenStep: System.TypeInitializationException: The type initializer for 'Corruption.Psykers.HarmonyPatches' threw an exception. ---> System.Reflection.AmbiguousMatchException: Ambiguous match in Harmony patch for Verse.AI.Toils_Combat:FollowAndMeleeAttack ---> System.Reflection.AmbiguousMatchException: Ambiguous match found.
  at System.RuntimeType.GetMethodImpl (System.String name, System.Reflection.BindingFlags bindingAttr, System.Reflection.Binder binder, System.Reflection.CallingConventions callConv, System.Type[] types, System.Reflection.ParameterModifier[] modifiers) [0x00059] in <eae584ce26bc40229c1b1aa476bfa589>:0 
  at System.Type.GetMethod (System.String name, System.Reflection.BindingFlags bindingAttr) [0x0000e] in <eae584ce26bc40229c1b1aa476bfa589>:0 
  at HarmonyLib.AccessTools+<>c__DisplayClass27_0.<Method>b__0 (System.Type t) [0x00000] in <255414689d344b1385ae719f6cce8c55>:0 
  at HarmonyLib.AccessTools.FindIncludingBaseTypes[T] (System.Type type, System.Func`2[T,TResult] func) [0x00000] in <255414689d344b1385ae719f6cce8c55>:0 
  at HarmonyLib.AccessTools.Method (System.Type type, System.String name, System.Type[] parameters, System.Type[] generics) [0x0004b] in <255414689d344b1385ae719f6cce8c55>:0 
   --- End of inner exception stack trace ---
  at HarmonyLib.AccessTools.Method (System.Type type, System.String name, System.Type[] parameters, System.Type[] generics) [0x0008e] in <255414689d344b1385ae719f6cce8c55>:0 
  at Corruption.Psykers.HarmonyPatches..cctor () [0x000ec] in <ba418811faf84591a48cda54067f509c>:0 
   --- End of inner exception stack trace ---
  at (wrapper dynamic-method) RimWorld.Pawn_ApparelTracker.RimWorld.Pawn_ApparelTracker.Wear_Patch4(RimWorld.Pawn_ApparelTracker,RimWorld.Apparel,bool,bool)
  at (wrapper dynamic-method) RimWorld.PawnApparelGenerator+PossibleApparelSet.RimWorld.PawnApparelGenerator+PossibleApparelSet.GiveToPawn_Patch0(RimWorld.PawnApparelGenerator/PossibleApparelSet,Verse.Pawn)
  at (wrapper dynamic-method) RimWorld.PawnApparelGenerator.RimWorld.PawnApparelGenerator.GenerateStartingApparelFor_Patch5(Verse.Pawn,Verse.PawnGenerationRequest)
  at (wrapper dynamic-method) Verse.PawnGenerator.Verse.PawnGenerator.GenerateGearFor_Patch4(Verse.Pawn,Verse.PawnGenerationRequest)
  at (wrapper dynamic-method) Verse.PawnGenerator.Verse.PawnGenerator.TryGenerateNewPawnInternal_Patch3(Verse.PawnGenerationRequest&,string&,bool,bool)
  at (wrapper dynamic-method) Verse.PawnGenerator.Verse.PawnGenerator.GenerateNewPawnInternal_Patch2(Verse.PawnGenerationRequest&)
  at Verse.PawnGenerator.GenerateOrRedressPawnInternal (Verse.PawnGenerationRequest request) [0x00183] in <81af9f8a18324e17b286924a43555a7c>:0 
  at (wrapper dynamic-method) Verse.PawnGenerator.Verse.PawnGenerator.GeneratePawn_Patch12(Verse.PawnGenerationRequest)
  at (wrapper dynamic-method) RimWorld.Faction.RimWorld.Faction.TryGenerateNewLeader_Patch1(RimWorld.Faction)
  at (wrapper dynamic-method) RimWorld.FactionGenerator.RimWorld.FactionGenerator.NewGeneratedFaction_Patch0(RimWorld.FactionGeneratorParms)
  at (wrapper dynamic-method) RimWorld.FactionGenerator.RimWorld.FactionGenerator.GenerateFactionsIntoWorld_Patch3(System.Collections.Generic.Dictionary`2<RimWorld.FactionDef, int>)
  at (wrapper dynamic-method) RimWorld.Planet.WorldGenStep_Factions.RimWorld.Planet.WorldGenStep_Factions.GenerateFresh_Patch2(RimWorld.Planet.WorldGenStep_Factions,string)
  at RimWorld.Planet.WorldGenerator.GenerateWorld (System.Single planetCoverage, System.String seedString, RimWorld.Planet.OverallRainfall overallRainfall, RimWorld.Planet.OverallTemperature overallTemperature, RimWorld.Planet.OverallPopulation population, System.Collections.Generic.Dictionary`2[TKey,TValue] factionCounts) [0x000fd] in <81af9f8a18324e17b286924a43555a7c>:0  
(Filename: C:\buildslave\unity\build\Runtime/Export/Debug/Debug.bindings.h Line: 39)

Achtung v3.4.4.0 Info: To make Achtung log some performance info, create an empty 'AchtungPerformance.txt' file in same directory as Player.log
Could not find player faction. 
(Filename: C:\buildslave\unity\build\Runtime/Export/Debug/Debug.bindings.h Line: 39)

